{"level":"info","message":"Quote for BINANCE:ETHUSDT: 3698.5","tag":"quote","timestamp":"2024-12-01T00:50:33.187Z"}
{"level":"info","message":"Quote for BINANCE:BTCUSDT: 96380.22","tag":"quote","timestamp":"2024-12-01T00:50:33.189Z"}
{"level":"info","message":"Quote for SPY: 602.55","tag":"quote","timestamp":"2024-12-01T00:50:33.190Z"}
{"level":"info","message":"Current price: 96380.22,3698.5,602.55","tag":"quote","timestamp":"2024-12-01T00:50:33.191Z"}
{"level":"info","message":"Quote for BINANCE:ETHUSDT: 3695.39","tag":"quote","timestamp":"2024-12-01T00:55:35.740Z"}
{"level":"info","message":"Quote for SPY: 602.55","tag":"quote","timestamp":"2024-12-01T00:55:35.744Z"}
{"level":"info","message":"Quote for BINANCE:BTCUSDT: 96405.76","tag":"quote","timestamp":"2024-12-01T00:55:35.767Z"}
{"level":"info","message":"Quote for BINANCE:BTCUSDT: 96424.69","tag":"quote","timestamp":"2024-12-01T00:56:21.441Z"}
{"level":"info","message":"Quote for SPY: 602.55","tag":"quote","timestamp":"2024-12-01T00:56:21.444Z"}
{"level":"info","message":"Quote for BINANCE:ETHUSDT: 3698.38","tag":"quote","timestamp":"2024-12-01T00:56:21.444Z"}
{"level":"info","message":"Quote for BINANCE:BTCUSDT: 96424.69","tag":"quote","timestamp":"2024-12-01T00:56:33.579Z"}
{"level":"info","message":"Quote for BINANCE:ETHUSDT: 3698.38","tag":"quote","timestamp":"2024-12-01T00:56:33.585Z"}
{"level":"info","message":"Quote for SPY: 602.55","tag":"quote","timestamp":"2024-12-01T00:56:33.586Z"}
{"level":"info","message":"Quote for BINANCE:BTCUSDT: 96368","tag":"quote","timestamp":"2024-12-01T00:57:20.077Z"}
{"level":"info","message":"Quote for BINANCE:ETHUSDT: 3694.21","tag":"quote","timestamp":"2024-12-01T00:57:20.080Z"}
{"level":"info","message":"Quote for SPY: 602.55","tag":"quote","timestamp":"2024-12-01T00:57:20.099Z"}
{"level":"info","message":"Quote for BINANCE:ETHUSDT: 3692","tag":"quote","timestamp":"2024-12-01T00:58:14.684Z"}
{"level":"info","message":"Quote for BINANCE:BTCUSDT: 96351.91","tag":"quote","timestamp":"2024-12-01T00:58:14.908Z"}
{"level":"info","message":"Quote for SPY: 602.55","tag":"quote","timestamp":"2024-12-01T00:58:14.947Z"}
{"level":"info","message":"Quote for BINANCE:ETHUSDT: 3694.64","tag":"quote","timestamp":"2024-12-01T00:58:21.336Z"}
{"level":"info","message":"Quote for BINANCE:BTCUSDT: 96351.91","tag":"quote","timestamp":"2024-12-01T00:58:21.339Z"}
{"level":"info","message":"Quote for SPY: 602.55","tag":"quote","timestamp":"2024-12-01T00:58:21.339Z"}
{"level":"info","message":"Quote for BINANCE:ETHUSDT: 3692.92","tag":"quote","timestamp":"2024-12-01T00:58:34.075Z"}
{"level":"info","message":"Quote for BINANCE:BTCUSDT: 96326.03","tag":"quote","timestamp":"2024-12-01T00:58:34.248Z"}
{"level":"info","message":"Quote for SPY: 602.55","tag":"quote","timestamp":"2024-12-01T00:58:34.273Z"}
{"level":"info","message":"Quote for BINANCE:BTCUSDT: 96299.96","tag":"quote","timestamp":"2024-12-01T00:59:19.173Z"}
{"level":"info","message":"Quote for BINANCE:ETHUSDT: 3689","tag":"quote","timestamp":"2024-12-01T00:59:19.177Z"}
{"level":"info","message":"Quote for SPY: 602.55","tag":"quote","timestamp":"2024-12-01T00:59:19.358Z"}
{"level":"info","message":"Quote for BINANCE:ETHUSDT: 3689","tag":"quote","timestamp":"2024-12-01T00:59:19.976Z"}
{"level":"info","message":"Quote for SPY: 602.55","tag":"quote","timestamp":"2024-12-01T00:59:19.976Z"}
{"level":"info","message":"Quote for BINANCE:BTCUSDT: 96299.96","tag":"quote","timestamp":"2024-12-01T00:59:19.977Z"}
{"level":"info","message":"Quote for BINANCE:ETHUSDT: 3688","tag":"quote","timestamp":"2024-12-01T00:59:51.167Z"}
{"level":"info","message":"Quote for SPY: 602.55","tag":"quote","timestamp":"2024-12-01T00:59:51.169Z"}
{"level":"info","message":"Quote for BINANCE:BTCUSDT: 96311.7","tag":"quote","timestamp":"2024-12-01T00:59:51.368Z"}
{"level":"info","message":"Quote for BINANCE:ETHUSDT: 3691.19","tag":"quote","timestamp":"2024-12-01T01:01:19.444Z"}
{"level":"info","message":"Quote for BINANCE:BTCUSDT: 96339.77","tag":"quote","timestamp":"2024-12-01T01:01:19.447Z"}
{"level":"info","message":"Quote for SPY: 602.55","tag":"quote","timestamp":"2024-12-01T01:01:19.619Z"}
{"level":"info","message":"Quote for BINANCE:ETHUSDT: 3691.19","tag":"quote","timestamp":"2024-12-01T01:01:23.152Z"}
{"level":"info","message":"Quote for BINANCE:BTCUSDT: 96339.77","tag":"quote","timestamp":"2024-12-01T01:01:23.155Z"}
{"level":"info","message":"Quote for SPY: 602.55","tag":"quote","timestamp":"2024-12-01T01:01:23.155Z"}
{"level":"info","message":"Quote for BINANCE:BTCUSDT: 96339.82","tag":"quote","timestamp":"2024-12-01T01:01:26.284Z"}
{"level":"info","message":"Quote for BINANCE:ETHUSDT: 3689.64","tag":"quote","timestamp":"2024-12-01T01:01:26.289Z"}
{"level":"info","message":"Quote for SPY: 602.55","tag":"quote","timestamp":"2024-12-01T01:01:26.491Z"}
{"level":"info","message":"Quote for SPY: 602.55","tag":"quote","timestamp":"2024-12-01T01:01:30.032Z"}
{"level":"info","message":"Quote for BINANCE:ETHUSDT: 3689.64","tag":"quote","timestamp":"2024-12-01T01:01:30.037Z"}
{"level":"info","message":"Quote for BINANCE:BTCUSDT: 96339.82","tag":"quote","timestamp":"2024-12-01T01:01:30.055Z"}
{"level":"info","message":"Quote for BINANCE:ETHUSDT: 3689.64","tag":"quote","timestamp":"2024-12-01T01:01:43.444Z"}
{"level":"info","message":"Quote for SPY: 602.55","tag":"quote","timestamp":"2024-12-01T01:01:43.628Z"}
{"level":"info","message":"Quote for BINANCE:BTCUSDT: 96339.82","tag":"quote","timestamp":"2024-12-01T01:01:43.628Z"}
{"level":"info","message":"Quote for SPY: 602.55","tag":"quote","timestamp":"2024-12-01T01:02:14.948Z"}
{"level":"info","message":"Quote for BINANCE:ETHUSDT: 3693.62","tag":"quote","timestamp":"2024-12-01T01:02:14.950Z"}
{"level":"info","message":"Quote for BINANCE:BTCUSDT: 96390.14","tag":"quote","timestamp":"2024-12-01T01:02:15.112Z"}
{"level":"info","message":"Quote for BINANCE:ETHUSDT: 3691.28","tag":"quote","timestamp":"2024-12-01T01:02:52.236Z"}
{"level":"info","message":"Quote for BINANCE:BTCUSDT: 96389.23","tag":"quote","timestamp":"2024-12-01T01:02:52.240Z"}
{"level":"info","message":"Quote for SPY: 602.55","tag":"quote","timestamp":"2024-12-01T01:02:52.459Z"}
{"level":"info","message":"Quote for BINANCE:BTCUSDT: 96350","tag":"quote","timestamp":"2024-12-01T01:03:05.560Z"}
{"level":"info","message":"Quote for BINANCE:ETHUSDT: 3690.56","tag":"quote","timestamp":"2024-12-01T01:03:05.563Z"}
{"level":"info","message":"Quote for SPY: 602.55","tag":"quote","timestamp":"2024-12-01T01:03:05.564Z"}
{"level":"info","message":"Quote for BINANCE:BTCUSDT: 96350","tag":"quote","timestamp":"2024-12-01T01:03:07.867Z"}
{"level":"info","message":"Quote for BINANCE:ETHUSDT: 3690.56","tag":"quote","timestamp":"2024-12-01T01:03:07.877Z"}
{"level":"info","message":"Quote for SPY: 602.55","tag":"quote","timestamp":"2024-12-01T01:03:07.879Z"}
{"level":"info","message":"Quote for SPY: 602.55","tag":"quote","timestamp":"2024-12-01T01:03:45.077Z"}
{"level":"info","message":"Quote for BINANCE:BTCUSDT: 96366.79","tag":"quote","timestamp":"2024-12-01T01:03:45.080Z"}
{"level":"info","message":"Quote for BINANCE:ETHUSDT: 3692.86","tag":"quote","timestamp":"2024-12-01T01:03:45.315Z"}
{"level":"info","message":"Quote for BINANCE:BTCUSDT: 96366.79","tag":"quote","timestamp":"2024-12-01T01:03:50.848Z"}
{"level":"info","message":"Quote for SPY: 602.55","tag":"quote","timestamp":"2024-12-01T01:03:50.852Z"}
{"level":"info","message":"Quote for BINANCE:ETHUSDT: 3692.86","tag":"quote","timestamp":"2024-12-01T01:03:50.853Z"}
{"level":"info","message":"Quote for SPY: 602.55","tag":"quote","timestamp":"2024-12-01T01:04:05.276Z"}
{"level":"info","message":"Quote for BINANCE:ETHUSDT: 3692.01","tag":"quote","timestamp":"2024-12-01T01:04:05.416Z"}
{"level":"info","message":"Quote for BINANCE:BTCUSDT: 96343.65","tag":"quote","timestamp":"2024-12-01T01:04:05.464Z"}
{"level":"info","message":"Quote for SPY: 602.55","tag":"quote","timestamp":"2024-12-01T01:04:15.898Z"}
{"level":"info","message":"Quote for BINANCE:ETHUSDT: 3692.01","tag":"quote","timestamp":"2024-12-01T01:04:15.902Z"}
{"level":"info","message":"Quote for BINANCE:BTCUSDT: 96343.65","tag":"quote","timestamp":"2024-12-01T01:04:16.135Z"}
{"level":"info","message":"Quote for BINANCE:BTCUSDT: 96175.98","tag":"quote","timestamp":"2024-12-01T01:04:46.779Z"}
{"level":"info","message":"Quote for SPY: 602.55","tag":"quote","timestamp":"2024-12-01T01:04:46.784Z"}
{"level":"info","message":"Quote for BINANCE:ETHUSDT: 3683.66","tag":"quote","timestamp":"2024-12-01T01:04:47.161Z"}
{"level":"info","message":"Quote for BINANCE:BTCUSDT: 96171.62","tag":"quote","timestamp":"2024-12-01T01:05:07.128Z"}
{"level":"info","message":"Quote for BINANCE:ETHUSDT: 3681.98","tag":"quote","timestamp":"2024-12-01T01:05:07.131Z"}
{"level":"info","message":"Quote for SPY: 602.55","tag":"quote","timestamp":"2024-12-01T01:05:07.131Z"}
{"level":"info","message":"Quote for BINANCE:BTCUSDT: 96171.62","tag":"quote","timestamp":"2024-12-01T01:05:08.761Z"}
{"level":"info","message":"Quote for BINANCE:ETHUSDT: 3681.98","tag":"quote","timestamp":"2024-12-01T01:05:08.764Z"}
{"level":"info","message":"Quote for SPY: 602.55","tag":"quote","timestamp":"2024-12-01T01:05:08.950Z"}
{"level":"info","message":"Quote for BINANCE:ETHUSDT: 3684.93","tag":"quote","timestamp":"2024-12-01T01:05:17.931Z"}
{"level":"info","message":"Quote for BINANCE:BTCUSDT: 96178.88","tag":"quote","timestamp":"2024-12-01T01:05:17.935Z"}
{"level":"info","message":"Quote for SPY: 602.55","tag":"quote","timestamp":"2024-12-01T01:05:17.936Z"}
{"level":"info","message":"Quote for SPY: 602.55","tag":"quote","timestamp":"2024-12-01T01:05:32.591Z"}
{"level":"info","message":"Quote for BINANCE:BTCUSDT: 96178.88","tag":"quote","timestamp":"2024-12-01T01:05:32.737Z"}
{"level":"info","message":"Quote for BINANCE:ETHUSDT: 3684.93","tag":"quote","timestamp":"2024-12-01T01:05:32.755Z"}
{"level":"info","message":"Quote for BINANCE:BTCUSDT: 96156","tag":"quote","timestamp":"2024-12-01T01:06:22.892Z"}
{"level":"info","message":"Quote for BINANCE:ETHUSDT: 3680.63","tag":"quote","timestamp":"2024-12-01T01:06:22.895Z"}
{"level":"info","message":"Quote for SPY: 602.55","tag":"quote","timestamp":"2024-12-01T01:06:22.896Z"}
{"level":"info","message":"Quote for BINANCE:BTCUSDT: 96171.69","tag":"quote","timestamp":"2024-12-01T01:06:31.918Z"}
{"level":"info","message":"Quote for BINANCE:ETHUSDT: 3680.51","tag":"quote","timestamp":"2024-12-01T01:06:32.129Z"}
{"level":"info","message":"Quote for SPY: 602.55","tag":"quote","timestamp":"2024-12-01T01:06:32.135Z"}
{"level":"info","message":"Quote for BINANCE:ETHUSDT: 3680.51","tag":"quote","timestamp":"2024-12-01T01:06:48.307Z"}
{"level":"info","message":"Quote for BINANCE:BTCUSDT: 96171.69","tag":"quote","timestamp":"2024-12-01T01:06:48.311Z"}
{"level":"info","message":"Quote for SPY: 602.55","tag":"quote","timestamp":"2024-12-01T01:06:48.316Z"}
{"level":"info","message":"Quote for BINANCE:BTCUSDT: 96195.62","tag":"quote","timestamp":"2024-12-01T01:07:06.858Z"}
{"level":"info","message":"Quote for SPY: 602.55","tag":"quote","timestamp":"2024-12-01T01:07:06.875Z"}
{"level":"info","message":"Quote for BINANCE:ETHUSDT: 3681.58","tag":"quote","timestamp":"2024-12-01T01:07:06.881Z"}
{"level":"info","message":"Quote for SPY: 602.55","tag":"quote","timestamp":"2024-12-01T01:07:10.891Z"}
{"level":"info","message":"Quote for BINANCE:BTCUSDT: 96162.01","tag":"quote","timestamp":"2024-12-01T01:07:10.895Z"}
{"level":"info","message":"Quote for BINANCE:ETHUSDT: 3677","tag":"quote","timestamp":"2024-12-01T01:07:10.895Z"}
{"level":"info","message":"Quote for SPY: 602.55","tag":"quote","timestamp":"2024-12-01T01:07:19.887Z"}
{"level":"info","message":"Quote for BINANCE:ETHUSDT: 3677","tag":"quote","timestamp":"2024-12-01T01:07:20.078Z"}
{"level":"info","message":"Quote for BINANCE:BTCUSDT: 96162.01","tag":"quote","timestamp":"2024-12-01T01:07:20.079Z"}
{"level":"info","message":"Quote for SPY: 602.55","tag":"quote","timestamp":"2024-12-01T01:07:37.460Z"}
{"level":"info","message":"Quote for BINANCE:BTCUSDT: 96164.35","tag":"quote","timestamp":"2024-12-01T01:07:37.603Z"}
{"level":"info","message":"Quote for BINANCE:ETHUSDT: 3678.1","tag":"quote","timestamp":"2024-12-01T01:07:37.642Z"}
{"level":"info","message":"Quote for BINANCE:ETHUSDT: 3678.1","tag":"quote","timestamp":"2024-12-01T01:07:40.647Z"}
{"level":"info","message":"Quote for SPY: 602.55","tag":"quote","timestamp":"2024-12-01T01:07:40.650Z"}
{"level":"info","message":"Quote for BINANCE:BTCUSDT: 96164.35","tag":"quote","timestamp":"2024-12-01T01:07:40.842Z"}
{"level":"info","message":"Quote for SPY: 602.55","tag":"quote","timestamp":"2024-12-01T01:08:32.310Z"}
{"level":"info","message":"Quote for BINANCE:ETHUSDT: 3686.48","tag":"quote","timestamp":"2024-12-01T01:08:32.313Z"}
{"level":"info","message":"Quote for BINANCE:BTCUSDT: 96223.98","tag":"quote","timestamp":"2024-12-01T01:08:32.571Z"}
{"level":"info","message":"Quote for SPY: 602.55","tag":"quote","timestamp":"2024-12-01T01:08:57.378Z"}
{"level":"info","message":"Quote for BINANCE:BTCUSDT: 96226.25","tag":"quote","timestamp":"2024-12-01T01:08:57.382Z"}
{"level":"info","message":"Quote for BINANCE:ETHUSDT: 3687.5","tag":"quote","timestamp":"2024-12-01T01:08:57.383Z"}
{"level":"info","message":"Quote for BINANCE:BTCUSDT: 96232.97","tag":"quote","timestamp":"2024-12-01T01:13:59.711Z"}
{"level":"info","message":"Quote for BINANCE:ETHUSDT: 3681.27","tag":"quote","timestamp":"2024-12-01T01:13:59.948Z"}
{"level":"info","message":"Quote for SPY: 602.55","tag":"quote","timestamp":"2024-12-01T01:14:00.615Z"}
{"level":"info","message":"Quote for BINANCE:ETHUSDT: 3677.3","tag":"quote","timestamp":"2024-12-01T01:18:58.922Z"}
{"level":"info","message":"Quote for SPY: 602.55","tag":"quote","timestamp":"2024-12-01T01:18:58.926Z"}
{"level":"info","message":"Quote for BINANCE:BTCUSDT: 96179.83","tag":"quote","timestamp":"2024-12-01T01:18:58.932Z"}
{"level":"info","message":"Quote for BINANCE:ETHUSDT: 3686.48","tag":"quote","timestamp":"2024-12-01T01:23:58.979Z"}
{"level":"info","message":"Quote for SPY: 602.55","tag":"quote","timestamp":"2024-12-01T01:23:58.980Z"}
{"level":"info","message":"Quote for BINANCE:BTCUSDT: 96414.48","tag":"quote","timestamp":"2024-12-01T01:23:59.178Z"}
{"level":"info","message":"Quote for BINANCE:BTCUSDT: 96444.46","tag":"quote","timestamp":"2024-12-01T01:28:58.923Z"}
{"level":"info","message":"Quote for SPY: 602.55","tag":"quote","timestamp":"2024-12-01T01:28:58.926Z"}
{"level":"info","message":"Quote for BINANCE:ETHUSDT: 3692.87","tag":"quote","timestamp":"2024-12-01T01:28:59.122Z"}
{"level":"error","message":"Error fetching game state for user undefined: JSON object requested, multiple (or no) rows returned","tag":"database","timestamp":"2024-12-01T01:29:27.493Z"}
{"level":"error","message":"Error fetching game state for user undefined: JSON object requested, multiple (or no) rows returned","tag":"database","timestamp":"2024-12-01T01:31:35.957Z"}
{"level":"info","message":"Quote for BINANCE:ETHUSDT: 3693.19","tag":"quote","timestamp":"2024-12-01T01:31:55.944Z"}
{"level":"info","message":"Quote for SPY: 602.55","tag":"quote","timestamp":"2024-12-01T01:31:55.949Z"}
{"level":"info","message":"Quote for BINANCE:BTCUSDT: 96442.82","tag":"quote","timestamp":"2024-12-01T01:31:56.126Z"}
{"level":"error","message":"Error fetching game state for user undefined: JSON object requested, multiple (or no) rows returned","tag":"database","timestamp":"2024-12-01T01:31:56.525Z"}
{"level":"info","message":"Quote for BINANCE:BTCUSDT: 96449.38","tag":"quote","timestamp":"2024-12-01T01:32:17.061Z"}
{"level":"info","message":"Quote for BINANCE:ETHUSDT: 3692.56","tag":"quote","timestamp":"2024-12-01T01:32:17.249Z"}
{"level":"info","message":"Quote for SPY: 602.55","tag":"quote","timestamp":"2024-12-01T01:32:17.250Z"}
{"level":"info","message":"Quote for BINANCE:ETHUSDT: 3692.56","tag":"quote","timestamp":"2024-12-01T01:32:20.949Z"}
{"level":"info","message":"Quote for SPY: 602.55","tag":"quote","timestamp":"2024-12-01T01:32:21.139Z"}
{"level":"info","message":"Quote for BINANCE:BTCUSDT: 96449.38","tag":"quote","timestamp":"2024-12-01T01:32:21.140Z"}
{"level":"error","message":"Error updating game state for user undefined: Could not find the 'game_state' column of 'game_states' in the schema cache","tag":"database","timestamp":"2024-12-01T01:33:21.647Z"}
{"level":"info","message":"Quote for BINANCE:ETHUSDT: 3696.39","tag":"quote","timestamp":"2024-12-01T01:34:19.024Z"}
{"level":"info","message":"Quote for SPY: 602.55","tag":"quote","timestamp":"2024-12-01T01:34:19.027Z"}
{"level":"info","message":"Quote for BINANCE:BTCUSDT: 96487.61","tag":"quote","timestamp":"2024-12-01T01:34:19.029Z"}
{"level":"info","message":"Quote for BINANCE:BTCUSDT: 96487.6","tag":"quote","timestamp":"2024-12-01T01:34:28.346Z"}
{"level":"info","message":"Quote for BINANCE:ETHUSDT: 3697.03","tag":"quote","timestamp":"2024-12-01T01:34:28.537Z"}
{"level":"info","message":"Quote for SPY: 602.55","tag":"quote","timestamp":"2024-12-01T01:34:28.562Z"}
{"level":"info","message":"Quote for SPY: 602.55","tag":"quote","timestamp":"2024-12-01T01:36:42.552Z"}
{"level":"info","message":"Quote for BINANCE:BTCUSDT: 96499.7","tag":"quote","timestamp":"2024-12-01T01:36:42.555Z"}
{"level":"info","message":"Quote for BINANCE:ETHUSDT: 3700.38","tag":"quote","timestamp":"2024-12-01T01:36:42.745Z"}
{"level":"info","message":"Quote for BINANCE:BTCUSDT: 96499.7","tag":"quote","timestamp":"2024-12-01T01:37:00.086Z"}
{"level":"info","message":"Quote for SPY: 602.55","tag":"quote","timestamp":"2024-12-01T01:37:00.090Z"}
{"level":"info","message":"Quote for BINANCE:ETHUSDT: 3700.84","tag":"quote","timestamp":"2024-12-01T01:37:00.266Z"}
{"level":"info","message":"Quote for BINANCE:BTCUSDT: 96411.01","tag":"quote","timestamp":"2024-12-01T01:40:29.699Z"}
{"level":"info","message":"Quote for BINANCE:ETHUSDT: 3698.2","tag":"quote","timestamp":"2024-12-01T01:40:29.883Z"}
{"level":"info","message":"Quote for SPY: 602.55","tag":"quote","timestamp":"2024-12-01T01:40:29.884Z"}
{"level":"info","message":"Quote for BINANCE:BTCUSDT: 96454.11","tag":"quote","timestamp":"2024-12-01T01:44:44.651Z"}
{"level":"info","message":"Quote for SPY: 602.55","tag":"quote","timestamp":"2024-12-01T01:44:44.654Z"}
{"level":"info","message":"Quote for BINANCE:ETHUSDT: 3706.02","tag":"quote","timestamp":"2024-12-01T01:44:44.877Z"}
{"level":"info","message":"Quote for BINANCE:ETHUSDT: 3723.5","tag":"quote","timestamp":"2024-12-01T01:49:39.713Z"}
{"level":"info","message":"Quote for BINANCE:BTCUSDT: 96368.2","tag":"quote","timestamp":"2024-12-01T01:49:39.835Z"}
{"level":"info","message":"Quote for SPY: 602.55","tag":"quote","timestamp":"2024-12-01T01:49:39.855Z"}
{"level":"info","message":"Quote for BINANCE:BTCUSDT: 96187.14","tag":"quote","timestamp":"2024-12-01T01:54:40.808Z"}
{"level":"info","message":"Quote for SPY: 602.55","tag":"quote","timestamp":"2024-12-01T01:54:40.835Z"}
{"level":"info","message":"Quote for BINANCE:ETHUSDT: 3717.2","tag":"quote","timestamp":"2024-12-01T01:54:41.049Z"}
{"level":"info","message":"Quote for BINANCE:ETHUSDT: 3717.2","tag":"quote","timestamp":"2024-12-01T01:54:50.828Z"}
{"level":"info","message":"Quote for BINANCE:BTCUSDT: 96187.14","tag":"quote","timestamp":"2024-12-01T01:54:50.830Z"}
{"level":"info","message":"Quote for SPY: 602.55","tag":"quote","timestamp":"2024-12-01T01:54:50.991Z"}
{"level":"info","message":"Quote for BINANCE:BTCUSDT: 96100","tag":"quote","timestamp":"2024-12-01T01:59:51.952Z"}
{"level":"info","message":"Quote for SPY: 602.55","tag":"quote","timestamp":"2024-12-01T01:59:52.135Z"}
{"level":"info","message":"Quote for BINANCE:ETHUSDT: 3708.4","tag":"quote","timestamp":"2024-12-01T01:59:52.136Z"}
{"level":"info","message":"Quote for BINANCE:ETHUSDT: 3704.22","tag":"quote","timestamp":"2024-12-01T02:04:51.848Z"}
{"level":"info","message":"Quote for SPY: 602.55","tag":"quote","timestamp":"2024-12-01T02:04:51.849Z"}
{"level":"info","message":"Quote for BINANCE:BTCUSDT: 96141.5","tag":"quote","timestamp":"2024-12-01T02:04:51.849Z"}
{"level":"info","message":"Quote for BINANCE:ETHUSDT: 3700.79","tag":"quote","timestamp":"2024-12-01T02:09:51.879Z"}
{"level":"info","message":"Quote for BINANCE:BTCUSDT: 96156","tag":"quote","timestamp":"2024-12-01T02:09:51.881Z"}
{"level":"info","message":"Quote for SPY: 602.55","tag":"quote","timestamp":"2024-12-01T02:09:52.077Z"}
{"level":"info","message":"Quote for BINANCE:ETHUSDT: 3702.02","tag":"quote","timestamp":"2024-12-01T02:14:51.941Z"}
{"level":"info","message":"Quote for SPY: 602.55","tag":"quote","timestamp":"2024-12-01T02:14:51.942Z"}
{"level":"info","message":"Quote for BINANCE:BTCUSDT: 96209.35","tag":"quote","timestamp":"2024-12-01T02:14:52.155Z"}
{"level":"info","message":"Quote for BINANCE:BTCUSDT: 97095.24","tag":"quote","timestamp":"2024-12-01T12:07:41.512Z"}
{"level":"info","message":"Quote for SPY: 602.55","tag":"quote","timestamp":"2024-12-01T12:07:41.514Z"}
{"level":"info","message":"Quote for BINANCE:ETHUSDT: 3690.4","tag":"quote","timestamp":"2024-12-01T12:07:41.515Z"}
{"level":"info","message":"Quote for BINANCE:BTCUSDT: 97054.06","tag":"quote","timestamp":"2024-12-01T12:12:46.730Z"}
{"level":"info","message":"Quote for BINANCE:ETHUSDT: 3690.18","tag":"quote","timestamp":"2024-12-01T12:12:46.953Z"}
{"level":"info","message":"Quote for SPY: 602.55","tag":"quote","timestamp":"2024-12-01T12:12:48.808Z"}
{"level":"info","message":"Quote for BINANCE:ETHUSDT: 3687.53","tag":"quote","timestamp":"2024-12-01T12:17:46.469Z"}
{"level":"info","message":"Quote for SPY: 602.55","tag":"quote","timestamp":"2024-12-01T12:17:46.511Z"}
{"level":"info","message":"Quote for BINANCE:BTCUSDT: 97029.78","tag":"quote","timestamp":"2024-12-01T12:17:47.685Z"}
{"level":"info","message":"Quote for BINANCE:BTCUSDT: 96954.6","tag":"quote","timestamp":"2024-12-01T12:22:46.510Z"}
{"level":"info","message":"Quote for SPY: 602.55","tag":"quote","timestamp":"2024-12-01T12:22:46.511Z"}
{"level":"info","message":"Quote for BINANCE:ETHUSDT: 3688.81","tag":"quote","timestamp":"2024-12-01T12:22:46.588Z"}
{"level":"info","message":"Quote for BINANCE:BTCUSDT: 96990.98","tag":"quote","timestamp":"2024-12-01T12:27:45.662Z"}
{"level":"info","message":"Quote for SPY: 602.55","tag":"quote","timestamp":"2024-12-01T12:27:45.670Z"}
{"level":"info","message":"Quote for BINANCE:ETHUSDT: 3689.63","tag":"quote","timestamp":"2024-12-01T12:27:45.670Z"}
{"level":"info","message":"Quote for SPY: 602.55","tag":"quote","timestamp":"2024-12-01T12:32:45.839Z"}
{"level":"info","message":"Quote for BINANCE:BTCUSDT: 96899.73","tag":"quote","timestamp":"2024-12-01T12:32:45.840Z"}
{"level":"info","message":"Quote for BINANCE:ETHUSDT: 3683.99","tag":"quote","timestamp":"2024-12-01T12:32:46.620Z"}
{"level":"info","message":"Quote for BINANCE:ETHUSDT: 3683.46","tag":"quote","timestamp":"2024-12-01T12:37:46.263Z"}
{"level":"info","message":"Quote for BINANCE:BTCUSDT: 96946.93","tag":"quote","timestamp":"2024-12-01T12:37:46.299Z"}
{"level":"info","message":"Quote for SPY: 602.55","tag":"quote","timestamp":"2024-12-01T12:37:46.489Z"}
{"level":"info","message":"Quote for BINANCE:BTCUSDT: 96910.11","tag":"quote","timestamp":"2024-12-01T12:42:46.284Z"}
{"level":"info","message":"Quote for SPY: 602.55","tag":"quote","timestamp":"2024-12-01T12:42:46.520Z"}
{"level":"info","message":"Quote for BINANCE:ETHUSDT: 3686.88","tag":"quote","timestamp":"2024-12-01T12:42:48.212Z"}
{"level":"info","message":"Quote for SPY: 602.55","tag":"quote","timestamp":"2024-12-01T12:47:46.518Z"}
{"level":"info","message":"Quote for BINANCE:BTCUSDT: 96938.15","tag":"quote","timestamp":"2024-12-01T12:47:46.518Z"}
{"level":"info","message":"Quote for BINANCE:ETHUSDT: 3687.23","tag":"quote","timestamp":"2024-12-01T12:47:46.518Z"}
{"level":"info","message":"Quote for SPY: 602.55","tag":"quote","timestamp":"2024-12-01T12:52:47.503Z"}
{"level":"info","message":"Quote for BINANCE:ETHUSDT: 3683.12","tag":"quote","timestamp":"2024-12-01T12:52:47.557Z"}
{"level":"info","message":"Quote for BINANCE:BTCUSDT: 96853.51","tag":"quote","timestamp":"2024-12-01T12:52:47.567Z"}
{"level":"info","message":"Quote for SPY: 602.55","tag":"quote","timestamp":"2024-12-01T12:57:45.879Z"}
{"level":"info","message":"Quote for BINANCE:BTCUSDT: 96824.97","tag":"quote","timestamp":"2024-12-01T12:57:45.880Z"}
{"level":"info","message":"Quote for BINANCE:ETHUSDT: 3685.59","tag":"quote","timestamp":"2024-12-01T12:57:46.203Z"}
{"level":"info","message":"Quote for SPY: 602.55","tag":"quote","timestamp":"2024-12-01T13:02:45.669Z"}
{"level":"info","message":"Quote for BINANCE:BTCUSDT: 96681.91","tag":"quote","timestamp":"2024-12-01T13:02:45.737Z"}
{"level":"info","message":"Quote for BINANCE:ETHUSDT: 3682.51","tag":"quote","timestamp":"2024-12-01T13:02:46.496Z"}
{"level":"info","message":"Quote for BINANCE:ETHUSDT: 3687.91","tag":"quote","timestamp":"2024-12-01T13:07:45.603Z"}
{"level":"info","message":"Quote for BINANCE:BTCUSDT: 96936.52","tag":"quote","timestamp":"2024-12-01T13:07:45.674Z"}
{"level":"info","message":"Quote for SPY: 602.55","tag":"quote","timestamp":"2024-12-01T13:07:45.958Z"}
{"level":"info","message":"Quote for BINANCE:BTCUSDT: 96987.98","tag":"quote","timestamp":"2024-12-01T13:12:46.360Z"}
{"level":"info","message":"Quote for BINANCE:ETHUSDT: 3694.45","tag":"quote","timestamp":"2024-12-01T13:12:46.370Z"}
{"level":"info","message":"Quote for SPY: 602.55","tag":"quote","timestamp":"2024-12-01T13:12:46.373Z"}
{"level":"info","message":"Quote for BINANCE:ETHUSDT: 3702.99","tag":"quote","timestamp":"2024-12-01T13:17:45.882Z"}
{"level":"info","message":"Quote for BINANCE:BTCUSDT: 97099.99","tag":"quote","timestamp":"2024-12-01T13:17:45.907Z"}
{"level":"info","message":"Quote for SPY: 602.55","tag":"quote","timestamp":"2024-12-01T13:17:45.910Z"}
{"level":"info","message":"Quote for BINANCE:ETHUSDT: 3702.15","tag":"quote","timestamp":"2024-12-01T13:22:47.123Z"}
{"level":"info","message":"Quote for SPY: 602.55","tag":"quote","timestamp":"2024-12-01T13:22:47.210Z"}
{"level":"info","message":"Quote for BINANCE:BTCUSDT: 97267.98","tag":"quote","timestamp":"2024-12-01T13:22:47.255Z"}
{"level":"info","message":"Quote for SPY: 602.55","tag":"quote","timestamp":"2024-12-01T13:27:46.913Z"}
{"level":"info","message":"Quote for BINANCE:ETHUSDT: 3703.48","tag":"quote","timestamp":"2024-12-01T13:27:46.938Z"}
{"level":"info","message":"Quote for BINANCE:BTCUSDT: 97300","tag":"quote","timestamp":"2024-12-01T13:27:46.944Z"}
{"level":"info","message":"Quote for SPY: 602.55","tag":"quote","timestamp":"2024-12-01T13:32:47.424Z"}
{"level":"info","message":"Quote for BINANCE:ETHUSDT: 3699.41","tag":"quote","timestamp":"2024-12-01T13:32:47.951Z"}
{"level":"info","message":"Quote for BINANCE:BTCUSDT: 97230.01","tag":"quote","timestamp":"2024-12-01T13:32:49.871Z"}
{"level":"info","message":"Quote for BINANCE:BTCUSDT: 97222.57","tag":"quote","timestamp":"2024-12-01T13:37:48.885Z"}
{"level":"info","message":"Quote for SPY: 602.55","tag":"quote","timestamp":"2024-12-01T13:37:48.990Z"}
{"level":"info","message":"Quote for BINANCE:ETHUSDT: 3700.8","tag":"quote","timestamp":"2024-12-01T13:37:49.154Z"}
{"level":"info","message":"Quote for BINANCE:ETHUSDT: 3280","tag":"quote","timestamp":"2025-01-11T15:06:42.141Z"}
{"level":"info","message":"Quote for SPY: 580.49","tag":"quote","timestamp":"2025-01-11T15:06:42.143Z"}
{"level":"info","message":"Quote for BINANCE:BTCUSDT: 94605.88","tag":"quote","timestamp":"2025-01-11T15:06:42.144Z"}
{"level":"info","message":"Quote for SPY: 580.49","tag":"quote","timestamp":"2025-01-11T15:11:43.361Z"}
{"level":"info","message":"Quote for BINANCE:BTCUSDT: 94550.41","tag":"quote","timestamp":"2025-01-11T15:11:43.378Z"}
{"level":"info","message":"Quote for BINANCE:ETHUSDT: 3275.64","tag":"quote","timestamp":"2025-01-11T15:11:43.381Z"}
{"level":"info","message":"Quote for BINANCE:ETHUSDT: 3271.52","tag":"quote","timestamp":"2025-01-11T15:15:14.116Z"}
{"level":"info","message":"Quote for BINANCE:BTCUSDT: 94493.2","tag":"quote","timestamp":"2025-01-11T15:15:14.118Z"}
{"level":"info","message":"Quote for SPY: 580.49","tag":"quote","timestamp":"2025-01-11T15:15:14.120Z"}
{"level":"info","message":"Quote for BINANCE:BTCUSDT: 94451.71","tag":"quote","timestamp":"2025-01-11T15:18:24.117Z"}
{"level":"info","message":"Quote for SPY: 580.49","tag":"quote","timestamp":"2025-01-11T15:18:24.120Z"}
{"level":"info","message":"Quote for BINANCE:ETHUSDT: 3270.32","tag":"quote","timestamp":"2025-01-11T15:18:24.121Z"}
{"level":"info","message":"Quote for SPY: 580.49","tag":"quote","timestamp":"2025-01-11T15:23:24.487Z"}
{"level":"info","message":"Quote for BINANCE:BTCUSDT: 94449.93","tag":"quote","timestamp":"2025-01-11T15:23:24.488Z"}
{"level":"info","message":"Quote for BINANCE:ETHUSDT: 3270.6","tag":"quote","timestamp":"2025-01-11T15:23:24.494Z"}
{"level":"info","message":"Quote for SPY: 580.49","tag":"quote","timestamp":"2025-01-11T20:20:18.127Z"}
{"level":"info","message":"Quote for BINANCE:ETHUSDT: 3281.84","tag":"quote","timestamp":"2025-01-11T20:20:18.130Z"}
{"level":"info","message":"Quote for BINANCE:BTCUSDT: 94299.99","tag":"quote","timestamp":"2025-01-11T20:20:18.131Z"}
{"level":"info","message":"Quote for SPY: 580.49","tag":"quote","timestamp":"2025-01-11T20:20:21.486Z"}
{"level":"info","message":"Quote for BINANCE:BTCUSDT: 94338.78","tag":"quote","timestamp":"2025-01-11T20:20:21.490Z"}
{"level":"info","message":"Quote for BINANCE:ETHUSDT: 3282.3","tag":"quote","timestamp":"2025-01-11T20:20:21.491Z"}
{"level":"error","message":"Error interacting with contract: ENOENT: no such file or directory, open 'F:\\projets\\CryptoHunter-NFT\\idle-mammouth\\mammouth-ts\\backend\\gmoth.json'","tag":"contract","timestamp":"2025-01-11T20:20:43.827Z"}
{"level":"info","message":"Quote for BINANCE:BTCUSDT: 94315.77","tag":"quote","timestamp":"2025-01-11T20:21:01.805Z"}
{"level":"info","message":"Quote for BINANCE:ETHUSDT: 3281.01","tag":"quote","timestamp":"2025-01-11T20:21:01.811Z"}
{"level":"info","message":"Quote for SPY: 580.49","tag":"quote","timestamp":"2025-01-11T20:21:01.812Z"}
{"level":"error","message":"Error interacting with contract: ENOENT: no such file or directory, open 'F:\\projets\\CryptoHunter-NFT\\idle-mammouth\\mammouth-ts\\backend\\utils\\gmoth.json'","tag":"contract","timestamp":"2025-01-11T20:21:04.158Z"}
{"level":"info","message":"Quote for BINANCE:ETHUSDT: 3282.61","tag":"quote","timestamp":"2025-01-11T20:26:02.148Z"}
{"level":"info","message":"Quote for SPY: 580.49","tag":"quote","timestamp":"2025-01-11T20:26:02.150Z"}
{"level":"info","message":"Quote for BINANCE:BTCUSDT: 94326.51","tag":"quote","timestamp":"2025-01-11T20:26:02.153Z"}
{"level":"error","message":"Error interacting with contract: ENOENT: no such file or directory, open 'F:\\projets\\CryptoHunter-NFT\\idle-mammouth\\mammouth-ts\\backend\\utils\\gmoth.json'","tag":"contract","timestamp":"2025-01-11T20:27:52.730Z"}
{"level":"error","message":"Error interacting with contract: ENOENT: no such file or directory, open 'F:\\projets\\CryptoHunter-NFT\\idle-mammouth\\mammouth-ts\\backend\\utils\\gmoth.json'","tag":"contract","timestamp":"2025-01-11T20:27:54.375Z"}
{"level":"error","message":"Error interacting with contract: ENOENT: no such file or directory, open 'F:\\projets\\CryptoHunter-NFT\\idle-mammouth\\mammouth-ts\\backend\\utils\\gmoth.json'","tag":"contract","timestamp":"2025-01-11T20:27:54.548Z"}
{"level":"error","message":"Error interacting with contract: ENOENT: no such file or directory, open 'F:\\projets\\CryptoHunter-NFT\\idle-mammouth\\mammouth-ts\\backend\\utils\\gmoth.json'","tag":"contract","timestamp":"2025-01-11T20:27:54.728Z"}
{"level":"error","message":"Error interacting with contract: ENOENT: no such file or directory, open 'F:\\projets\\CryptoHunter-NFT\\idle-mammouth\\mammouth-ts\\backend\\utils\\gmoth.json'","tag":"contract","timestamp":"2025-01-11T20:27:54.900Z"}
{"level":"error","message":"Error interacting with contract: ENOENT: no such file or directory, open 'F:\\projets\\CryptoHunter-NFT\\idle-mammouth\\mammouth-ts\\backend\\utils\\gmoth.json'","tag":"contract","timestamp":"2025-01-11T20:27:55.080Z"}
{"level":"info","message":"Quote for BINANCE:BTCUSDT: 94443.19","tag":"quote","timestamp":"2025-01-11T20:32:54.497Z"}
{"level":"info","message":"Quote for SPY: 580.49","tag":"quote","timestamp":"2025-01-11T20:32:54.502Z"}
{"level":"info","message":"Quote for BINANCE:ETHUSDT: 3287.5","tag":"quote","timestamp":"2025-01-11T20:32:54.528Z"}
{"level":"error","message":"Error interacting with contract: ENOENT: no such file or directory, open 'F:\\projets\\CryptoHunter-NFT\\idle-mammouth\\mammouth-ts\\backend\\utils\\gmoth.json'","tag":"contract","timestamp":"2025-01-11T20:33:11.836Z"}
{"level":"error","message":"Error interacting with contract: ENOENT: no such file or directory, open 'F:\\projets\\CryptoHunter-NFT\\idle-mammouth\\mammouth-ts\\backend\\utils\\gmoth.json'","tag":"contract","timestamp":"2025-01-11T20:33:15.947Z"}
{"level":"error","message":"Error interacting with contract: ENOENT: no such file or directory, open 'F:\\projets\\CryptoHunter-NFT\\idle-mammouth\\mammouth-ts\\backend\\utils\\gmoth.json'","tag":"contract","timestamp":"2025-01-11T20:33:16.163Z"}
{"level":"error","message":"Error interacting with contract: ENOENT: no such file or directory, open 'F:\\projets\\CryptoHunter-NFT\\idle-mammouth\\mammouth-ts\\backend\\utils\\gmoth.json'","tag":"contract","timestamp":"2025-01-11T20:33:16.387Z"}
{"level":"error","message":"Error interacting with contract: ENOENT: no such file or directory, open 'F:\\projets\\CryptoHunter-NFT\\idle-mammouth\\mammouth-ts\\backend\\utils\\gmoth.json'","tag":"contract","timestamp":"2025-01-11T20:33:16.590Z"}
{"level":"error","message":"Error interacting with contract: ENOENT: no such file or directory, open 'F:\\projets\\CryptoHunter-NFT\\idle-mammouth\\mammouth-ts\\backend\\utils\\gmoth.json'","tag":"contract","timestamp":"2025-01-11T20:33:16.786Z"}
{"level":"error","message":"Error interacting with contract: ENOENT: no such file or directory, open 'F:\\projets\\CryptoHunter-NFT\\idle-mammouth\\mammouth-ts\\backend\\utils\\gmoth.json'","tag":"contract","timestamp":"2025-01-11T20:33:16.972Z"}
{"level":"error","message":"Error interacting with contract: ENOENT: no such file or directory, open 'F:\\projets\\CryptoHunter-NFT\\idle-mammouth\\mammouth-ts\\backend\\utils\\gmoth.json'","tag":"contract","timestamp":"2025-01-11T20:33:17.157Z"}
{"level":"error","message":"Error interacting with contract: ENOENT: no such file or directory, open 'F:\\projets\\CryptoHunter-NFT\\idle-mammouth\\mammouth-ts\\backend\\utils\\gmoth.json'","tag":"contract","timestamp":"2025-01-11T20:33:17.369Z"}
{"level":"error","message":"Error interacting with contract: ENOENT: no such file or directory, open 'F:\\projets\\CryptoHunter-NFT\\idle-mammouth\\mammouth-ts\\backend\\utils\\gmoth.json'","tag":"contract","timestamp":"2025-01-11T20:33:17.552Z"}
{"level":"error","message":"Error interacting with contract: ENOENT: no such file or directory, open 'F:\\projets\\CryptoHunter-NFT\\idle-mammouth\\mammouth-ts\\backend\\utils\\gmoth.json'","tag":"contract","timestamp":"2025-01-11T20:33:17.776Z"}
{"level":"error","message":"Error interacting with contract: ENOENT: no such file or directory, open 'F:\\projets\\CryptoHunter-NFT\\idle-mammouth\\mammouth-ts\\backend\\utils\\gmoth.json'","tag":"contract","timestamp":"2025-01-11T20:33:18.341Z"}
{"level":"error","message":"Error interacting with contract: ENOENT: no such file or directory, open 'F:\\projets\\CryptoHunter-NFT\\idle-mammouth\\mammouth-ts\\backend\\utils\\gmoth.json'","tag":"contract","timestamp":"2025-01-11T20:33:18.528Z"}
{"level":"error","message":"Error interacting with contract: ENOENT: no such file or directory, open 'F:\\projets\\CryptoHunter-NFT\\idle-mammouth\\mammouth-ts\\backend\\utils\\gmoth.json'","tag":"contract","timestamp":"2025-01-11T20:33:18.692Z"}
{"level":"error","message":"Error interacting with contract: ENOENT: no such file or directory, open 'F:\\projets\\CryptoHunter-NFT\\idle-mammouth\\mammouth-ts\\backend\\utils\\gmoth.json'","tag":"contract","timestamp":"2025-01-11T20:33:18.892Z"}
{"level":"error","message":"Error interacting with contract: ENOENT: no such file or directory, open 'F:\\projets\\CryptoHunter-NFT\\idle-mammouth\\mammouth-ts\\backend\\utils\\gmoth.json'","tag":"contract","timestamp":"2025-01-11T20:33:19.075Z"}
{"level":"error","message":"Error interacting with contract: ENOENT: no such file or directory, open 'F:\\projets\\CryptoHunter-NFT\\idle-mammouth\\mammouth-ts\\backend\\utils\\gmoth.json'","tag":"contract","timestamp":"2025-01-11T20:33:19.275Z"}
{"level":"error","message":"Error interacting with contract: ENOENT: no such file or directory, open 'F:\\projets\\CryptoHunter-NFT\\idle-mammouth\\mammouth-ts\\backend\\utils\\gmoth.json'","tag":"contract","timestamp":"2025-01-11T20:33:19.368Z"}
{"level":"error","message":"Error interacting with contract: ENOENT: no such file or directory, open 'F:\\projets\\CryptoHunter-NFT\\idle-mammouth\\mammouth-ts\\backend\\utils\\gmoth.json'","tag":"contract","timestamp":"2025-01-11T20:33:19.511Z"}
{"level":"error","message":"Error interacting with contract: ENOENT: no such file or directory, open 'F:\\projets\\CryptoHunter-NFT\\idle-mammouth\\mammouth-ts\\backend\\utils\\gmoth.json'","tag":"contract","timestamp":"2025-01-11T20:33:19.603Z"}
{"level":"error","message":"Error interacting with contract: ENOENT: no such file or directory, open 'F:\\projets\\CryptoHunter-NFT\\idle-mammouth\\mammouth-ts\\backend\\utils\\gmoth.json'","tag":"contract","timestamp":"2025-01-11T20:33:19.742Z"}
{"level":"error","message":"Error interacting with contract: ENOENT: no such file or directory, open 'F:\\projets\\CryptoHunter-NFT\\idle-mammouth\\mammouth-ts\\backend\\utils\\gmoth.json'","tag":"contract","timestamp":"2025-01-11T20:33:19.826Z"}
{"level":"error","message":"Error interacting with contract: ENOENT: no such file or directory, open 'F:\\projets\\CryptoHunter-NFT\\idle-mammouth\\mammouth-ts\\backend\\utils\\gmoth.json'","tag":"contract","timestamp":"2025-01-11T20:33:20.059Z"}
{"level":"error","message":"Error interacting with contract: ENOENT: no such file or directory, open 'F:\\projets\\CryptoHunter-NFT\\idle-mammouth\\mammouth-ts\\backend\\utils\\gmoth.json'","tag":"contract","timestamp":"2025-01-11T20:33:20.282Z"}
{"level":"error","message":"Error interacting with contract: ENOENT: no such file or directory, open 'F:\\projets\\CryptoHunter-NFT\\idle-mammouth\\mammouth-ts\\backend\\utils\\gmoth.json'","tag":"contract","timestamp":"2025-01-11T20:33:20.526Z"}
{"level":"error","message":"Error interacting with contract: ENOENT: no such file or directory, open 'F:\\projets\\CryptoHunter-NFT\\idle-mammouth\\mammouth-ts\\backend\\utils\\gmoth.json'","tag":"contract","timestamp":"2025-01-11T20:33:20.741Z"}
{"level":"error","message":"Error interacting with contract: ENOENT: no such file or directory, open 'F:\\projets\\CryptoHunter-NFT\\idle-mammouth\\mammouth-ts\\backend\\utils\\gmoth.json'","tag":"contract","timestamp":"2025-01-11T20:33:20.961Z"}
{"level":"error","message":"Error interacting with contract: ENOENT: no such file or directory, open 'F:\\projets\\CryptoHunter-NFT\\idle-mammouth\\mammouth-ts\\backend\\utils\\gmoth.json'","tag":"contract","timestamp":"2025-01-11T20:33:21.200Z"}
{"level":"error","message":"Error interacting with contract: ENOENT: no such file or directory, open 'F:\\projets\\CryptoHunter-NFT\\idle-mammouth\\mammouth-ts\\backend\\utils\\gmoth.json'","tag":"contract","timestamp":"2025-01-11T20:33:21.637Z"}
{"level":"error","message":"Error interacting with contract: ENOENT: no such file or directory, open 'F:\\projets\\CryptoHunter-NFT\\idle-mammouth\\mammouth-ts\\backend\\utils\\gmoth.json'","tag":"contract","timestamp":"2025-01-11T20:33:21.841Z"}
{"level":"error","message":"Error interacting with contract: ENOENT: no such file or directory, open 'F:\\projets\\CryptoHunter-NFT\\idle-mammouth\\mammouth-ts\\backend\\utils\\gmoth.json'","tag":"contract","timestamp":"2025-01-11T20:33:22.013Z"}
{"level":"error","message":"Error interacting with contract: ENOENT: no such file or directory, open 'F:\\projets\\CryptoHunter-NFT\\idle-mammouth\\mammouth-ts\\backend\\utils\\gmoth.json'","tag":"contract","timestamp":"2025-01-11T20:33:22.191Z"}
{"level":"error","message":"Error interacting with contract: ENOENT: no such file or directory, open 'F:\\projets\\CryptoHunter-NFT\\idle-mammouth\\mammouth-ts\\backend\\utils\\gmoth.json'","tag":"contract","timestamp":"2025-01-11T20:33:22.719Z"}
{"level":"error","message":"Error interacting with contract: ENOENT: no such file or directory, open 'F:\\projets\\CryptoHunter-NFT\\idle-mammouth\\mammouth-ts\\backend\\utils\\gmoth.json'","tag":"contract","timestamp":"2025-01-11T20:33:22.882Z"}
{"level":"info","message":"Quote for SPY: 580.49","tag":"quote","timestamp":"2025-01-11T20:34:41.355Z"}
{"level":"info","message":"Quote for BINANCE:ETHUSDT: 3288.52","tag":"quote","timestamp":"2025-01-11T20:34:41.363Z"}
{"level":"info","message":"Quote for BINANCE:BTCUSDT: 94432.54","tag":"quote","timestamp":"2025-01-11T20:34:41.364Z"}
{"level":"error","message":"Error interacting with contract: bad secret key size","tag":"contract","timestamp":"2025-01-11T20:34:44.236Z"}
{"level":"info","message":"Quote for SPY: 580.49","tag":"quote","timestamp":"2025-01-11T20:35:21.914Z"}
{"level":"info","message":"Quote for BINANCE:BTCUSDT: 94464.37","tag":"quote","timestamp":"2025-01-11T20:35:21.917Z"}
{"level":"info","message":"Quote for BINANCE:ETHUSDT: 3289.51","tag":"quote","timestamp":"2025-01-11T20:35:21.918Z"}
{"level":"info","message":"Quote for BINANCE:BTCUSDT: 94464.37","tag":"quote","timestamp":"2025-01-11T20:35:26.522Z"}
{"level":"info","message":"Quote for SPY: 580.49","tag":"quote","timestamp":"2025-01-11T20:35:26.525Z"}
{"level":"info","message":"Quote for BINANCE:ETHUSDT: 3289.51","tag":"quote","timestamp":"2025-01-11T20:35:26.526Z"}
{"level":"error","message":"Error interacting with contract: Cannot read properties of undefined (reading '_bn')","tag":"contract","timestamp":"2025-01-11T20:35:29.124Z"}
{"level":"info","message":"Quote for BINANCE:BTCUSDT: 94456.02","tag":"quote","timestamp":"2025-01-11T20:35:48.054Z"}
{"level":"info","message":"Quote for BINANCE:ETHUSDT: 3287.82","tag":"quote","timestamp":"2025-01-11T20:35:48.057Z"}
{"level":"info","message":"Quote for SPY: 580.49","tag":"quote","timestamp":"2025-01-11T20:35:48.058Z"}
{"level":"error","message":"Error interacting with contract: Cannot read properties of undefined (reading '_bn')","tag":"contract","timestamp":"2025-01-11T20:35:48.547Z"}
{"level":"info","message":"Quote for SPY: 580.49","tag":"quote","timestamp":"2025-01-11T20:36:44.106Z"}
{"level":"info","message":"Quote for BINANCE:ETHUSDT: 3286.45","tag":"quote","timestamp":"2025-01-11T20:36:44.110Z"}
{"level":"info","message":"Quote for BINANCE:BTCUSDT: 94400.01","tag":"quote","timestamp":"2025-01-11T20:36:44.111Z"}
{"level":"info","message":"Transaction successful: 4tY2ZJfT3RrLHdKjhX1BauuWz2EUWq1CHTpPH735f4XYo4gSbG1zj2HuDsauo5kZ4mSsZL3YhoqRFFHqPBHWvSDw","tag":"contract","timestamp":"2025-01-11T20:36:46.863Z"}
{"level":"error","message":"Error interacting with contract: Error interacting with contract: Simulation failed. \nMessage: Transaction simulation failed: This transaction has already been processed. \nLogs: \n[]. \nCatch the `SendTransactionError` and call `getLogs()` on it for full details.","tag":"contract","timestamp":"2025-01-11T20:36:54.996Z"}
{"level":"info","message":"Transaction successful: 3m4pHFzHwe5RSAeWUVgF5AX12tvHX4KKy9WzzJbJm4YU7NasNA24q28EtTwskvAwfYCRcoG6MhFjbRKi6TYDjBqM","tag":"contract","timestamp":"2025-01-11T20:36:55.232Z"}
{"level":"info","message":"Transaction successful: TqD5d6zq4D6cqD5LBhnmUtuj24WHSbgFm1E1rajXgaWxqoMhsMU6QusBgsBSFpCtaLVtJidLWNB8mpWkfbmg94f","tag":"contract","timestamp":"2025-01-11T20:36:55.695Z"}
{"level":"info","message":"Transaction successful: 2AZQhs8AuBYezjng13ncbUVjUQsfgnDhcfvLHi4VsvH9fCACWbxmtQyWY5i12tYc6hamwt9r6vraZHPXBd8QpUzd","tag":"contract","timestamp":"2025-01-11T20:36:55.811Z"}
{"level":"info","message":"Transaction successful: 2AZQhs8AuBYezjng13ncbUVjUQsfgnDhcfvLHi4VsvH9fCACWbxmtQyWY5i12tYc6hamwt9r6vraZHPXBd8QpUzd","tag":"contract","timestamp":"2025-01-11T20:36:55.961Z"}
{"level":"error","message":"Error interacting with contract: Error interacting with contract: Simulation failed. \nMessage: Transaction simulation failed: This transaction has already been processed. \nLogs: \n[]. \nCatch the `SendTransactionError` and call `getLogs()` on it for full details.","tag":"contract","timestamp":"2025-01-11T20:36:56.020Z"}
{"level":"info","message":"Transaction successful: 4vAdar7ujddZ4tWXkJfiTX8tW8k8pdk5zeSBsnmkmp8TbVBt9Bc1Kh1d3rK2nNiVkU5h4RnPVGp11F48Ma1p7zDm","tag":"contract","timestamp":"2025-01-11T20:36:56.331Z"}
{"level":"info","message":"Transaction successful: 1ni1TwJjSUfMrgKGbcHwGru96Fp81dVJXBpzmACmNZwex7shwhJWrKrk6ZtkyMcWB4NoKeGWUQkWfu6BZzkwKfi","tag":"contract","timestamp":"2025-01-11T20:36:56.923Z"}
{"level":"info","message":"Transaction successful: 1ni1TwJjSUfMrgKGbcHwGru96Fp81dVJXBpzmACmNZwex7shwhJWrKrk6ZtkyMcWB4NoKeGWUQkWfu6BZzkwKfi","tag":"contract","timestamp":"2025-01-11T20:36:56.943Z"}
{"level":"info","message":"Transaction successful: 4ntyGouSgrv341MnYbRLaTHCZiqATUmFfonFAeovpF2sEgX7eVZUgJtTsY3x3ttZC2u2s8f6FLcuMUqy7LZaYJ5E","tag":"contract","timestamp":"2025-01-11T20:36:57.184Z"}
{"level":"info","message":"Transaction successful: 4ntyGouSgrv341MnYbRLaTHCZiqATUmFfonFAeovpF2sEgX7eVZUgJtTsY3x3ttZC2u2s8f6FLcuMUqy7LZaYJ5E","tag":"contract","timestamp":"2025-01-11T20:36:57.421Z"}
{"level":"error","message":"Error interacting with contract: Error interacting with contract: Simulation failed. \nMessage: Transaction simulation failed: This transaction has already been processed. \nLogs: \n[]. \nCatch the `SendTransactionError` and call `getLogs()` on it for full details.","tag":"contract","timestamp":"2025-01-11T20:36:57.426Z"}
{"level":"info","message":"Transaction successful: 3Bhott8a9U3EmeTSom8gjjxxiYmTrZXKUykhQn1T1DhBBQg8AYS3wn8UTeVw35Wr2S3W1JH2mkQraD5cHjgfTunp","tag":"contract","timestamp":"2025-01-11T20:36:57.587Z"}
{"level":"info","message":"Transaction successful: 3Bhott8a9U3EmeTSom8gjjxxiYmTrZXKUykhQn1T1DhBBQg8AYS3wn8UTeVw35Wr2S3W1JH2mkQraD5cHjgfTunp","tag":"contract","timestamp":"2025-01-11T20:36:57.689Z"}
{"level":"info","message":"Transaction successful: 2S6SubLrgRUguQqi85VkTGyd2bqCJcWfqcmvrYqKwqbQ8sP8RkwX56699T4fADVPzs8pbYE7HGCVR6bE4hszNBJn","tag":"contract","timestamp":"2025-01-11T20:36:57.781Z"}
{"level":"info","message":"Transaction successful: 6wxY4F3tkUSXtAdkD6pvxSzRA179w5jFU1hiLXQfrB1Eqgj3c2KARXXJv6AFrSKFBkgwNMjr4cX9UvpbvDzoWGH","tag":"contract","timestamp":"2025-01-11T20:36:58.091Z"}
{"level":"info","message":"Transaction successful: 6wxY4F3tkUSXtAdkD6pvxSzRA179w5jFU1hiLXQfrB1Eqgj3c2KARXXJv6AFrSKFBkgwNMjr4cX9UvpbvDzoWGH","tag":"contract","timestamp":"2025-01-11T20:36:58.149Z"}
{"level":"info","message":"Transaction successful: 4yJnebX6mcksAFF7jQCcmyJR3MKV1Wh12uebL9dB1RL3hegv8tU5C6wYLcmnboPJgepLiVKyqfxsT9tLMMQgNid8","tag":"contract","timestamp":"2025-01-11T20:36:58.453Z"}
{"level":"info","message":"Transaction successful: 4yJnebX6mcksAFF7jQCcmyJR3MKV1Wh12uebL9dB1RL3hegv8tU5C6wYLcmnboPJgepLiVKyqfxsT9tLMMQgNid8","tag":"contract","timestamp":"2025-01-11T20:36:58.515Z"}
{"level":"info","message":"Transaction successful: 4bdiYkv7uCxo7svcPsmWG2DwhFJy2raESNMQMQQwn7b1rDwbg9qPx6ePHMHvWCohkyHiNAF4ebUPeQU81boJzi5Y","tag":"contract","timestamp":"2025-01-11T20:36:58.746Z"}
{"level":"info","message":"Transaction successful: 4bdiYkv7uCxo7svcPsmWG2DwhFJy2raESNMQMQQwn7b1rDwbg9qPx6ePHMHvWCohkyHiNAF4ebUPeQU81boJzi5Y","tag":"contract","timestamp":"2025-01-11T20:36:58.877Z"}
{"level":"info","message":"Quote for SPY: 580.49","tag":"quote","timestamp":"2025-01-11T20:39:16.369Z"}
{"level":"info","message":"Quote for BINANCE:ETHUSDT: 3291.21","tag":"quote","timestamp":"2025-01-11T20:39:16.373Z"}
{"level":"info","message":"Quote for BINANCE:BTCUSDT: 94466.49","tag":"quote","timestamp":"2025-01-11T20:39:16.374Z"}
{"level":"info","message":"Quote for BINANCE:ETHUSDT: 3308.62","tag":"quote","timestamp":"2025-01-11T21:52:44.618Z"}
{"level":"info","message":"Quote for BINANCE:BTCUSDT: 94902.19","tag":"quote","timestamp":"2025-01-11T21:52:44.628Z"}
{"level":"info","message":"Quote for SPY: 580.49","tag":"quote","timestamp":"2025-01-11T21:52:44.629Z"}
{"level":"info","message":"Transaction successful: 5NyUZCDcfZEQbkWCpBUdXZhYqgjBNETdmujATH2ZikC1ZAjoPmG1zWkkWU2sMV4LFfHyc6RaCB2CKQi3eCg3XRAq","tag":"contract","timestamp":"2025-01-11T21:53:09.640Z"}
{"level":"info","message":"Transaction successful: 5KSCbZ5Kpte7erW3z3TaNG5od38deSZQ56A1uoSzwLRP5XEuN2Go3y1osHMassLFeT8cGdp8vRRRAettJWD7rUXf","tag":"contract","timestamp":"2025-01-11T21:53:09.741Z"}
{"level":"info","message":"Transaction successful: 5LCbkdydD83HGDM6BnCoEcQwERgAaEDbCcNSCYjqZ3i4fx457zTxsWBMh95Q1y3HaUusDkWK41zPsxwGH42Ajoqj","tag":"contract","timestamp":"2025-01-11T21:53:44.086Z"}
{"level":"info","message":"Transaction successful: 2wZb3n6K5V9WBAE95CxjTa2znrqyBt1VAEfbVW18aqLWGGczx3p9pgyTJEyrAgMVvmTKfH9y849hiL2U9AbmA1sL","tag":"contract","timestamp":"2025-01-11T21:53:44.255Z"}
{"level":"info","message":"Quote for BINANCE:ETHUSDT: 3307.02","tag":"quote","timestamp":"2025-01-11T21:57:45.171Z"}
{"level":"info","message":"Quote for SPY: 580.49","tag":"quote","timestamp":"2025-01-11T21:57:45.173Z"}
{"level":"info","message":"Quote for BINANCE:BTCUSDT: 94916","tag":"quote","timestamp":"2025-01-11T21:57:45.174Z"}
{"level":"info","message":"Quote for BINANCE:BTCUSDT: 94937.09","tag":"quote","timestamp":"2025-01-11T22:02:45.195Z"}
{"level":"info","message":"Quote for BINANCE:ETHUSDT: 3308.02","tag":"quote","timestamp":"2025-01-11T22:02:45.201Z"}
{"level":"info","message":"Quote for SPY: 580.49","tag":"quote","timestamp":"2025-01-11T22:02:45.219Z"}
{"level":"info","message":"Transaction successful: 4oCebr8fpNn12VRzTyepL4RN4LQzKt3RfS4KxJc9jACcirZuipyqceGPZccLrZBx2iWSPVTn96W9EzvkKufmab3Y","tag":"contract","timestamp":"2025-01-11T22:06:33.946Z"}
{"level":"info","message":"Quote for BINANCE:ETHUSDT: 3305.46","tag":"quote","timestamp":"2025-01-11T22:07:45.174Z"}
{"level":"info","message":"Quote for BINANCE:BTCUSDT: 94922.73","tag":"quote","timestamp":"2025-01-11T22:07:45.184Z"}
{"level":"info","message":"Quote for SPY: 580.49","tag":"quote","timestamp":"2025-01-11T22:07:45.186Z"}
{"level":"info","message":"Quote for SPY: 580.49","tag":"quote","timestamp":"2025-01-11T22:12:45.192Z"}
{"level":"info","message":"Quote for BINANCE:BTCUSDT: 94818.19","tag":"quote","timestamp":"2025-01-11T22:12:45.202Z"}
{"level":"info","message":"Quote for BINANCE:ETHUSDT: 3300.79","tag":"quote","timestamp":"2025-01-11T22:12:45.204Z"}
{"level":"info","message":"Quote for BINANCE:BTCUSDT: 94757.58","tag":"quote","timestamp":"2025-01-11T22:17:45.200Z"}
{"level":"info","message":"Quote for SPY: 580.49","tag":"quote","timestamp":"2025-01-11T22:17:45.201Z"}
{"level":"info","message":"Quote for BINANCE:ETHUSDT: 3297.09","tag":"quote","timestamp":"2025-01-11T22:17:45.202Z"}
{"level":"info","message":"Quote for BINANCE:ETHUSDT: 3295.11","tag":"quote","timestamp":"2025-01-11T22:22:45.227Z"}
{"level":"info","message":"Quote for BINANCE:BTCUSDT: 94762.55","tag":"quote","timestamp":"2025-01-11T22:22:45.228Z"}
{"level":"info","message":"Quote for SPY: 580.49","tag":"quote","timestamp":"2025-01-11T22:22:45.229Z"}
{"level":"info","message":"Quote for BINANCE:BTCUSDT: 94728.89","tag":"quote","timestamp":"2025-01-11T22:27:45.207Z"}
{"level":"info","message":"Quote for SPY: 580.49","tag":"quote","timestamp":"2025-01-11T22:27:45.208Z"}
{"level":"info","message":"Quote for BINANCE:ETHUSDT: 3292.22","tag":"quote","timestamp":"2025-01-11T22:27:45.211Z"}
{"level":"info","message":"Quote for BINANCE:BTCUSDT: 94656.41","tag":"quote","timestamp":"2025-01-11T22:32:45.213Z"}
{"level":"info","message":"Quote for SPY: 580.49","tag":"quote","timestamp":"2025-01-11T22:32:45.216Z"}
{"level":"info","message":"Quote for BINANCE:ETHUSDT: 3288","tag":"quote","timestamp":"2025-01-11T22:32:45.221Z"}
{"level":"info","message":"Quote for SPY: 580.49","tag":"quote","timestamp":"2025-01-11T22:37:45.239Z"}
{"level":"info","message":"Quote for BINANCE:ETHUSDT: 3293.71","tag":"quote","timestamp":"2025-01-11T22:37:45.240Z"}
{"level":"info","message":"Quote for BINANCE:BTCUSDT: 94747.33","tag":"quote","timestamp":"2025-01-11T22:37:45.242Z"}
{"level":"info","message":"Quote for SPY: 580.49","tag":"quote","timestamp":"2025-01-11T22:42:45.270Z"}
{"level":"info","message":"Quote for BINANCE:BTCUSDT: 94731.77","tag":"quote","timestamp":"2025-01-11T22:42:45.271Z"}
{"level":"info","message":"Quote for BINANCE:ETHUSDT: 3293.54","tag":"quote","timestamp":"2025-01-11T22:42:45.272Z"}
{"level":"info","message":"Quote for BINANCE:BTCUSDT: 94651.42","tag":"quote","timestamp":"2025-01-11T22:47:45.275Z"}
{"level":"info","message":"Quote for SPY: 580.49","tag":"quote","timestamp":"2025-01-11T22:47:45.285Z"}
{"level":"info","message":"Quote for BINANCE:ETHUSDT: 3293.88","tag":"quote","timestamp":"2025-01-11T22:47:45.285Z"}
{"level":"info","message":"Quote for BINANCE:ETHUSDT: 3290.59","tag":"quote","timestamp":"2025-01-11T22:52:45.252Z"}
{"level":"info","message":"Quote for BINANCE:BTCUSDT: 94617.16","tag":"quote","timestamp":"2025-01-11T22:52:45.253Z"}
{"level":"info","message":"Quote for SPY: 580.49","tag":"quote","timestamp":"2025-01-11T22:52:45.268Z"}
{"level":"info","message":"Transaction successful: 2zS2shPMpRcVzGGxExS84e8N5dWNEhHyJwpie97ksosKEeRXufkPRZjChNpYfQCsBxf7Sya5NsnK6YN9pfSg4L94","tag":"contract","timestamp":"2025-01-11T22:55:02.279Z"}
{"level":"info","message":"Transaction successful: 2zS2shPMpRcVzGGxExS84e8N5dWNEhHyJwpie97ksosKEeRXufkPRZjChNpYfQCsBxf7Sya5NsnK6YN9pfSg4L94","tag":"contract","timestamp":"2025-01-11T22:55:02.280Z"}
{"level":"info","message":"Transaction successful: 3ULYJ1QsKMotbvDnZUewLDNhhUw9Uu7VYDvx71bF9GVi7TjBk4JXAvXd7vB5dWVLs5mePBVkJYF2RSfashiW3A9r","tag":"contract","timestamp":"2025-01-11T22:55:03.162Z"}
{"level":"info","message":"Quote for BINANCE:ETHUSDT: 3290.89","tag":"quote","timestamp":"2025-01-11T22:57:45.263Z"}
{"level":"info","message":"Quote for BINANCE:BTCUSDT: 94641.35","tag":"quote","timestamp":"2025-01-11T22:57:45.268Z"}
{"level":"info","message":"Quote for SPY: 580.49","tag":"quote","timestamp":"2025-01-11T22:57:45.277Z"}
{"level":"info","message":"Quote for BINANCE:BTCUSDT: 94643.96","tag":"quote","timestamp":"2025-01-11T23:02:45.273Z"}
{"level":"info","message":"Quote for SPY: 580.49","tag":"quote","timestamp":"2025-01-11T23:02:45.274Z"}
{"level":"info","message":"Quote for BINANCE:ETHUSDT: 3290.56","tag":"quote","timestamp":"2025-01-11T23:02:45.280Z"}
{"level":"info","message":"Transaction successful: 2tm1gHBXtjwyhKonafZss3syNkgZTDXEXjVG2GSKu8nc4MKKjSvY1KdGmeAJq9WPNucaYv1JsK3L5AXnjQkU14B","tag":"contract","timestamp":"2025-01-11T23:04:03.514Z"}
{"level":"info","message":"Transaction successful: Wvk4GATqe8ZYRma9yZqqcrM4gz8YF4KQYTZZnDjJ3cwmobcfhdEr7e5UQxpbNcyrZvtW1kheD67xLCpaJynSQZS","tag":"contract","timestamp":"2025-01-11T23:04:03.568Z"}
{"level":"info","message":"Quote for BINANCE:ETHUSDT: 3286.26","tag":"quote","timestamp":"2025-01-11T23:07:45.275Z"}
{"level":"info","message":"Quote for BINANCE:BTCUSDT: 94580.32","tag":"quote","timestamp":"2025-01-11T23:07:45.276Z"}
{"level":"info","message":"Quote for SPY: 580.49","tag":"quote","timestamp":"2025-01-11T23:07:45.277Z"}
{"level":"info","message":"Transaction successful: 52X6dDeyFRtTnUYMg6Ghfi1qJQ8zzuDJPkqUTLBzaGnM9oyL8jrS9YQ3vHDHRMPa8py9urnNPT9JRgWQUpA1go3g","tag":"contract","timestamp":"2025-01-11T23:09:39.382Z"}
{"level":"error","message":"Error interacting with contract: Error interacting with contract: Simulation failed. \nMessage: Transaction simulation failed: This transaction has already been processed. \nLogs: \n[]. \nCatch the `SendTransactionError` and call `getLogs()` on it for full details.","tag":"contract","timestamp":"2025-01-11T23:09:39.423Z"}
{"level":"info","message":"Transaction successful: 4eVGzEsh1TUUrrKpcDPrQWHYLU6NztJNqQveNUsm2UDrnwXqDwtRn36LTq39TjSdePRTfSHfTcJmAkaUoVzJM3kz","tag":"contract","timestamp":"2025-01-11T23:09:39.728Z"}
{"level":"info","message":"Transaction successful: 3eZZocdN6yKzLDMYKUnENXnfuLHZM2U5fvwqzVTbTTmsvctn9RWwRGn81KbV1DCKKcbqSvwdfstwejqB12bWNkdv","tag":"contract","timestamp":"2025-01-11T23:09:48.338Z"}
{"level":"info","message":"Transaction successful: DgTLsUrZ4mnzx3QktVjVdAgacCqVcJ6GEZbZx97CUnCynpyftNSV7xFHBbspNuQkBdjk5H9w2vgtw6ZZrJs9qv3","tag":"contract","timestamp":"2025-01-11T23:09:48.439Z"}
{"level":"info","message":"Transaction successful: DgTLsUrZ4mnzx3QktVjVdAgacCqVcJ6GEZbZx97CUnCynpyftNSV7xFHBbspNuQkBdjk5H9w2vgtw6ZZrJs9qv3","tag":"contract","timestamp":"2025-01-11T23:09:48.503Z"}
{"level":"error","message":"Error interacting with contract: Error interacting with contract: Simulation failed. \nMessage: Transaction simulation failed: This transaction has already been processed. \nLogs: \n[]. \nCatch the `SendTransactionError` and call `getLogs()` on it for full details.","tag":"contract","timestamp":"2025-01-11T23:12:24.455Z"}
{"level":"info","message":"Transaction successful: 3x9E9VJhMnsU81wyVtaBnrxALdTci2sd4qMzP4c6Wa7tG7iTd8Xh6h69vpTMfUq8EtAAvTgyXoQodUTVo3wPQgrw","tag":"contract","timestamp":"2025-01-11T23:12:24.744Z"}
{"level":"info","message":"Transaction successful: 3x9E9VJhMnsU81wyVtaBnrxALdTci2sd4qMzP4c6Wa7tG7iTd8Xh6h69vpTMfUq8EtAAvTgyXoQodUTVo3wPQgrw","tag":"contract","timestamp":"2025-01-11T23:12:24.747Z"}
{"level":"info","message":"Quote for BINANCE:BTCUSDT: 94626.91","tag":"quote","timestamp":"2025-01-11T23:12:45.309Z"}
{"level":"info","message":"Quote for BINANCE:ETHUSDT: 3290.83","tag":"quote","timestamp":"2025-01-11T23:12:45.310Z"}
{"level":"info","message":"Quote for SPY: 580.49","tag":"quote","timestamp":"2025-01-11T23:12:45.324Z"}
{"level":"info","message":"Transaction successful: 4TfuqJrDMxaZuMzHmoTCw2V7oXKtU3M6RAMcQQWMhGFE6mKdX4gMrnGrQ8BGwdhd8TDr1bJuZcVGrgHf3BNqEKNQ","tag":"contract","timestamp":"2025-01-11T23:13:20.847Z"}
{"level":"info","message":"Transaction successful: 4dxBymR2ohD24qMxiqnW1xEMzBbYeantYBjch7sYe2bvSWFs6iAWiRwTJEympr1ckfpVD5euexU9CSdiumvpsyFb","tag":"contract","timestamp":"2025-01-11T23:14:39.677Z"}
{"level":"info","message":"Transaction successful: 29NT8o8bAi8KfFC4PwRumvpo4pvuvLG5HGqKD4ZVPMijf9YL31cFSBhtBoDcE9d6E6XTQsU1sQ1g7KTRPY4XhSD9","tag":"contract","timestamp":"2025-01-11T23:14:39.794Z"}
{"level":"info","message":"Transaction successful: 3RZVSdXDBW2CWgHqQWJsrQaCo6d1opCAcuyTtgB61mWQwY4sRWMDRSH3JfnfxzfjTnbGqJiMUavqN17YMLEeZEqf","tag":"contract","timestamp":"2025-01-11T23:16:05.734Z"}
{"level":"info","message":"Transaction successful: 57h8WK37dTnL9nNsCh64kMt4h7kiyGDKVe2s9r7P1yWG5n6kKPedD2ce3FJmPxc6A6vTKX7YtR5Q5WbRTzzbg5LN","tag":"contract","timestamp":"2025-01-11T23:16:08.490Z"}
{"level":"info","message":"Transaction successful: 3CiupLg6EcFSt8bJzMizsFP7Rn9CZ3nMYq3vi5mLCWDbUxwGtmUGquJL5b4bmycH6vuhVRHiwoSs1jw6Q7YQLdhW","tag":"contract","timestamp":"2025-01-11T23:16:09.081Z"}
{"level":"info","message":"Quote for BINANCE:ETHUSDT: 3285.78","tag":"quote","timestamp":"2025-01-11T23:17:45.294Z"}
{"level":"info","message":"Quote for BINANCE:BTCUSDT: 94567.42","tag":"quote","timestamp":"2025-01-11T23:17:45.295Z"}
{"level":"info","message":"Quote for SPY: 580.49","tag":"quote","timestamp":"2025-01-11T23:17:45.296Z"}
{"level":"info","message":"Quote for BINANCE:ETHUSDT: 3288.35","tag":"quote","timestamp":"2025-01-11T23:22:45.345Z"}
{"level":"info","message":"Quote for BINANCE:BTCUSDT: 94639.18","tag":"quote","timestamp":"2025-01-11T23:22:45.359Z"}
{"level":"info","message":"Quote for SPY: 580.49","tag":"quote","timestamp":"2025-01-11T23:22:45.391Z"}
{"level":"info","message":"Quote for BINANCE:ETHUSDT: 3292.79","tag":"quote","timestamp":"2025-01-11T23:27:45.312Z"}
{"level":"info","message":"Quote for BINANCE:BTCUSDT: 94686.88","tag":"quote","timestamp":"2025-01-11T23:27:45.320Z"}
{"level":"info","message":"Quote for SPY: 580.49","tag":"quote","timestamp":"2025-01-11T23:27:45.327Z"}
{"level":"info","message":"Quote for SPY: 580.49","tag":"quote","timestamp":"2025-01-11T23:32:45.322Z"}
{"level":"info","message":"Quote for BINANCE:BTCUSDT: 94673.27","tag":"quote","timestamp":"2025-01-11T23:32:45.324Z"}
{"level":"info","message":"Quote for BINANCE:ETHUSDT: 3293.77","tag":"quote","timestamp":"2025-01-11T23:32:45.325Z"}
{"level":"info","message":"Quote for SPY: 580.49","tag":"quote","timestamp":"2025-01-11T23:37:45.366Z"}
{"level":"info","message":"Quote for BINANCE:BTCUSDT: 94732.92","tag":"quote","timestamp":"2025-01-11T23:37:45.368Z"}
{"level":"info","message":"Quote for BINANCE:ETHUSDT: 3293.6","tag":"quote","timestamp":"2025-01-11T23:37:45.370Z"}
{"level":"info","message":"Quote for BINANCE:BTCUSDT: 94684.98","tag":"quote","timestamp":"2025-01-11T23:42:45.334Z"}
{"level":"info","message":"Quote for BINANCE:ETHUSDT: 3289.52","tag":"quote","timestamp":"2025-01-11T23:42:45.336Z"}
{"level":"info","message":"Quote for SPY: 580.49","tag":"quote","timestamp":"2025-01-11T23:42:45.337Z"}
{"level":"info","message":"Quote for BINANCE:ETHUSDT: 3283.45","tag":"quote","timestamp":"2025-01-11T23:47:45.350Z"}
{"level":"info","message":"Quote for SPY: 580.49","tag":"quote","timestamp":"2025-01-11T23:47:45.351Z"}
{"level":"info","message":"Quote for BINANCE:BTCUSDT: 94586.53","tag":"quote","timestamp":"2025-01-11T23:47:45.358Z"}
{"level":"info","message":"Quote for SPY: 580.49","tag":"quote","timestamp":"2025-01-11T23:52:45.348Z"}
{"level":"info","message":"Quote for BINANCE:BTCUSDT: 94647.3","tag":"quote","timestamp":"2025-01-11T23:52:45.349Z"}
{"level":"info","message":"Quote for BINANCE:ETHUSDT: 3284.39","tag":"quote","timestamp":"2025-01-11T23:52:45.350Z"}
{"level":"info","message":"Quote for SPY: 580.49","tag":"quote","timestamp":"2025-01-11T23:57:45.354Z"}
{"level":"info","message":"Quote for BINANCE:BTCUSDT: 94563.25","tag":"quote","timestamp":"2025-01-11T23:57:45.355Z"}
{"level":"info","message":"Quote for BINANCE:ETHUSDT: 3282.05","tag":"quote","timestamp":"2025-01-11T23:57:45.361Z"}
{"level":"info","message":"Quote for BINANCE:ETHUSDT: 3282.51","tag":"quote","timestamp":"2025-01-12T00:02:45.367Z"}
{"level":"info","message":"Quote for SPY: 580.49","tag":"quote","timestamp":"2025-01-12T00:02:45.369Z"}
{"level":"info","message":"Quote for BINANCE:BTCUSDT: 94600.01","tag":"quote","timestamp":"2025-01-12T00:02:45.536Z"}
{"level":"info","message":"Quote for BINANCE:ETHUSDT: 3026.24","tag":"quote","timestamp":"2025-01-13T18:10:00.281Z"}
{"level":"info","message":"Quote for BINANCE:BTCUSDT: 92239.91","tag":"quote","timestamp":"2025-01-13T18:10:00.284Z"}
{"level":"info","message":"Quote for SPY: 579.51","tag":"quote","timestamp":"2025-01-13T18:10:00.285Z"}
{"level":"info","message":"Quote for BINANCE:ETHUSDT: 3014.86","tag":"quote","timestamp":"2025-01-13T18:15:01.755Z"}
{"level":"info","message":"Quote for SPY: 579.45","tag":"quote","timestamp":"2025-01-13T18:15:01.773Z"}
{"level":"info","message":"Quote for BINANCE:BTCUSDT: 92033.93","tag":"quote","timestamp":"2025-01-13T18:15:01.778Z"}
{"level":"info","message":"Quote for BINANCE:ETHUSDT: 2996.82","tag":"quote","timestamp":"2025-01-13T18:20:01.715Z"}
{"level":"info","message":"Quote for BINANCE:BTCUSDT: 91782.64","tag":"quote","timestamp":"2025-01-13T18:20:01.721Z"}
{"level":"info","message":"Quote for SPY: 579.03","tag":"quote","timestamp":"2025-01-13T18:20:01.723Z"}
{"level":"info","message":"Quote for BINANCE:BTCUSDT: 93780","tag":"quote","timestamp":"2025-01-13T21:24:55.871Z"}
{"level":"info","message":"Quote for SPY: 581.39","tag":"quote","timestamp":"2025-01-13T21:24:55.873Z"}
{"level":"info","message":"Quote for BINANCE:ETHUSDT: 3105.99","tag":"quote","timestamp":"2025-01-13T21:24:55.876Z"}
{"level":"info","message":"Transaction successful: 2jEQFd2ubF3udXQvQnAQGUG1BR2DT4SXWpF3c4CToehpqwJziJLHzFc3tGvysE1FkHwjaHHTW2ZKEzV3kU1r17Dj","tag":"contract","timestamp":"2025-01-13T21:26:15.555Z"}
{"level":"info","message":"Transaction successful: 5vXNfRcN9CBVs5PkxBpzmr5F5KPxmbTbvMWL4TK8fmE6q7ktwmakwSoRwK29qENsssZnekTvAqWSy8nBUmpLFnR5","tag":"contract","timestamp":"2025-01-13T21:26:15.753Z"}
{"level":"info","message":"Transaction successful: 3cEFAgPTjMeyd1vcNzmBDo7S2j3Qk1CzPVxSko5zVwpuCH7F1vENhpWfSy3uBd6y3rtMyQQSJD3LDvG1NZ1g86Kv","tag":"contract","timestamp":"2025-01-13T21:26:16.491Z"}
{"level":"info","message":"Transaction successful: 3fCa8pTo12BPGprSj1knv4j9GsrFQPWuPLWJVFTH7r1KpStgMH82Kv2CVAhivMarobp6e5eGVeHpfB8W2UvEKYav","tag":"contract","timestamp":"2025-01-13T21:26:17.295Z"}
{"level":"info","message":"Transaction successful: 5KyAVZzGQv3Xwr2BHxQJwa4ASMu8ibmLT1tAm9oWymHtALaBinCaqVztdvx4fUipmxdZUERKHX3p9GrVfTb2UAb7","tag":"contract","timestamp":"2025-01-13T21:26:19.152Z"}
{"level":"error","message":"Error interacting with contract: Error interacting with contract: Simulation failed. \nMessage: Transaction simulation failed: This transaction has already been processed. \nLogs: \n[]. \nCatch the `SendTransactionError` and call `getLogs()` on it for full details.","tag":"contract","timestamp":"2025-01-13T21:26:26.123Z"}
{"level":"info","message":"Transaction successful: 5zSAnYJkFHyWYniKZEd8yca4fzTbTVR6yZyQySRNXPbDezrHaQFYzF9pMDyufC4gXed6BPfZ3f2YLxChXuq9AUL7","tag":"contract","timestamp":"2025-01-13T21:26:26.298Z"}
{"level":"info","message":"Transaction successful: 35wxVGEMAy3dWRu1QeJbMHroRURjvmb8DJBPiNCtfCtBpuAMSHmgbSA3FrKLF3H6fNbFdK29LLCM4G1i3NMS8eBd","tag":"contract","timestamp":"2025-01-13T21:26:26.424Z"}
{"level":"error","message":"Error interacting with contract: Error interacting with contract: Simulation failed. \nMessage: Transaction simulation failed: This transaction has already been processed. \nLogs: \n[]. \nCatch the `SendTransactionError` and call `getLogs()` on it for full details.","tag":"contract","timestamp":"2025-01-13T21:26:26.505Z"}
{"level":"info","message":"Transaction successful: 4DVFtQbe5MyCSJ2FX8jg2sj8uvnTfZ9AnxaaDDkwKFrqZp8ip4vNFJKMNmkf3r1M6viyjHzLYZXt9YRNapPAvMnq","tag":"contract","timestamp":"2025-01-13T21:26:26.796Z"}
{"level":"info","message":"Quote for SPY: 581.39","tag":"quote","timestamp":"2025-01-13T21:29:56.502Z"}
{"level":"info","message":"Quote for BINANCE:BTCUSDT: 93828.16","tag":"quote","timestamp":"2025-01-13T21:29:56.513Z"}
{"level":"info","message":"Quote for BINANCE:ETHUSDT: 3103","tag":"quote","timestamp":"2025-01-13T21:29:56.515Z"}
