{"level":"info","message":"Quote for BINANCE:ETHUSDT: 3698.5","tag":"quote","timestamp":"2024-12-01T00:50:33.187Z"}
{"level":"info","message":"Quote for BINANCE:BTCUSDT: 96380.22","tag":"quote","timestamp":"2024-12-01T00:50:33.189Z"}
{"level":"info","message":"Quote for SPY: 602.55","tag":"quote","timestamp":"2024-12-01T00:50:33.190Z"}
{"level":"info","message":"Current price: 96380.22,3698.5,602.55","tag":"quote","timestamp":"2024-12-01T00:50:33.191Z"}
{"level":"info","message":"Quote for BINANCE:ETHUSDT: 3695.39","tag":"quote","timestamp":"2024-12-01T00:55:35.740Z"}
{"level":"info","message":"Quote for SPY: 602.55","tag":"quote","timestamp":"2024-12-01T00:55:35.744Z"}
{"level":"info","message":"Quote for BINANCE:BTCUSDT: 96405.76","tag":"quote","timestamp":"2024-12-01T00:55:35.767Z"}
{"level":"info","message":"Quote for BINANCE:BTCUSDT: 96424.69","tag":"quote","timestamp":"2024-12-01T00:56:21.441Z"}
{"level":"info","message":"Quote for SPY: 602.55","tag":"quote","timestamp":"2024-12-01T00:56:21.444Z"}
{"level":"info","message":"Quote for BINANCE:ETHUSDT: 3698.38","tag":"quote","timestamp":"2024-12-01T00:56:21.444Z"}
{"level":"info","message":"Quote for BINANCE:BTCUSDT: 96424.69","tag":"quote","timestamp":"2024-12-01T00:56:33.579Z"}
{"level":"info","message":"Quote for BINANCE:ETHUSDT: 3698.38","tag":"quote","timestamp":"2024-12-01T00:56:33.585Z"}
{"level":"info","message":"Quote for SPY: 602.55","tag":"quote","timestamp":"2024-12-01T00:56:33.586Z"}
{"level":"info","message":"Quote for BINANCE:BTCUSDT: 96368","tag":"quote","timestamp":"2024-12-01T00:57:20.077Z"}
{"level":"info","message":"Quote for BINANCE:ETHUSDT: 3694.21","tag":"quote","timestamp":"2024-12-01T00:57:20.080Z"}
{"level":"info","message":"Quote for SPY: 602.55","tag":"quote","timestamp":"2024-12-01T00:57:20.099Z"}
{"level":"info","message":"Quote for BINANCE:ETHUSDT: 3692","tag":"quote","timestamp":"2024-12-01T00:58:14.684Z"}
{"level":"info","message":"Quote for BINANCE:BTCUSDT: 96351.91","tag":"quote","timestamp":"2024-12-01T00:58:14.908Z"}
{"level":"info","message":"Quote for SPY: 602.55","tag":"quote","timestamp":"2024-12-01T00:58:14.947Z"}
{"level":"info","message":"Quote for BINANCE:ETHUSDT: 3694.64","tag":"quote","timestamp":"2024-12-01T00:58:21.336Z"}
{"level":"info","message":"Quote for BINANCE:BTCUSDT: 96351.91","tag":"quote","timestamp":"2024-12-01T00:58:21.339Z"}
{"level":"info","message":"Quote for SPY: 602.55","tag":"quote","timestamp":"2024-12-01T00:58:21.339Z"}
{"level":"info","message":"Quote for BINANCE:ETHUSDT: 3692.92","tag":"quote","timestamp":"2024-12-01T00:58:34.075Z"}
{"level":"info","message":"Quote for BINANCE:BTCUSDT: 96326.03","tag":"quote","timestamp":"2024-12-01T00:58:34.248Z"}
{"level":"info","message":"Quote for SPY: 602.55","tag":"quote","timestamp":"2024-12-01T00:58:34.273Z"}
{"level":"info","message":"Quote for BINANCE:BTCUSDT: 96299.96","tag":"quote","timestamp":"2024-12-01T00:59:19.173Z"}
{"level":"info","message":"Quote for BINANCE:ETHUSDT: 3689","tag":"quote","timestamp":"2024-12-01T00:59:19.177Z"}
{"level":"info","message":"Quote for SPY: 602.55","tag":"quote","timestamp":"2024-12-01T00:59:19.358Z"}
{"level":"info","message":"Quote for BINANCE:ETHUSDT: 3689","tag":"quote","timestamp":"2024-12-01T00:59:19.976Z"}
{"level":"info","message":"Quote for SPY: 602.55","tag":"quote","timestamp":"2024-12-01T00:59:19.976Z"}
{"level":"info","message":"Quote for BINANCE:BTCUSDT: 96299.96","tag":"quote","timestamp":"2024-12-01T00:59:19.977Z"}
{"level":"info","message":"Quote for BINANCE:ETHUSDT: 3688","tag":"quote","timestamp":"2024-12-01T00:59:51.167Z"}
{"level":"info","message":"Quote for SPY: 602.55","tag":"quote","timestamp":"2024-12-01T00:59:51.169Z"}
{"level":"info","message":"Quote for BINANCE:BTCUSDT: 96311.7","tag":"quote","timestamp":"2024-12-01T00:59:51.368Z"}
{"level":"info","message":"Quote for BINANCE:ETHUSDT: 3691.19","tag":"quote","timestamp":"2024-12-01T01:01:19.444Z"}
{"level":"info","message":"Quote for BINANCE:BTCUSDT: 96339.77","tag":"quote","timestamp":"2024-12-01T01:01:19.447Z"}
{"level":"info","message":"Quote for SPY: 602.55","tag":"quote","timestamp":"2024-12-01T01:01:19.619Z"}
{"level":"info","message":"Quote for BINANCE:ETHUSDT: 3691.19","tag":"quote","timestamp":"2024-12-01T01:01:23.152Z"}
{"level":"info","message":"Quote for BINANCE:BTCUSDT: 96339.77","tag":"quote","timestamp":"2024-12-01T01:01:23.155Z"}
{"level":"info","message":"Quote for SPY: 602.55","tag":"quote","timestamp":"2024-12-01T01:01:23.155Z"}
{"level":"info","message":"Quote for BINANCE:BTCUSDT: 96339.82","tag":"quote","timestamp":"2024-12-01T01:01:26.284Z"}
{"level":"info","message":"Quote for BINANCE:ETHUSDT: 3689.64","tag":"quote","timestamp":"2024-12-01T01:01:26.289Z"}
{"level":"info","message":"Quote for SPY: 602.55","tag":"quote","timestamp":"2024-12-01T01:01:26.491Z"}
{"level":"info","message":"Quote for SPY: 602.55","tag":"quote","timestamp":"2024-12-01T01:01:30.032Z"}
{"level":"info","message":"Quote for BINANCE:ETHUSDT: 3689.64","tag":"quote","timestamp":"2024-12-01T01:01:30.037Z"}
{"level":"info","message":"Quote for BINANCE:BTCUSDT: 96339.82","tag":"quote","timestamp":"2024-12-01T01:01:30.055Z"}
{"level":"info","message":"Quote for BINANCE:ETHUSDT: 3689.64","tag":"quote","timestamp":"2024-12-01T01:01:43.444Z"}
{"level":"info","message":"Quote for SPY: 602.55","tag":"quote","timestamp":"2024-12-01T01:01:43.628Z"}
{"level":"info","message":"Quote for BINANCE:BTCUSDT: 96339.82","tag":"quote","timestamp":"2024-12-01T01:01:43.628Z"}
{"level":"info","message":"Quote for SPY: 602.55","tag":"quote","timestamp":"2024-12-01T01:02:14.948Z"}
{"level":"info","message":"Quote for BINANCE:ETHUSDT: 3693.62","tag":"quote","timestamp":"2024-12-01T01:02:14.950Z"}
{"level":"info","message":"Quote for BINANCE:BTCUSDT: 96390.14","tag":"quote","timestamp":"2024-12-01T01:02:15.112Z"}
{"level":"info","message":"Quote for BINANCE:ETHUSDT: 3691.28","tag":"quote","timestamp":"2024-12-01T01:02:52.236Z"}
{"level":"info","message":"Quote for BINANCE:BTCUSDT: 96389.23","tag":"quote","timestamp":"2024-12-01T01:02:52.240Z"}
{"level":"info","message":"Quote for SPY: 602.55","tag":"quote","timestamp":"2024-12-01T01:02:52.459Z"}
{"level":"info","message":"Quote for BINANCE:BTCUSDT: 96350","tag":"quote","timestamp":"2024-12-01T01:03:05.560Z"}
{"level":"info","message":"Quote for BINANCE:ETHUSDT: 3690.56","tag":"quote","timestamp":"2024-12-01T01:03:05.563Z"}
{"level":"info","message":"Quote for SPY: 602.55","tag":"quote","timestamp":"2024-12-01T01:03:05.564Z"}
{"level":"info","message":"Quote for BINANCE:BTCUSDT: 96350","tag":"quote","timestamp":"2024-12-01T01:03:07.867Z"}
{"level":"info","message":"Quote for BINANCE:ETHUSDT: 3690.56","tag":"quote","timestamp":"2024-12-01T01:03:07.877Z"}
{"level":"info","message":"Quote for SPY: 602.55","tag":"quote","timestamp":"2024-12-01T01:03:07.879Z"}
{"level":"info","message":"Quote for SPY: 602.55","tag":"quote","timestamp":"2024-12-01T01:03:45.077Z"}
{"level":"info","message":"Quote for BINANCE:BTCUSDT: 96366.79","tag":"quote","timestamp":"2024-12-01T01:03:45.080Z"}
{"level":"info","message":"Quote for BINANCE:ETHUSDT: 3692.86","tag":"quote","timestamp":"2024-12-01T01:03:45.315Z"}
{"level":"info","message":"Quote for BINANCE:BTCUSDT: 96366.79","tag":"quote","timestamp":"2024-12-01T01:03:50.848Z"}
{"level":"info","message":"Quote for SPY: 602.55","tag":"quote","timestamp":"2024-12-01T01:03:50.852Z"}
{"level":"info","message":"Quote for BINANCE:ETHUSDT: 3692.86","tag":"quote","timestamp":"2024-12-01T01:03:50.853Z"}
{"level":"info","message":"Quote for SPY: 602.55","tag":"quote","timestamp":"2024-12-01T01:04:05.276Z"}
{"level":"info","message":"Quote for BINANCE:ETHUSDT: 3692.01","tag":"quote","timestamp":"2024-12-01T01:04:05.416Z"}
{"level":"info","message":"Quote for BINANCE:BTCUSDT: 96343.65","tag":"quote","timestamp":"2024-12-01T01:04:05.464Z"}
{"level":"info","message":"Quote for SPY: 602.55","tag":"quote","timestamp":"2024-12-01T01:04:15.898Z"}
{"level":"info","message":"Quote for BINANCE:ETHUSDT: 3692.01","tag":"quote","timestamp":"2024-12-01T01:04:15.902Z"}
{"level":"info","message":"Quote for BINANCE:BTCUSDT: 96343.65","tag":"quote","timestamp":"2024-12-01T01:04:16.135Z"}
{"level":"info","message":"Quote for BINANCE:BTCUSDT: 96175.98","tag":"quote","timestamp":"2024-12-01T01:04:46.779Z"}
{"level":"info","message":"Quote for SPY: 602.55","tag":"quote","timestamp":"2024-12-01T01:04:46.784Z"}
{"level":"info","message":"Quote for BINANCE:ETHUSDT: 3683.66","tag":"quote","timestamp":"2024-12-01T01:04:47.161Z"}
{"level":"info","message":"Quote for BINANCE:BTCUSDT: 96171.62","tag":"quote","timestamp":"2024-12-01T01:05:07.128Z"}
{"level":"info","message":"Quote for BINANCE:ETHUSDT: 3681.98","tag":"quote","timestamp":"2024-12-01T01:05:07.131Z"}
{"level":"info","message":"Quote for SPY: 602.55","tag":"quote","timestamp":"2024-12-01T01:05:07.131Z"}
{"level":"info","message":"Quote for BINANCE:BTCUSDT: 96171.62","tag":"quote","timestamp":"2024-12-01T01:05:08.761Z"}
{"level":"info","message":"Quote for BINANCE:ETHUSDT: 3681.98","tag":"quote","timestamp":"2024-12-01T01:05:08.764Z"}
{"level":"info","message":"Quote for SPY: 602.55","tag":"quote","timestamp":"2024-12-01T01:05:08.950Z"}
{"level":"info","message":"Quote for BINANCE:ETHUSDT: 3684.93","tag":"quote","timestamp":"2024-12-01T01:05:17.931Z"}
{"level":"info","message":"Quote for BINANCE:BTCUSDT: 96178.88","tag":"quote","timestamp":"2024-12-01T01:05:17.935Z"}
{"level":"info","message":"Quote for SPY: 602.55","tag":"quote","timestamp":"2024-12-01T01:05:17.936Z"}
{"level":"info","message":"Quote for SPY: 602.55","tag":"quote","timestamp":"2024-12-01T01:05:32.591Z"}
{"level":"info","message":"Quote for BINANCE:BTCUSDT: 96178.88","tag":"quote","timestamp":"2024-12-01T01:05:32.737Z"}
{"level":"info","message":"Quote for BINANCE:ETHUSDT: 3684.93","tag":"quote","timestamp":"2024-12-01T01:05:32.755Z"}
{"level":"info","message":"Quote for BINANCE:BTCUSDT: 96156","tag":"quote","timestamp":"2024-12-01T01:06:22.892Z"}
{"level":"info","message":"Quote for BINANCE:ETHUSDT: 3680.63","tag":"quote","timestamp":"2024-12-01T01:06:22.895Z"}
{"level":"info","message":"Quote for SPY: 602.55","tag":"quote","timestamp":"2024-12-01T01:06:22.896Z"}
{"level":"info","message":"Quote for BINANCE:BTCUSDT: 96171.69","tag":"quote","timestamp":"2024-12-01T01:06:31.918Z"}
{"level":"info","message":"Quote for BINANCE:ETHUSDT: 3680.51","tag":"quote","timestamp":"2024-12-01T01:06:32.129Z"}
{"level":"info","message":"Quote for SPY: 602.55","tag":"quote","timestamp":"2024-12-01T01:06:32.135Z"}
{"level":"info","message":"Quote for BINANCE:ETHUSDT: 3680.51","tag":"quote","timestamp":"2024-12-01T01:06:48.307Z"}
{"level":"info","message":"Quote for BINANCE:BTCUSDT: 96171.69","tag":"quote","timestamp":"2024-12-01T01:06:48.311Z"}
{"level":"info","message":"Quote for SPY: 602.55","tag":"quote","timestamp":"2024-12-01T01:06:48.316Z"}
{"level":"info","message":"Quote for BINANCE:BTCUSDT: 96195.62","tag":"quote","timestamp":"2024-12-01T01:07:06.858Z"}
{"level":"info","message":"Quote for SPY: 602.55","tag":"quote","timestamp":"2024-12-01T01:07:06.875Z"}
{"level":"info","message":"Quote for BINANCE:ETHUSDT: 3681.58","tag":"quote","timestamp":"2024-12-01T01:07:06.881Z"}
{"level":"info","message":"Quote for SPY: 602.55","tag":"quote","timestamp":"2024-12-01T01:07:10.891Z"}
{"level":"info","message":"Quote for BINANCE:BTCUSDT: 96162.01","tag":"quote","timestamp":"2024-12-01T01:07:10.895Z"}
{"level":"info","message":"Quote for BINANCE:ETHUSDT: 3677","tag":"quote","timestamp":"2024-12-01T01:07:10.895Z"}
{"level":"info","message":"Quote for SPY: 602.55","tag":"quote","timestamp":"2024-12-01T01:07:19.887Z"}
{"level":"info","message":"Quote for BINANCE:ETHUSDT: 3677","tag":"quote","timestamp":"2024-12-01T01:07:20.078Z"}
{"level":"info","message":"Quote for BINANCE:BTCUSDT: 96162.01","tag":"quote","timestamp":"2024-12-01T01:07:20.079Z"}
{"level":"info","message":"Quote for SPY: 602.55","tag":"quote","timestamp":"2024-12-01T01:07:37.460Z"}
{"level":"info","message":"Quote for BINANCE:BTCUSDT: 96164.35","tag":"quote","timestamp":"2024-12-01T01:07:37.603Z"}
{"level":"info","message":"Quote for BINANCE:ETHUSDT: 3678.1","tag":"quote","timestamp":"2024-12-01T01:07:37.642Z"}
{"level":"info","message":"Quote for BINANCE:ETHUSDT: 3678.1","tag":"quote","timestamp":"2024-12-01T01:07:40.647Z"}
{"level":"info","message":"Quote for SPY: 602.55","tag":"quote","timestamp":"2024-12-01T01:07:40.650Z"}
{"level":"info","message":"Quote for BINANCE:BTCUSDT: 96164.35","tag":"quote","timestamp":"2024-12-01T01:07:40.842Z"}
{"level":"info","message":"Quote for SPY: 602.55","tag":"quote","timestamp":"2024-12-01T01:08:32.310Z"}
{"level":"info","message":"Quote for BINANCE:ETHUSDT: 3686.48","tag":"quote","timestamp":"2024-12-01T01:08:32.313Z"}
{"level":"info","message":"Quote for BINANCE:BTCUSDT: 96223.98","tag":"quote","timestamp":"2024-12-01T01:08:32.571Z"}
{"level":"info","message":"Quote for SPY: 602.55","tag":"quote","timestamp":"2024-12-01T01:08:57.378Z"}
{"level":"info","message":"Quote for BINANCE:BTCUSDT: 96226.25","tag":"quote","timestamp":"2024-12-01T01:08:57.382Z"}
{"level":"info","message":"Quote for BINANCE:ETHUSDT: 3687.5","tag":"quote","timestamp":"2024-12-01T01:08:57.383Z"}
{"level":"info","message":"Quote for BINANCE:BTCUSDT: 96232.97","tag":"quote","timestamp":"2024-12-01T01:13:59.711Z"}
{"level":"info","message":"Quote for BINANCE:ETHUSDT: 3681.27","tag":"quote","timestamp":"2024-12-01T01:13:59.948Z"}
{"level":"info","message":"Quote for SPY: 602.55","tag":"quote","timestamp":"2024-12-01T01:14:00.615Z"}
{"level":"info","message":"Quote for BINANCE:ETHUSDT: 3677.3","tag":"quote","timestamp":"2024-12-01T01:18:58.922Z"}
{"level":"info","message":"Quote for SPY: 602.55","tag":"quote","timestamp":"2024-12-01T01:18:58.926Z"}
{"level":"info","message":"Quote for BINANCE:BTCUSDT: 96179.83","tag":"quote","timestamp":"2024-12-01T01:18:58.932Z"}
{"level":"info","message":"Quote for BINANCE:ETHUSDT: 3686.48","tag":"quote","timestamp":"2024-12-01T01:23:58.979Z"}
{"level":"info","message":"Quote for SPY: 602.55","tag":"quote","timestamp":"2024-12-01T01:23:58.980Z"}
{"level":"info","message":"Quote for BINANCE:BTCUSDT: 96414.48","tag":"quote","timestamp":"2024-12-01T01:23:59.178Z"}
{"level":"info","message":"Quote for BINANCE:BTCUSDT: 96444.46","tag":"quote","timestamp":"2024-12-01T01:28:58.923Z"}
{"level":"info","message":"Quote for SPY: 602.55","tag":"quote","timestamp":"2024-12-01T01:28:58.926Z"}
{"level":"info","message":"Quote for BINANCE:ETHUSDT: 3692.87","tag":"quote","timestamp":"2024-12-01T01:28:59.122Z"}
{"level":"info","message":"Quote for BINANCE:ETHUSDT: 3693.19","tag":"quote","timestamp":"2024-12-01T01:31:55.944Z"}
{"level":"info","message":"Quote for SPY: 602.55","tag":"quote","timestamp":"2024-12-01T01:31:55.949Z"}
{"level":"info","message":"Quote for BINANCE:BTCUSDT: 96442.82","tag":"quote","timestamp":"2024-12-01T01:31:56.126Z"}
{"level":"info","message":"Quote for BINANCE:BTCUSDT: 96449.38","tag":"quote","timestamp":"2024-12-01T01:32:17.061Z"}
{"level":"info","message":"Quote for BINANCE:ETHUSDT: 3692.56","tag":"quote","timestamp":"2024-12-01T01:32:17.249Z"}
{"level":"info","message":"Quote for SPY: 602.55","tag":"quote","timestamp":"2024-12-01T01:32:17.250Z"}
{"level":"info","message":"Quote for BINANCE:ETHUSDT: 3692.56","tag":"quote","timestamp":"2024-12-01T01:32:20.949Z"}
{"level":"info","message":"Quote for SPY: 602.55","tag":"quote","timestamp":"2024-12-01T01:32:21.139Z"}
{"level":"info","message":"Quote for BINANCE:BTCUSDT: 96449.38","tag":"quote","timestamp":"2024-12-01T01:32:21.140Z"}
{"level":"info","message":"Quote for BINANCE:ETHUSDT: 3696.39","tag":"quote","timestamp":"2024-12-01T01:34:19.024Z"}
{"level":"info","message":"Quote for SPY: 602.55","tag":"quote","timestamp":"2024-12-01T01:34:19.027Z"}
{"level":"info","message":"Quote for BINANCE:BTCUSDT: 96487.61","tag":"quote","timestamp":"2024-12-01T01:34:19.029Z"}
{"level":"info","message":"Quote for BINANCE:BTCUSDT: 96487.6","tag":"quote","timestamp":"2024-12-01T01:34:28.346Z"}
{"level":"info","message":"Quote for BINANCE:ETHUSDT: 3697.03","tag":"quote","timestamp":"2024-12-01T01:34:28.537Z"}
{"level":"info","message":"Quote for SPY: 602.55","tag":"quote","timestamp":"2024-12-01T01:34:28.562Z"}
{"level":"info","message":"Quote for SPY: 602.55","tag":"quote","timestamp":"2024-12-01T01:36:42.552Z"}
{"level":"info","message":"Quote for BINANCE:BTCUSDT: 96499.7","tag":"quote","timestamp":"2024-12-01T01:36:42.555Z"}
{"level":"info","message":"Quote for BINANCE:ETHUSDT: 3700.38","tag":"quote","timestamp":"2024-12-01T01:36:42.745Z"}
{"level":"info","message":"Quote for BINANCE:BTCUSDT: 96499.7","tag":"quote","timestamp":"2024-12-01T01:37:00.086Z"}
{"level":"info","message":"Quote for SPY: 602.55","tag":"quote","timestamp":"2024-12-01T01:37:00.090Z"}
{"level":"info","message":"Quote for BINANCE:ETHUSDT: 3700.84","tag":"quote","timestamp":"2024-12-01T01:37:00.266Z"}
{"level":"info","message":"Quote for BINANCE:BTCUSDT: 96411.01","tag":"quote","timestamp":"2024-12-01T01:40:29.699Z"}
{"level":"info","message":"Quote for BINANCE:ETHUSDT: 3698.2","tag":"quote","timestamp":"2024-12-01T01:40:29.883Z"}
{"level":"info","message":"Quote for SPY: 602.55","tag":"quote","timestamp":"2024-12-01T01:40:29.884Z"}
{"level":"info","message":"Quote for BINANCE:BTCUSDT: 96454.11","tag":"quote","timestamp":"2024-12-01T01:44:44.651Z"}
{"level":"info","message":"Quote for SPY: 602.55","tag":"quote","timestamp":"2024-12-01T01:44:44.654Z"}
{"level":"info","message":"Quote for BINANCE:ETHUSDT: 3706.02","tag":"quote","timestamp":"2024-12-01T01:44:44.877Z"}
{"level":"info","message":"Quote for BINANCE:ETHUSDT: 3723.5","tag":"quote","timestamp":"2024-12-01T01:49:39.713Z"}
{"level":"info","message":"Quote for BINANCE:BTCUSDT: 96368.2","tag":"quote","timestamp":"2024-12-01T01:49:39.835Z"}
{"level":"info","message":"Quote for SPY: 602.55","tag":"quote","timestamp":"2024-12-01T01:49:39.855Z"}
{"level":"info","message":"Quote for BINANCE:BTCUSDT: 96187.14","tag":"quote","timestamp":"2024-12-01T01:54:40.808Z"}
{"level":"info","message":"Quote for SPY: 602.55","tag":"quote","timestamp":"2024-12-01T01:54:40.835Z"}
{"level":"info","message":"Quote for BINANCE:ETHUSDT: 3717.2","tag":"quote","timestamp":"2024-12-01T01:54:41.049Z"}
{"level":"info","message":"Quote for BINANCE:ETHUSDT: 3717.2","tag":"quote","timestamp":"2024-12-01T01:54:50.828Z"}
{"level":"info","message":"Quote for BINANCE:BTCUSDT: 96187.14","tag":"quote","timestamp":"2024-12-01T01:54:50.830Z"}
{"level":"info","message":"Quote for SPY: 602.55","tag":"quote","timestamp":"2024-12-01T01:54:50.991Z"}
{"level":"info","message":"Quote for BINANCE:BTCUSDT: 96100","tag":"quote","timestamp":"2024-12-01T01:59:51.952Z"}
{"level":"info","message":"Quote for SPY: 602.55","tag":"quote","timestamp":"2024-12-01T01:59:52.135Z"}
{"level":"info","message":"Quote for BINANCE:ETHUSDT: 3708.4","tag":"quote","timestamp":"2024-12-01T01:59:52.136Z"}
{"level":"info","message":"Quote for BINANCE:ETHUSDT: 3704.22","tag":"quote","timestamp":"2024-12-01T02:04:51.848Z"}
{"level":"info","message":"Quote for SPY: 602.55","tag":"quote","timestamp":"2024-12-01T02:04:51.849Z"}
{"level":"info","message":"Quote for BINANCE:BTCUSDT: 96141.5","tag":"quote","timestamp":"2024-12-01T02:04:51.849Z"}
{"level":"info","message":"Quote for BINANCE:ETHUSDT: 3700.79","tag":"quote","timestamp":"2024-12-01T02:09:51.879Z"}
{"level":"info","message":"Quote for BINANCE:BTCUSDT: 96156","tag":"quote","timestamp":"2024-12-01T02:09:51.881Z"}
{"level":"info","message":"Quote for SPY: 602.55","tag":"quote","timestamp":"2024-12-01T02:09:52.077Z"}
{"level":"info","message":"Quote for BINANCE:ETHUSDT: 3702.02","tag":"quote","timestamp":"2024-12-01T02:14:51.941Z"}
{"level":"info","message":"Quote for SPY: 602.55","tag":"quote","timestamp":"2024-12-01T02:14:51.942Z"}
{"level":"info","message":"Quote for BINANCE:BTCUSDT: 96209.35","tag":"quote","timestamp":"2024-12-01T02:14:52.155Z"}
{"level":"info","message":"Quote for BINANCE:BTCUSDT: 97095.24","tag":"quote","timestamp":"2024-12-01T12:07:41.512Z"}
{"level":"info","message":"Quote for SPY: 602.55","tag":"quote","timestamp":"2024-12-01T12:07:41.514Z"}
{"level":"info","message":"Quote for BINANCE:ETHUSDT: 3690.4","tag":"quote","timestamp":"2024-12-01T12:07:41.515Z"}
{"level":"info","message":"Quote for BINANCE:BTCUSDT: 97054.06","tag":"quote","timestamp":"2024-12-01T12:12:46.730Z"}
{"level":"info","message":"Quote for BINANCE:ETHUSDT: 3690.18","tag":"quote","timestamp":"2024-12-01T12:12:46.953Z"}
{"level":"info","message":"Quote for SPY: 602.55","tag":"quote","timestamp":"2024-12-01T12:12:48.808Z"}
{"level":"info","message":"Quote for BINANCE:ETHUSDT: 3687.53","tag":"quote","timestamp":"2024-12-01T12:17:46.469Z"}
{"level":"info","message":"Quote for SPY: 602.55","tag":"quote","timestamp":"2024-12-01T12:17:46.511Z"}
{"level":"info","message":"Quote for BINANCE:BTCUSDT: 97029.78","tag":"quote","timestamp":"2024-12-01T12:17:47.685Z"}
{"level":"info","message":"Quote for BINANCE:BTCUSDT: 96954.6","tag":"quote","timestamp":"2024-12-01T12:22:46.510Z"}
{"level":"info","message":"Quote for SPY: 602.55","tag":"quote","timestamp":"2024-12-01T12:22:46.511Z"}
{"level":"info","message":"Quote for BINANCE:ETHUSDT: 3688.81","tag":"quote","timestamp":"2024-12-01T12:22:46.588Z"}
{"level":"info","message":"Quote for BINANCE:BTCUSDT: 96990.98","tag":"quote","timestamp":"2024-12-01T12:27:45.662Z"}
{"level":"info","message":"Quote for SPY: 602.55","tag":"quote","timestamp":"2024-12-01T12:27:45.670Z"}
{"level":"info","message":"Quote for BINANCE:ETHUSDT: 3689.63","tag":"quote","timestamp":"2024-12-01T12:27:45.670Z"}
{"level":"info","message":"Quote for SPY: 602.55","tag":"quote","timestamp":"2024-12-01T12:32:45.839Z"}
{"level":"info","message":"Quote for BINANCE:BTCUSDT: 96899.73","tag":"quote","timestamp":"2024-12-01T12:32:45.840Z"}
{"level":"info","message":"Quote for BINANCE:ETHUSDT: 3683.99","tag":"quote","timestamp":"2024-12-01T12:32:46.620Z"}
{"level":"info","message":"Quote for BINANCE:ETHUSDT: 3683.46","tag":"quote","timestamp":"2024-12-01T12:37:46.263Z"}
{"level":"info","message":"Quote for BINANCE:BTCUSDT: 96946.93","tag":"quote","timestamp":"2024-12-01T12:37:46.299Z"}
{"level":"info","message":"Quote for SPY: 602.55","tag":"quote","timestamp":"2024-12-01T12:37:46.489Z"}
{"level":"info","message":"Quote for BINANCE:BTCUSDT: 96910.11","tag":"quote","timestamp":"2024-12-01T12:42:46.284Z"}
{"level":"info","message":"Quote for SPY: 602.55","tag":"quote","timestamp":"2024-12-01T12:42:46.520Z"}
{"level":"info","message":"Quote for BINANCE:ETHUSDT: 3686.88","tag":"quote","timestamp":"2024-12-01T12:42:48.212Z"}
{"level":"info","message":"Quote for SPY: 602.55","tag":"quote","timestamp":"2024-12-01T12:47:46.518Z"}
{"level":"info","message":"Quote for BINANCE:BTCUSDT: 96938.15","tag":"quote","timestamp":"2024-12-01T12:47:46.518Z"}
{"level":"info","message":"Quote for BINANCE:ETHUSDT: 3687.23","tag":"quote","timestamp":"2024-12-01T12:47:46.518Z"}
{"level":"info","message":"Quote for SPY: 602.55","tag":"quote","timestamp":"2024-12-01T12:52:47.503Z"}
{"level":"info","message":"Quote for BINANCE:ETHUSDT: 3683.12","tag":"quote","timestamp":"2024-12-01T12:52:47.557Z"}
{"level":"info","message":"Quote for BINANCE:BTCUSDT: 96853.51","tag":"quote","timestamp":"2024-12-01T12:52:47.567Z"}
{"level":"info","message":"Quote for SPY: 602.55","tag":"quote","timestamp":"2024-12-01T12:57:45.879Z"}
{"level":"info","message":"Quote for BINANCE:BTCUSDT: 96824.97","tag":"quote","timestamp":"2024-12-01T12:57:45.880Z"}
{"level":"info","message":"Quote for BINANCE:ETHUSDT: 3685.59","tag":"quote","timestamp":"2024-12-01T12:57:46.203Z"}
{"level":"info","message":"Quote for SPY: 602.55","tag":"quote","timestamp":"2024-12-01T13:02:45.669Z"}
{"level":"info","message":"Quote for BINANCE:BTCUSDT: 96681.91","tag":"quote","timestamp":"2024-12-01T13:02:45.737Z"}
{"level":"info","message":"Quote for BINANCE:ETHUSDT: 3682.51","tag":"quote","timestamp":"2024-12-01T13:02:46.496Z"}
{"level":"info","message":"Quote for BINANCE:ETHUSDT: 3687.91","tag":"quote","timestamp":"2024-12-01T13:07:45.603Z"}
{"level":"info","message":"Quote for BINANCE:BTCUSDT: 96936.52","tag":"quote","timestamp":"2024-12-01T13:07:45.674Z"}
{"level":"info","message":"Quote for SPY: 602.55","tag":"quote","timestamp":"2024-12-01T13:07:45.958Z"}
{"level":"info","message":"Quote for BINANCE:BTCUSDT: 96987.98","tag":"quote","timestamp":"2024-12-01T13:12:46.360Z"}
{"level":"info","message":"Quote for BINANCE:ETHUSDT: 3694.45","tag":"quote","timestamp":"2024-12-01T13:12:46.370Z"}
{"level":"info","message":"Quote for SPY: 602.55","tag":"quote","timestamp":"2024-12-01T13:12:46.373Z"}
{"level":"info","message":"Quote for BINANCE:ETHUSDT: 3702.99","tag":"quote","timestamp":"2024-12-01T13:17:45.882Z"}
{"level":"info","message":"Quote for BINANCE:BTCUSDT: 97099.99","tag":"quote","timestamp":"2024-12-01T13:17:45.907Z"}
{"level":"info","message":"Quote for SPY: 602.55","tag":"quote","timestamp":"2024-12-01T13:17:45.910Z"}
{"level":"info","message":"Quote for BINANCE:ETHUSDT: 3702.15","tag":"quote","timestamp":"2024-12-01T13:22:47.123Z"}
{"level":"info","message":"Quote for SPY: 602.55","tag":"quote","timestamp":"2024-12-01T13:22:47.210Z"}
{"level":"info","message":"Quote for BINANCE:BTCUSDT: 97267.98","tag":"quote","timestamp":"2024-12-01T13:22:47.255Z"}
{"level":"info","message":"Quote for SPY: 602.55","tag":"quote","timestamp":"2024-12-01T13:27:46.913Z"}
{"level":"info","message":"Quote for BINANCE:ETHUSDT: 3703.48","tag":"quote","timestamp":"2024-12-01T13:27:46.938Z"}
{"level":"info","message":"Quote for BINANCE:BTCUSDT: 97300","tag":"quote","timestamp":"2024-12-01T13:27:46.944Z"}
{"level":"info","message":"Quote for SPY: 602.55","tag":"quote","timestamp":"2024-12-01T13:32:47.424Z"}
{"level":"info","message":"Quote for BINANCE:ETHUSDT: 3699.41","tag":"quote","timestamp":"2024-12-01T13:32:47.951Z"}
{"level":"info","message":"Quote for BINANCE:BTCUSDT: 97230.01","tag":"quote","timestamp":"2024-12-01T13:32:49.871Z"}
{"level":"info","message":"Quote for BINANCE:BTCUSDT: 97222.57","tag":"quote","timestamp":"2024-12-01T13:37:48.885Z"}
{"level":"info","message":"Quote for SPY: 602.55","tag":"quote","timestamp":"2024-12-01T13:37:48.990Z"}
{"level":"info","message":"Quote for BINANCE:ETHUSDT: 3700.8","tag":"quote","timestamp":"2024-12-01T13:37:49.154Z"}
{"level":"info","message":"Quote for BINANCE:ETHUSDT: 3280","tag":"quote","timestamp":"2025-01-11T15:06:42.141Z"}
{"level":"info","message":"Quote for SPY: 580.49","tag":"quote","timestamp":"2025-01-11T15:06:42.143Z"}
{"level":"info","message":"Quote for BINANCE:BTCUSDT: 94605.88","tag":"quote","timestamp":"2025-01-11T15:06:42.144Z"}
{"level":"info","message":"Quote for SPY: 580.49","tag":"quote","timestamp":"2025-01-11T15:11:43.361Z"}
{"level":"info","message":"Quote for BINANCE:BTCUSDT: 94550.41","tag":"quote","timestamp":"2025-01-11T15:11:43.378Z"}
{"level":"info","message":"Quote for BINANCE:ETHUSDT: 3275.64","tag":"quote","timestamp":"2025-01-11T15:11:43.381Z"}
{"level":"info","message":"Quote for BINANCE:ETHUSDT: 3271.52","tag":"quote","timestamp":"2025-01-11T15:15:14.116Z"}
{"level":"info","message":"Quote for BINANCE:BTCUSDT: 94493.2","tag":"quote","timestamp":"2025-01-11T15:15:14.118Z"}
{"level":"info","message":"Quote for SPY: 580.49","tag":"quote","timestamp":"2025-01-11T15:15:14.120Z"}
{"level":"info","message":"Quote for BINANCE:BTCUSDT: 94451.71","tag":"quote","timestamp":"2025-01-11T15:18:24.117Z"}
{"level":"info","message":"Quote for SPY: 580.49","tag":"quote","timestamp":"2025-01-11T15:18:24.120Z"}
{"level":"info","message":"Quote for BINANCE:ETHUSDT: 3270.32","tag":"quote","timestamp":"2025-01-11T15:18:24.121Z"}
{"level":"info","message":"Quote for SPY: 580.49","tag":"quote","timestamp":"2025-01-11T15:23:24.487Z"}
{"level":"info","message":"Quote for BINANCE:BTCUSDT: 94449.93","tag":"quote","timestamp":"2025-01-11T15:23:24.488Z"}
{"level":"info","message":"Quote for BINANCE:ETHUSDT: 3270.6","tag":"quote","timestamp":"2025-01-11T15:23:24.494Z"}
{"level":"info","message":"Quote for SPY: 580.49","tag":"quote","timestamp":"2025-01-11T20:20:18.127Z"}
{"level":"info","message":"Quote for BINANCE:ETHUSDT: 3281.84","tag":"quote","timestamp":"2025-01-11T20:20:18.130Z"}
{"level":"info","message":"Quote for BINANCE:BTCUSDT: 94299.99","tag":"quote","timestamp":"2025-01-11T20:20:18.131Z"}
{"level":"info","message":"Quote for SPY: 580.49","tag":"quote","timestamp":"2025-01-11T20:20:21.486Z"}
{"level":"info","message":"Quote for BINANCE:BTCUSDT: 94338.78","tag":"quote","timestamp":"2025-01-11T20:20:21.490Z"}
{"level":"info","message":"Quote for BINANCE:ETHUSDT: 3282.3","tag":"quote","timestamp":"2025-01-11T20:20:21.491Z"}
{"level":"info","message":"Quote for BINANCE:BTCUSDT: 94315.77","tag":"quote","timestamp":"2025-01-11T20:21:01.805Z"}
{"level":"info","message":"Quote for BINANCE:ETHUSDT: 3281.01","tag":"quote","timestamp":"2025-01-11T20:21:01.811Z"}
{"level":"info","message":"Quote for SPY: 580.49","tag":"quote","timestamp":"2025-01-11T20:21:01.812Z"}
{"level":"info","message":"Quote for BINANCE:ETHUSDT: 3282.61","tag":"quote","timestamp":"2025-01-11T20:26:02.148Z"}
{"level":"info","message":"Quote for SPY: 580.49","tag":"quote","timestamp":"2025-01-11T20:26:02.150Z"}
{"level":"info","message":"Quote for BINANCE:BTCUSDT: 94326.51","tag":"quote","timestamp":"2025-01-11T20:26:02.153Z"}
{"level":"info","message":"Quote for BINANCE:BTCUSDT: 94443.19","tag":"quote","timestamp":"2025-01-11T20:32:54.497Z"}
{"level":"info","message":"Quote for SPY: 580.49","tag":"quote","timestamp":"2025-01-11T20:32:54.502Z"}
{"level":"info","message":"Quote for BINANCE:ETHUSDT: 3287.5","tag":"quote","timestamp":"2025-01-11T20:32:54.528Z"}
{"level":"info","message":"Quote for SPY: 580.49","tag":"quote","timestamp":"2025-01-11T20:34:41.355Z"}
{"level":"info","message":"Quote for BINANCE:ETHUSDT: 3288.52","tag":"quote","timestamp":"2025-01-11T20:34:41.363Z"}
{"level":"info","message":"Quote for BINANCE:BTCUSDT: 94432.54","tag":"quote","timestamp":"2025-01-11T20:34:41.364Z"}
{"level":"info","message":"Quote for SPY: 580.49","tag":"quote","timestamp":"2025-01-11T20:35:21.914Z"}
{"level":"info","message":"Quote for BINANCE:BTCUSDT: 94464.37","tag":"quote","timestamp":"2025-01-11T20:35:21.917Z"}
{"level":"info","message":"Quote for BINANCE:ETHUSDT: 3289.51","tag":"quote","timestamp":"2025-01-11T20:35:21.918Z"}
{"level":"info","message":"Quote for BINANCE:BTCUSDT: 94464.37","tag":"quote","timestamp":"2025-01-11T20:35:26.522Z"}
{"level":"info","message":"Quote for SPY: 580.49","tag":"quote","timestamp":"2025-01-11T20:35:26.525Z"}
{"level":"info","message":"Quote for BINANCE:ETHUSDT: 3289.51","tag":"quote","timestamp":"2025-01-11T20:35:26.526Z"}
{"level":"info","message":"Quote for BINANCE:BTCUSDT: 94456.02","tag":"quote","timestamp":"2025-01-11T20:35:48.054Z"}
{"level":"info","message":"Quote for BINANCE:ETHUSDT: 3287.82","tag":"quote","timestamp":"2025-01-11T20:35:48.057Z"}
{"level":"info","message":"Quote for SPY: 580.49","tag":"quote","timestamp":"2025-01-11T20:35:48.058Z"}
{"level":"info","message":"Quote for SPY: 580.49","tag":"quote","timestamp":"2025-01-11T20:36:44.106Z"}
{"level":"info","message":"Quote for BINANCE:ETHUSDT: 3286.45","tag":"quote","timestamp":"2025-01-11T20:36:44.110Z"}
{"level":"info","message":"Quote for BINANCE:BTCUSDT: 94400.01","tag":"quote","timestamp":"2025-01-11T20:36:44.111Z"}
{"level":"info","message":"Quote for SPY: 580.49","tag":"quote","timestamp":"2025-01-11T20:39:16.369Z"}
{"level":"info","message":"Quote for BINANCE:ETHUSDT: 3291.21","tag":"quote","timestamp":"2025-01-11T20:39:16.373Z"}
{"level":"info","message":"Quote for BINANCE:BTCUSDT: 94466.49","tag":"quote","timestamp":"2025-01-11T20:39:16.374Z"}
{"level":"info","message":"Quote for BINANCE:ETHUSDT: 3308.62","tag":"quote","timestamp":"2025-01-11T21:52:44.618Z"}
{"level":"info","message":"Quote for BINANCE:BTCUSDT: 94902.19","tag":"quote","timestamp":"2025-01-11T21:52:44.628Z"}
{"level":"info","message":"Quote for SPY: 580.49","tag":"quote","timestamp":"2025-01-11T21:52:44.629Z"}
{"level":"info","message":"Quote for BINANCE:ETHUSDT: 3307.02","tag":"quote","timestamp":"2025-01-11T21:57:45.171Z"}
{"level":"info","message":"Quote for SPY: 580.49","tag":"quote","timestamp":"2025-01-11T21:57:45.173Z"}
{"level":"info","message":"Quote for BINANCE:BTCUSDT: 94916","tag":"quote","timestamp":"2025-01-11T21:57:45.174Z"}
{"level":"info","message":"Quote for BINANCE:BTCUSDT: 94937.09","tag":"quote","timestamp":"2025-01-11T22:02:45.195Z"}
{"level":"info","message":"Quote for BINANCE:ETHUSDT: 3308.02","tag":"quote","timestamp":"2025-01-11T22:02:45.201Z"}
{"level":"info","message":"Quote for SPY: 580.49","tag":"quote","timestamp":"2025-01-11T22:02:45.219Z"}
{"level":"info","message":"Quote for BINANCE:ETHUSDT: 3305.46","tag":"quote","timestamp":"2025-01-11T22:07:45.174Z"}
{"level":"info","message":"Quote for BINANCE:BTCUSDT: 94922.73","tag":"quote","timestamp":"2025-01-11T22:07:45.184Z"}
{"level":"info","message":"Quote for SPY: 580.49","tag":"quote","timestamp":"2025-01-11T22:07:45.186Z"}
{"level":"info","message":"Quote for SPY: 580.49","tag":"quote","timestamp":"2025-01-11T22:12:45.192Z"}
{"level":"info","message":"Quote for BINANCE:BTCUSDT: 94818.19","tag":"quote","timestamp":"2025-01-11T22:12:45.202Z"}
{"level":"info","message":"Quote for BINANCE:ETHUSDT: 3300.79","tag":"quote","timestamp":"2025-01-11T22:12:45.204Z"}
{"level":"info","message":"Quote for BINANCE:BTCUSDT: 94757.58","tag":"quote","timestamp":"2025-01-11T22:17:45.200Z"}
{"level":"info","message":"Quote for SPY: 580.49","tag":"quote","timestamp":"2025-01-11T22:17:45.201Z"}
{"level":"info","message":"Quote for BINANCE:ETHUSDT: 3297.09","tag":"quote","timestamp":"2025-01-11T22:17:45.202Z"}
{"level":"info","message":"Quote for BINANCE:ETHUSDT: 3295.11","tag":"quote","timestamp":"2025-01-11T22:22:45.227Z"}
{"level":"info","message":"Quote for BINANCE:BTCUSDT: 94762.55","tag":"quote","timestamp":"2025-01-11T22:22:45.228Z"}
{"level":"info","message":"Quote for SPY: 580.49","tag":"quote","timestamp":"2025-01-11T22:22:45.229Z"}
{"level":"info","message":"Quote for BINANCE:BTCUSDT: 94728.89","tag":"quote","timestamp":"2025-01-11T22:27:45.207Z"}
{"level":"info","message":"Quote for SPY: 580.49","tag":"quote","timestamp":"2025-01-11T22:27:45.208Z"}
{"level":"info","message":"Quote for BINANCE:ETHUSDT: 3292.22","tag":"quote","timestamp":"2025-01-11T22:27:45.211Z"}
{"level":"info","message":"Quote for BINANCE:BTCUSDT: 94656.41","tag":"quote","timestamp":"2025-01-11T22:32:45.213Z"}
{"level":"info","message":"Quote for SPY: 580.49","tag":"quote","timestamp":"2025-01-11T22:32:45.216Z"}
{"level":"info","message":"Quote for BINANCE:ETHUSDT: 3288","tag":"quote","timestamp":"2025-01-11T22:32:45.221Z"}
{"level":"info","message":"Quote for SPY: 580.49","tag":"quote","timestamp":"2025-01-11T22:37:45.239Z"}
{"level":"info","message":"Quote for BINANCE:ETHUSDT: 3293.71","tag":"quote","timestamp":"2025-01-11T22:37:45.240Z"}
{"level":"info","message":"Quote for BINANCE:BTCUSDT: 94747.33","tag":"quote","timestamp":"2025-01-11T22:37:45.242Z"}
{"level":"info","message":"Quote for SPY: 580.49","tag":"quote","timestamp":"2025-01-11T22:42:45.270Z"}
{"level":"info","message":"Quote for BINANCE:BTCUSDT: 94731.77","tag":"quote","timestamp":"2025-01-11T22:42:45.271Z"}
{"level":"info","message":"Quote for BINANCE:ETHUSDT: 3293.54","tag":"quote","timestamp":"2025-01-11T22:42:45.272Z"}
{"level":"info","message":"Quote for BINANCE:BTCUSDT: 94651.42","tag":"quote","timestamp":"2025-01-11T22:47:45.275Z"}
{"level":"info","message":"Quote for SPY: 580.49","tag":"quote","timestamp":"2025-01-11T22:47:45.285Z"}
{"level":"info","message":"Quote for BINANCE:ETHUSDT: 3293.88","tag":"quote","timestamp":"2025-01-11T22:47:45.285Z"}
{"level":"info","message":"Quote for BINANCE:ETHUSDT: 3290.59","tag":"quote","timestamp":"2025-01-11T22:52:45.252Z"}
{"level":"info","message":"Quote for BINANCE:BTCUSDT: 94617.16","tag":"quote","timestamp":"2025-01-11T22:52:45.253Z"}
{"level":"info","message":"Quote for SPY: 580.49","tag":"quote","timestamp":"2025-01-11T22:52:45.268Z"}
{"level":"info","message":"Quote for BINANCE:ETHUSDT: 3290.89","tag":"quote","timestamp":"2025-01-11T22:57:45.263Z"}
{"level":"info","message":"Quote for BINANCE:BTCUSDT: 94641.35","tag":"quote","timestamp":"2025-01-11T22:57:45.268Z"}
{"level":"info","message":"Quote for SPY: 580.49","tag":"quote","timestamp":"2025-01-11T22:57:45.277Z"}
{"level":"info","message":"Quote for BINANCE:BTCUSDT: 94643.96","tag":"quote","timestamp":"2025-01-11T23:02:45.273Z"}
{"level":"info","message":"Quote for SPY: 580.49","tag":"quote","timestamp":"2025-01-11T23:02:45.274Z"}
{"level":"info","message":"Quote for BINANCE:ETHUSDT: 3290.56","tag":"quote","timestamp":"2025-01-11T23:02:45.280Z"}
{"level":"info","message":"Quote for BINANCE:ETHUSDT: 3286.26","tag":"quote","timestamp":"2025-01-11T23:07:45.275Z"}
{"level":"info","message":"Quote for BINANCE:BTCUSDT: 94580.32","tag":"quote","timestamp":"2025-01-11T23:07:45.276Z"}
{"level":"info","message":"Quote for SPY: 580.49","tag":"quote","timestamp":"2025-01-11T23:07:45.277Z"}
{"level":"info","message":"Quote for BINANCE:BTCUSDT: 94626.91","tag":"quote","timestamp":"2025-01-11T23:12:45.309Z"}
{"level":"info","message":"Quote for BINANCE:ETHUSDT: 3290.83","tag":"quote","timestamp":"2025-01-11T23:12:45.310Z"}
{"level":"info","message":"Quote for SPY: 580.49","tag":"quote","timestamp":"2025-01-11T23:12:45.324Z"}
{"level":"info","message":"Quote for BINANCE:ETHUSDT: 3285.78","tag":"quote","timestamp":"2025-01-11T23:17:45.294Z"}
{"level":"info","message":"Quote for BINANCE:BTCUSDT: 94567.42","tag":"quote","timestamp":"2025-01-11T23:17:45.295Z"}
{"level":"info","message":"Quote for SPY: 580.49","tag":"quote","timestamp":"2025-01-11T23:17:45.296Z"}
{"level":"info","message":"Quote for BINANCE:ETHUSDT: 3288.35","tag":"quote","timestamp":"2025-01-11T23:22:45.345Z"}
{"level":"info","message":"Quote for BINANCE:BTCUSDT: 94639.18","tag":"quote","timestamp":"2025-01-11T23:22:45.359Z"}
{"level":"info","message":"Quote for SPY: 580.49","tag":"quote","timestamp":"2025-01-11T23:22:45.391Z"}
{"level":"info","message":"Quote for BINANCE:ETHUSDT: 3292.79","tag":"quote","timestamp":"2025-01-11T23:27:45.312Z"}
{"level":"info","message":"Quote for BINANCE:BTCUSDT: 94686.88","tag":"quote","timestamp":"2025-01-11T23:27:45.320Z"}
{"level":"info","message":"Quote for SPY: 580.49","tag":"quote","timestamp":"2025-01-11T23:27:45.327Z"}
{"level":"info","message":"Quote for SPY: 580.49","tag":"quote","timestamp":"2025-01-11T23:32:45.322Z"}
{"level":"info","message":"Quote for BINANCE:BTCUSDT: 94673.27","tag":"quote","timestamp":"2025-01-11T23:32:45.324Z"}
{"level":"info","message":"Quote for BINANCE:ETHUSDT: 3293.77","tag":"quote","timestamp":"2025-01-11T23:32:45.325Z"}
{"level":"info","message":"Quote for SPY: 580.49","tag":"quote","timestamp":"2025-01-11T23:37:45.366Z"}
{"level":"info","message":"Quote for BINANCE:BTCUSDT: 94732.92","tag":"quote","timestamp":"2025-01-11T23:37:45.368Z"}
{"level":"info","message":"Quote for BINANCE:ETHUSDT: 3293.6","tag":"quote","timestamp":"2025-01-11T23:37:45.370Z"}
{"level":"info","message":"Quote for BINANCE:BTCUSDT: 94684.98","tag":"quote","timestamp":"2025-01-11T23:42:45.334Z"}
{"level":"info","message":"Quote for BINANCE:ETHUSDT: 3289.52","tag":"quote","timestamp":"2025-01-11T23:42:45.336Z"}
{"level":"info","message":"Quote for SPY: 580.49","tag":"quote","timestamp":"2025-01-11T23:42:45.337Z"}
{"level":"info","message":"Quote for BINANCE:ETHUSDT: 3283.45","tag":"quote","timestamp":"2025-01-11T23:47:45.350Z"}
{"level":"info","message":"Quote for SPY: 580.49","tag":"quote","timestamp":"2025-01-11T23:47:45.351Z"}
{"level":"info","message":"Quote for BINANCE:BTCUSDT: 94586.53","tag":"quote","timestamp":"2025-01-11T23:47:45.358Z"}
{"level":"info","message":"Quote for SPY: 580.49","tag":"quote","timestamp":"2025-01-11T23:52:45.348Z"}
{"level":"info","message":"Quote for BINANCE:BTCUSDT: 94647.3","tag":"quote","timestamp":"2025-01-11T23:52:45.349Z"}
{"level":"info","message":"Quote for BINANCE:ETHUSDT: 3284.39","tag":"quote","timestamp":"2025-01-11T23:52:45.350Z"}
{"level":"info","message":"Quote for SPY: 580.49","tag":"quote","timestamp":"2025-01-11T23:57:45.354Z"}
{"level":"info","message":"Quote for BINANCE:BTCUSDT: 94563.25","tag":"quote","timestamp":"2025-01-11T23:57:45.355Z"}
{"level":"info","message":"Quote for BINANCE:ETHUSDT: 3282.05","tag":"quote","timestamp":"2025-01-11T23:57:45.361Z"}
{"level":"info","message":"Quote for BINANCE:ETHUSDT: 3282.51","tag":"quote","timestamp":"2025-01-12T00:02:45.367Z"}
{"level":"info","message":"Quote for SPY: 580.49","tag":"quote","timestamp":"2025-01-12T00:02:45.369Z"}
{"level":"info","message":"Quote for BINANCE:BTCUSDT: 94600.01","tag":"quote","timestamp":"2025-01-12T00:02:45.536Z"}
{"level":"info","message":"Quote for BINANCE:ETHUSDT: 3026.24","tag":"quote","timestamp":"2025-01-13T18:10:00.281Z"}
{"level":"info","message":"Quote for BINANCE:BTCUSDT: 92239.91","tag":"quote","timestamp":"2025-01-13T18:10:00.284Z"}
{"level":"info","message":"Quote for SPY: 579.51","tag":"quote","timestamp":"2025-01-13T18:10:00.285Z"}
{"level":"info","message":"Quote for BINANCE:ETHUSDT: 3014.86","tag":"quote","timestamp":"2025-01-13T18:15:01.755Z"}
{"level":"info","message":"Quote for SPY: 579.45","tag":"quote","timestamp":"2025-01-13T18:15:01.773Z"}
{"level":"info","message":"Quote for BINANCE:BTCUSDT: 92033.93","tag":"quote","timestamp":"2025-01-13T18:15:01.778Z"}
{"level":"info","message":"Quote for BINANCE:ETHUSDT: 2996.82","tag":"quote","timestamp":"2025-01-13T18:20:01.715Z"}
{"level":"info","message":"Quote for BINANCE:BTCUSDT: 91782.64","tag":"quote","timestamp":"2025-01-13T18:20:01.721Z"}
{"level":"info","message":"Quote for SPY: 579.03","tag":"quote","timestamp":"2025-01-13T18:20:01.723Z"}
{"level":"info","message":"Quote for BINANCE:BTCUSDT: 93780","tag":"quote","timestamp":"2025-01-13T21:24:55.871Z"}
{"level":"info","message":"Quote for SPY: 581.39","tag":"quote","timestamp":"2025-01-13T21:24:55.873Z"}
{"level":"info","message":"Quote for BINANCE:ETHUSDT: 3105.99","tag":"quote","timestamp":"2025-01-13T21:24:55.876Z"}
{"level":"info","message":"Quote for SPY: 581.39","tag":"quote","timestamp":"2025-01-13T21:29:56.502Z"}
{"level":"info","message":"Quote for BINANCE:BTCUSDT: 93828.16","tag":"quote","timestamp":"2025-01-13T21:29:56.513Z"}
{"level":"info","message":"Quote for BINANCE:ETHUSDT: 3103","tag":"quote","timestamp":"2025-01-13T21:29:56.515Z"}
{"level":"info","message":"Quote for BINANCE:ETHUSDT: 3211.97","tag":"quote","timestamp":"2025-01-15T13:21:11.776Z"}
{"level":"info","message":"Quote for BINANCE:BTCUSDT: 97053.96","tag":"quote","timestamp":"2025-01-15T13:21:11.779Z"}
{"level":"info","message":"Quote for SPY: 582.19","tag":"quote","timestamp":"2025-01-15T13:21:11.807Z"}
{"level":"info","message":"Quote for BINANCE:ETHUSDT: 3215.11","tag":"quote","timestamp":"2025-01-15T13:25:34.667Z"}
{"level":"info","message":"Quote for SPY: 582.19","tag":"quote","timestamp":"2025-01-15T13:25:34.670Z"}
{"level":"info","message":"Quote for BINANCE:BTCUSDT: 97288.09","tag":"quote","timestamp":"2025-01-15T13:25:34.670Z"}
{"level":"info","message":"Quote for BINANCE:BTCUSDT: 97331.16","tag":"quote","timestamp":"2025-01-15T13:28:08.235Z"}
{"level":"info","message":"Quote for SPY: 582.19","tag":"quote","timestamp":"2025-01-15T13:28:08.237Z"}
{"level":"info","message":"Quote for BINANCE:ETHUSDT: 3224.81","tag":"quote","timestamp":"2025-01-15T13:28:08.238Z"}
{"level":"info","message":"Quote for BINANCE:BTCUSDT: 98443.78","tag":"quote","timestamp":"2025-01-15T13:33:08.739Z"}
{"level":"info","message":"Quote for BINANCE:ETHUSDT: 3275.97","tag":"quote","timestamp":"2025-01-15T13:33:08.750Z"}
{"level":"info","message":"Quote for SPY: 582.19","tag":"quote","timestamp":"2025-01-15T13:33:08.753Z"}
{"level":"info","message":"Quote for BINANCE:ETHUSDT: 3280.46","tag":"quote","timestamp":"2025-01-15T13:33:24.457Z"}
{"level":"info","message":"Quote for SPY: 582.19","tag":"quote","timestamp":"2025-01-15T13:33:24.460Z"}
{"level":"info","message":"Quote for BINANCE:BTCUSDT: 98507.31","tag":"quote","timestamp":"2025-01-15T13:33:24.460Z"}
{"level":"info","message":"Quote for BINANCE:BTCUSDT: 98533.75","tag":"quote","timestamp":"2025-01-15T13:34:13.475Z"}
{"level":"info","message":"Quote for BINANCE:ETHUSDT: 3275.72","tag":"quote","timestamp":"2025-01-15T13:34:13.483Z"}
{"level":"info","message":"Quote for SPY: 582.19","tag":"quote","timestamp":"2025-01-15T13:34:13.484Z"}
{"level":"info","message":"Quote for SPY: 582.19","tag":"quote","timestamp":"2025-01-15T13:34:49.962Z"}
{"level":"info","message":"Quote for BINANCE:BTCUSDT: 98564.44","tag":"quote","timestamp":"2025-01-15T13:34:49.968Z"}
{"level":"info","message":"Quote for BINANCE:ETHUSDT: 3276.81","tag":"quote","timestamp":"2025-01-15T13:34:49.971Z"}
{"level":"info","message":"Quote for BINANCE:BTCUSDT: 98513.12","tag":"quote","timestamp":"2025-01-15T13:35:05.139Z"}
{"level":"info","message":"Quote for BINANCE:ETHUSDT: 3276.47","tag":"quote","timestamp":"2025-01-15T13:35:05.142Z"}
{"level":"info","message":"Quote for SPY: 582.19","tag":"quote","timestamp":"2025-01-15T13:35:05.169Z"}
{"level":"info","message":"Quote for SPY: 582.19","tag":"quote","timestamp":"2025-01-15T13:35:14.599Z"}
{"level":"info","message":"Quote for BINANCE:ETHUSDT: 3276.47","tag":"quote","timestamp":"2025-01-15T13:35:14.602Z"}
{"level":"info","message":"Quote for BINANCE:BTCUSDT: 98513.12","tag":"quote","timestamp":"2025-01-15T13:35:14.604Z"}
{"level":"info","message":"Quote for BINANCE:ETHUSDT: 3270.3","tag":"quote","timestamp":"2025-01-15T13:38:50.080Z"}
{"level":"info","message":"Quote for BINANCE:BTCUSDT: 98493.35","tag":"quote","timestamp":"2025-01-15T13:38:50.082Z"}
{"level":"info","message":"Quote for SPY: 582.19","tag":"quote","timestamp":"2025-01-15T13:38:50.083Z"}
{"level":"info","message":"Quote for BINANCE:BTCUSDT: 98408.23","tag":"quote","timestamp":"2025-01-15T13:39:53.385Z"}
{"level":"info","message":"Quote for SPY: 582.19","tag":"quote","timestamp":"2025-01-15T13:39:53.388Z"}
{"level":"info","message":"Quote for BINANCE:ETHUSDT: 3268.5","tag":"quote","timestamp":"2025-01-15T13:39:53.389Z"}
{"level":"info","message":"Quote for BINANCE:BTCUSDT: 98485.55","tag":"quote","timestamp":"2025-01-15T13:44:54.065Z"}
{"level":"info","message":"Quote for BINANCE:ETHUSDT: 3268.55","tag":"quote","timestamp":"2025-01-15T13:44:54.083Z"}
{"level":"info","message":"Quote for SPY: 582.19","tag":"quote","timestamp":"2025-01-15T13:44:54.086Z"}
{"level":"info","message":"Quote for SPY: 582.19","tag":"quote","timestamp":"2025-01-15T13:49:53.864Z"}
{"level":"info","message":"Quote for BINANCE:ETHUSDT: 3287.87","tag":"quote","timestamp":"2025-01-15T13:49:53.866Z"}
{"level":"info","message":"Quote for BINANCE:BTCUSDT: 98993.99","tag":"quote","timestamp":"2025-01-15T13:49:54.044Z"}
{"level":"info","message":"Quote for BINANCE:BTCUSDT: 98872.17","tag":"quote","timestamp":"2025-01-15T13:56:49.071Z"}
{"level":"info","message":"Quote for SPY: 582.19","tag":"quote","timestamp":"2025-01-15T13:56:49.074Z"}
{"level":"info","message":"Quote for BINANCE:ETHUSDT: 3287.17","tag":"quote","timestamp":"2025-01-15T13:56:49.097Z"}
{"level":"info","message":"Quote for BINANCE:ETHUSDT: 3306.28","tag":"quote","timestamp":"2025-01-15T14:01:49.617Z"}
{"level":"info","message":"Quote for SPY: 582.19","tag":"quote","timestamp":"2025-01-15T14:01:49.619Z"}
{"level":"info","message":"Quote for BINANCE:BTCUSDT: 99358.3","tag":"quote","timestamp":"2025-01-15T14:01:49.625Z"}
{"level":"info","message":"Quote for BINANCE:ETHUSDT: 3311.36","tag":"quote","timestamp":"2025-01-15T14:06:49.619Z"}
{"level":"info","message":"Quote for BINANCE:BTCUSDT: 99320.14","tag":"quote","timestamp":"2025-01-15T14:06:49.621Z"}
{"level":"info","message":"Quote for SPY: 582.19","tag":"quote","timestamp":"2025-01-15T14:06:49.626Z"}
{"level":"info","message":"Quote for BINANCE:BTCUSDT: 99127.79","tag":"quote","timestamp":"2025-01-15T14:11:49.819Z"}
{"level":"info","message":"Quote for SPY: 582.19","tag":"quote","timestamp":"2025-01-15T14:11:49.821Z"}
{"level":"info","message":"Quote for BINANCE:ETHUSDT: 3302","tag":"quote","timestamp":"2025-01-15T14:11:49.842Z"}
{"level":"info","message":"Quote for BINANCE:ETHUSDT: 3283.46","tag":"quote","timestamp":"2025-01-15T14:16:49.627Z"}
{"level":"info","message":"Quote for BINANCE:BTCUSDT: 98800","tag":"quote","timestamp":"2025-01-15T14:16:49.629Z"}
{"level":"info","message":"Quote for SPY: 582.19","tag":"quote","timestamp":"2025-01-15T14:16:49.800Z"}
{"level":"info","message":"Quote for BINANCE:BTCUSDT: 98990.89","tag":"quote","timestamp":"2025-01-15T14:21:49.841Z"}
{"level":"info","message":"Quote for SPY: 582.19","tag":"quote","timestamp":"2025-01-15T14:21:49.849Z"}
{"level":"info","message":"Quote for BINANCE:ETHUSDT: 3291.93","tag":"quote","timestamp":"2025-01-15T14:21:49.852Z"}
{"level":"info","message":"Quote for BINANCE:BTCUSDT: 99128.39","tag":"quote","timestamp":"2025-01-15T14:26:49.841Z"}
{"level":"info","message":"Quote for SPY: 582.19","tag":"quote","timestamp":"2025-01-15T14:26:49.848Z"}
{"level":"info","message":"Quote for BINANCE:ETHUSDT: 3296.8","tag":"quote","timestamp":"2025-01-15T14:26:49.857Z"}
{"level":"info","message":"Quote for SPY: 589.93","tag":"quote","timestamp":"2025-01-15T14:31:49.669Z"}
{"level":"info","message":"Quote for BINANCE:BTCUSDT: 98886.71","tag":"quote","timestamp":"2025-01-15T14:31:49.671Z"}
{"level":"info","message":"Quote for BINANCE:ETHUSDT: 3295.72","tag":"quote","timestamp":"2025-01-15T14:31:49.676Z"}
{"level":"info","message":"Quote for BINANCE:ETHUSDT: 3285.85","tag":"quote","timestamp":"2025-01-15T14:36:49.656Z"}
{"level":"info","message":"Quote for SPY: 590.2537","tag":"quote","timestamp":"2025-01-15T14:36:49.666Z"}
{"level":"info","message":"Quote for BINANCE:BTCUSDT: 98725.19","tag":"quote","timestamp":"2025-01-15T14:36:49.672Z"}
{"level":"info","message":"Quote for BINANCE:BTCUSDT: 84055.09","tag":"quote","timestamp":"2025-03-15T11:46:09.823Z"}
{"level":"info","message":"Quote for SPY: 562.81","tag":"quote","timestamp":"2025-03-15T11:46:09.825Z"}
{"level":"info","message":"Quote for BINANCE:ETHUSDT: 1928.45","tag":"quote","timestamp":"2025-03-15T11:46:09.826Z"}
{"level":"info","message":"Quote for BINANCE:BTCUSDT: 84143.8","tag":"quote","timestamp":"2025-03-15T11:51:10.290Z"}
{"level":"info","message":"Quote for BINANCE:ETHUSDT: 1930.21","tag":"quote","timestamp":"2025-03-15T11:51:10.291Z"}
{"level":"info","message":"Quote for SPY: 562.81","tag":"quote","timestamp":"2025-03-15T11:51:10.297Z"}
{"level":"info","message":"Quote for SPY: 562.81","tag":"quote","timestamp":"2025-03-15T11:56:10.277Z"}
{"level":"info","message":"Quote for BINANCE:ETHUSDT: 1930.81","tag":"quote","timestamp":"2025-03-15T11:56:10.278Z"}
{"level":"info","message":"Quote for BINANCE:BTCUSDT: 84100.01","tag":"quote","timestamp":"2025-03-15T11:56:10.285Z"}
{"level":"info","message":"Quote for BINANCE:BTCUSDT: 84055","tag":"quote","timestamp":"2025-03-15T12:01:10.314Z"}
{"level":"info","message":"Quote for SPY: 562.81","tag":"quote","timestamp":"2025-03-15T12:01:10.314Z"}
{"level":"info","message":"Quote for BINANCE:ETHUSDT: 1928.79","tag":"quote","timestamp":"2025-03-15T12:01:10.315Z"}
{"level":"info","message":"Quote for BINANCE:ETHUSDT: 1927.5","tag":"quote","timestamp":"2025-03-15T12:06:10.282Z"}
{"level":"info","message":"Quote for SPY: 562.81","tag":"quote","timestamp":"2025-03-15T12:06:10.284Z"}
{"level":"info","message":"Quote for BINANCE:BTCUSDT: 84072.31","tag":"quote","timestamp":"2025-03-15T12:06:10.286Z"}
{"level":"info","message":"Quote for BINANCE:ETHUSDT: 1929.75","tag":"quote","timestamp":"2025-03-15T12:11:10.338Z"}
{"level":"info","message":"Quote for SPY: 562.81","tag":"quote","timestamp":"2025-03-15T12:11:10.353Z"}
{"level":"info","message":"Quote for BINANCE:BTCUSDT: 84169.05","tag":"quote","timestamp":"2025-03-15T12:11:10.380Z"}
{"level":"info","message":"Quote for BINANCE:BTCUSDT: 84170.79","tag":"quote","timestamp":"2025-03-15T12:16:10.302Z"}
{"level":"info","message":"Quote for BINANCE:ETHUSDT: 1928.65","tag":"quote","timestamp":"2025-03-15T12:16:10.304Z"}
{"level":"info","message":"Quote for SPY: 562.81","tag":"quote","timestamp":"2025-03-15T12:16:10.323Z"}
{"level":"info","message":"Quote for BINANCE:ETHUSDT: 1930.82","tag":"quote","timestamp":"2025-03-15T12:21:10.324Z"}
{"level":"info","message":"Quote for BINANCE:BTCUSDT: 84207.53","tag":"quote","timestamp":"2025-03-15T12:21:10.325Z"}
{"level":"info","message":"Quote for SPY: 562.81","tag":"quote","timestamp":"2025-03-15T12:21:10.331Z"}
{"level":"info","message":"Quote for SPY: 562.81","tag":"quote","timestamp":"2025-03-15T12:26:10.307Z"}
{"level":"info","message":"Quote for BINANCE:BTCUSDT: 84165.19","tag":"quote","timestamp":"2025-03-15T12:26:10.307Z"}
{"level":"info","message":"Quote for BINANCE:ETHUSDT: 1928.08","tag":"quote","timestamp":"2025-03-15T12:26:10.309Z"}
{"level":"info","message":"Quote for BINANCE:ETHUSDT: 1927.52","tag":"quote","timestamp":"2025-03-15T12:41:43.299Z"}
{"level":"info","message":"Quote for SPY: 562.81","tag":"quote","timestamp":"2025-03-15T12:41:43.301Z"}
{"level":"info","message":"Quote for BINANCE:BTCUSDT: 84210.78","tag":"quote","timestamp":"2025-03-15T12:41:43.302Z"}
{"level":"info","message":"Quote for BINANCE:ETHUSDT: 1929.53","tag":"quote","timestamp":"2025-03-15T12:46:43.783Z"}
{"level":"info","message":"Quote for SPY: 562.81","tag":"quote","timestamp":"2025-03-15T12:46:43.785Z"}
{"level":"info","message":"Quote for BINANCE:BTCUSDT: 84230.81","tag":"quote","timestamp":"2025-03-15T12:46:43.786Z"}
{"level":"info","message":"Quote for SPY: 562.81","tag":"quote","timestamp":"2025-03-15T12:51:43.792Z"}
{"level":"info","message":"Quote for BINANCE:BTCUSDT: 84191.57","tag":"quote","timestamp":"2025-03-15T12:51:43.793Z"}
{"level":"info","message":"Quote for BINANCE:ETHUSDT: 1927.77","tag":"quote","timestamp":"2025-03-15T12:51:43.797Z"}
{"level":"info","message":"Quote for BINANCE:ETHUSDT: 1924.82","tag":"quote","timestamp":"2025-03-15T12:56:43.793Z"}
{"level":"info","message":"Quote for BINANCE:BTCUSDT: 84116.17","tag":"quote","timestamp":"2025-03-15T12:56:43.794Z"}
{"level":"info","message":"Quote for SPY: 562.81","tag":"quote","timestamp":"2025-03-15T12:56:43.805Z"}
{"level":"info","message":"Quote for BINANCE:ETHUSDT: 1924.4","tag":"quote","timestamp":"2025-03-15T13:01:43.789Z"}
{"level":"info","message":"Quote for SPY: 562.81","tag":"quote","timestamp":"2025-03-15T13:01:43.789Z"}
{"level":"info","message":"Quote for BINANCE:BTCUSDT: 84179.05","tag":"quote","timestamp":"2025-03-15T13:01:43.794Z"}
{"level":"info","message":"Quote for BINANCE:ETHUSDT: 1925.86","tag":"quote","timestamp":"2025-03-15T13:06:29.242Z"}
{"level":"info","message":"Quote for BINANCE:BTCUSDT: 84254.71","tag":"quote","timestamp":"2025-03-15T13:06:29.244Z"}
{"level":"info","message":"Quote for SPY: 562.81","tag":"quote","timestamp":"2025-03-15T13:06:29.245Z"}
{"level":"info","message":"Quote for SPY: 562.81","tag":"quote","timestamp":"2025-03-15T13:11:29.562Z"}
{"level":"info","message":"Quote for BINANCE:ETHUSDT: 1927.07","tag":"quote","timestamp":"2025-03-15T13:11:29.564Z"}
{"level":"info","message":"Quote for BINANCE:BTCUSDT: 84298.99","tag":"quote","timestamp":"2025-03-15T13:11:29.578Z"}
{"level":"info","message":"Quote for BINANCE:BTCUSDT: 84320.07","tag":"quote","timestamp":"2025-03-15T13:15:39.399Z"}
{"level":"info","message":"Quote for SPY: 562.81","tag":"quote","timestamp":"2025-03-15T13:15:39.402Z"}
{"level":"info","message":"Quote for BINANCE:ETHUSDT: 1927.99","tag":"quote","timestamp":"2025-03-15T13:15:39.402Z"}
{"level":"info","message":"Quote for BINANCE:BTCUSDT: 83865.6","tag":"quote","timestamp":"2025-03-16T10:23:20.235Z"}
{"level":"info","message":"Quote for SPY: 562.81","tag":"quote","timestamp":"2025-03-16T10:23:20.237Z"}
{"level":"info","message":"Quote for BINANCE:ETHUSDT: 1908.98","tag":"quote","timestamp":"2025-03-16T10:23:20.238Z"}
{"level":"info","message":"Quote for BINANCE:ETHUSDT: 1908.29","tag":"quote","timestamp":"2025-03-16T10:23:49.677Z"}
{"level":"info","message":"Quote for BINANCE:BTCUSDT: 83835.86","tag":"quote","timestamp":"2025-03-16T10:23:49.681Z"}
{"level":"info","message":"Quote for SPY: 562.81","tag":"quote","timestamp":"2025-03-16T10:23:49.683Z"}
{"level":"info","message":"Quote for SPY: 562.81","tag":"quote","timestamp":"2025-03-16T10:25:38.397Z"}
{"level":"info","message":"Quote for BINANCE:ETHUSDT: 1904.86","tag":"quote","timestamp":"2025-03-16T10:25:38.400Z"}
{"level":"info","message":"Quote for BINANCE:BTCUSDT: 83693.94","tag":"quote","timestamp":"2025-03-16T10:25:38.402Z"}
{"level":"info","message":"Quote for BINANCE:BTCUSDT: 83750.25","tag":"quote","timestamp":"2025-03-16T10:29:22.873Z"}
{"level":"info","message":"Quote for BINANCE:ETHUSDT: 1906.55","tag":"quote","timestamp":"2025-03-16T10:29:22.875Z"}
{"level":"info","message":"Quote for SPY: 562.81","tag":"quote","timestamp":"2025-03-16T10:29:22.876Z"}
{"level":"info","message":"Quote for SPY: 561.02","tag":"quote","timestamp":"2025-03-19T12:42:51.773Z"}
{"level":"info","message":"Quote for BINANCE:BTCUSDT: 83587.99","tag":"quote","timestamp":"2025-03-19T12:42:51.775Z"}
{"level":"info","message":"Quote for BINANCE:ETHUSDT: 1996.99","tag":"quote","timestamp":"2025-03-19T12:42:51.775Z"}
{"level":"info","message":"Quote for BINANCE:ETHUSDT: 2002.55","tag":"quote","timestamp":"2025-03-19T12:47:23.008Z"}
{"level":"info","message":"Quote for BINANCE:BTCUSDT: 83695.51","tag":"quote","timestamp":"2025-03-19T12:47:23.011Z"}
{"level":"info","message":"Quote for SPY: 561.02","tag":"quote","timestamp":"2025-03-19T12:47:23.012Z"}
{"level":"info","message":"Quote for BINANCE:ETHUSDT: 1999.91","tag":"quote","timestamp":"2025-03-19T12:49:13.577Z"}
{"level":"info","message":"Quote for BINANCE:BTCUSDT: 83597.66","tag":"quote","timestamp":"2025-03-19T12:49:13.579Z"}
{"level":"info","message":"Quote for SPY: 561.02","tag":"quote","timestamp":"2025-03-19T12:49:13.579Z"}
{"level":"info","message":"Quote for BINANCE:BTCUSDT: 83596.43","tag":"quote","timestamp":"2025-03-19T12:49:51.950Z"}
{"level":"info","message":"Quote for BINANCE:ETHUSDT: 1999.92","tag":"quote","timestamp":"2025-03-19T12:49:51.952Z"}
{"level":"info","message":"Quote for SPY: 561.02","tag":"quote","timestamp":"2025-03-19T12:49:51.957Z"}
{"level":"info","message":"Quote for BINANCE:ETHUSDT: 2000.09","tag":"quote","timestamp":"2025-03-19T12:50:12.272Z"}
{"level":"info","message":"Quote for BINANCE:BTCUSDT: 83599.87","tag":"quote","timestamp":"2025-03-19T12:50:12.274Z"}
{"level":"info","message":"Quote for SPY: 561.02","tag":"quote","timestamp":"2025-03-19T12:50:12.301Z"}
{"level":"info","message":"Quote for SPY: 561.02","tag":"quote","timestamp":"2025-03-19T12:50:50.675Z"}
{"level":"info","message":"Quote for BINANCE:BTCUSDT: 83627.05","tag":"quote","timestamp":"2025-03-19T12:50:50.687Z"}
{"level":"info","message":"Quote for BINANCE:ETHUSDT: 1999.25","tag":"quote","timestamp":"2025-03-19T12:50:50.697Z"}
{"level":"info","message":"Quote for BINANCE:BTCUSDT: 83603.13","tag":"quote","timestamp":"2025-03-19T12:55:51.038Z"}
{"level":"info","message":"Quote for SPY: 561.02","tag":"quote","timestamp":"2025-03-19T12:55:51.051Z"}
{"level":"info","message":"Quote for BINANCE:ETHUSDT: 2002.02","tag":"quote","timestamp":"2025-03-19T12:55:51.073Z"}
{"level":"info","message":"Quote for BINANCE:ETHUSDT: 2003.65","tag":"quote","timestamp":"2025-03-19T13:00:51.035Z"}
{"level":"info","message":"Quote for BINANCE:BTCUSDT: 83770.17","tag":"quote","timestamp":"2025-03-19T13:00:51.036Z"}
{"level":"info","message":"Quote for SPY: 561.02","tag":"quote","timestamp":"2025-03-19T13:00:51.061Z"}
{"level":"info","message":"Quote for SPY: 561.02","tag":"quote","timestamp":"2025-03-19T13:05:51.030Z"}
{"level":"info","message":"Quote for BINANCE:ETHUSDT: 2005.51","tag":"quote","timestamp":"2025-03-19T13:05:51.037Z"}
{"level":"info","message":"Quote for BINANCE:BTCUSDT: 83896.48","tag":"quote","timestamp":"2025-03-19T13:05:51.063Z"}
{"level":"info","message":"Quote for BINANCE:BTCUSDT: 83703.25","tag":"quote","timestamp":"2025-03-19T13:36:43.957Z"}
{"level":"info","message":"Quote for BINANCE:ETHUSDT: 2009.09","tag":"quote","timestamp":"2025-03-19T13:36:43.961Z"}
{"level":"info","message":"Quote for SPY: 562.62","tag":"quote","timestamp":"2025-03-19T13:36:43.971Z"}
{"level":"info","message":"Quote for SPY: 562.64","tag":"quote","timestamp":"2025-03-19T13:41:44.660Z"}
{"level":"info","message":"Quote for BINANCE:BTCUSDT: 83959.71","tag":"quote","timestamp":"2025-03-19T13:41:44.666Z"}
{"level":"info","message":"Quote for BINANCE:ETHUSDT: 2014.86","tag":"quote","timestamp":"2025-03-19T13:41:44.669Z"}
{"level":"info","message":"Quote for SPY: 562.13","tag":"quote","timestamp":"2025-03-19T13:46:44.625Z"}
{"level":"info","message":"Quote for BINANCE:ETHUSDT: 2015.57","tag":"quote","timestamp":"2025-03-19T13:46:44.632Z"}
{"level":"info","message":"Quote for BINANCE:BTCUSDT: 84053.19","tag":"quote","timestamp":"2025-03-19T13:46:44.637Z"}
{"level":"info","message":"Quote for SPY: 563.05","tag":"quote","timestamp":"2025-03-19T13:51:44.639Z"}
{"level":"info","message":"Quote for BINANCE:BTCUSDT: 84161.93","tag":"quote","timestamp":"2025-03-19T13:51:44.639Z"}
{"level":"info","message":"Quote for BINANCE:ETHUSDT: 2016.71","tag":"quote","timestamp":"2025-03-19T13:51:44.640Z"}
{"level":"info","message":"Quote for BINANCE:ETHUSDT: 2018.14","tag":"quote","timestamp":"2025-03-19T13:56:44.665Z"}
{"level":"info","message":"Quote for BINANCE:BTCUSDT: 84278.61","tag":"quote","timestamp":"2025-03-19T13:56:44.665Z"}
{"level":"info","message":"Quote for SPY: 564.34","tag":"quote","timestamp":"2025-03-19T13:56:44.669Z"}
{"level":"info","message":"Quote for SPY: 564.18","tag":"quote","timestamp":"2025-03-19T14:01:44.665Z"}
{"level":"info","message":"Quote for BINANCE:BTCUSDT: 84271.52","tag":"quote","timestamp":"2025-03-19T14:01:44.676Z"}
{"level":"info","message":"Quote for BINANCE:ETHUSDT: 2021.09","tag":"quote","timestamp":"2025-03-19T14:01:44.684Z"}
{"level":"info","message":"Quote for BINANCE:BTCUSDT: 84308.67","tag":"quote","timestamp":"2025-03-19T14:06:44.673Z"}
{"level":"info","message":"Quote for BINANCE:ETHUSDT: 2021.6","tag":"quote","timestamp":"2025-03-19T14:06:44.673Z"}
{"level":"info","message":"Quote for SPY: 564.715","tag":"quote","timestamp":"2025-03-19T14:06:44.679Z"}
{"level":"info","message":"Quote for BINANCE:BTCUSDT: 84224.37","tag":"quote","timestamp":"2025-03-19T14:09:14.254Z"}
{"level":"info","message":"Quote for SPY: 564.91","tag":"quote","timestamp":"2025-03-19T14:09:14.257Z"}
{"level":"info","message":"Quote for BINANCE:ETHUSDT: 2027.12","tag":"quote","timestamp":"2025-03-19T14:09:14.259Z"}
{"level":"info","message":"Quote for BINANCE:BTCUSDT: 84210.78","tag":"quote","timestamp":"2025-03-19T14:11:39.732Z"}
{"level":"info","message":"Quote for SPY: 565.19","tag":"quote","timestamp":"2025-03-19T14:11:39.734Z"}
{"level":"info","message":"Quote for BINANCE:ETHUSDT: 2029.91","tag":"quote","timestamp":"2025-03-19T14:11:39.738Z"}
{"level":"info","message":"Quote for BINANCE:ETHUSDT: 2031.69","tag":"quote","timestamp":"2025-03-19T14:13:23.510Z"}
{"level":"info","message":"Quote for BINANCE:BTCUSDT: 84168","tag":"quote","timestamp":"2025-03-19T14:13:23.512Z"}
{"level":"info","message":"Quote for SPY: 564.8","tag":"quote","timestamp":"2025-03-19T14:13:23.513Z"}
{"level":"info","message":"Quote for SPY: 564.9034","tag":"quote","timestamp":"2025-03-19T14:15:14.446Z"}
{"level":"info","message":"Quote for BINANCE:ETHUSDT: 2027.06","tag":"quote","timestamp":"2025-03-19T14:15:14.459Z"}
{"level":"info","message":"Quote for BINANCE:BTCUSDT: 84136","tag":"quote","timestamp":"2025-03-19T14:15:14.469Z"}
{"level":"info","message":"Quote for SPY: 564.955","tag":"quote","timestamp":"2025-03-19T14:26:07.550Z"}
{"level":"info","message":"Quote for BINANCE:ETHUSDT: 2026.78","tag":"quote","timestamp":"2025-03-19T14:26:07.552Z"}
{"level":"info","message":"Quote for BINANCE:BTCUSDT: 84141.21","tag":"quote","timestamp":"2025-03-19T14:26:07.571Z"}
{"level":"info","message":"Quote for BINANCE:BTCUSDT: 84033.99","tag":"quote","timestamp":"2025-03-19T14:29:25.093Z"}
{"level":"info","message":"Quote for BINANCE:ETHUSDT: 2025","tag":"quote","timestamp":"2025-03-19T14:29:25.094Z"}
{"level":"info","message":"Quote for SPY: 564.79","tag":"quote","timestamp":"2025-03-19T14:29:25.095Z"}
{"level":"info","message":"Quote for SPY: 564.7174","tag":"quote","timestamp":"2025-03-19T14:34:25.572Z"}
{"level":"info","message":"Quote for BINANCE:ETHUSDT: 2025.9","tag":"quote","timestamp":"2025-03-19T14:34:25.576Z"}
{"level":"info","message":"Quote for BINANCE:BTCUSDT: 84031.47","tag":"quote","timestamp":"2025-03-19T14:34:25.580Z"}
{"level":"info","message":"Quote for BINANCE:ETHUSDT: 2028.58","tag":"quote","timestamp":"2025-03-19T14:39:25.512Z"}
{"level":"info","message":"Quote for BINANCE:BTCUSDT: 84140.75","tag":"quote","timestamp":"2025-03-19T14:39:25.512Z"}
{"level":"info","message":"Quote for SPY: 564.44","tag":"quote","timestamp":"2025-03-19T14:39:25.515Z"}
{"level":"info","message":"Quote for BINANCE:BTCUSDT: 84216.04","tag":"quote","timestamp":"2025-03-19T14:44:25.514Z"}
{"level":"info","message":"Quote for BINANCE:ETHUSDT: 2028.81","tag":"quote","timestamp":"2025-03-19T14:44:25.526Z"}
{"level":"info","message":"Quote for SPY: 564.02","tag":"quote","timestamp":"2025-03-19T14:44:25.532Z"}
{"level":"info","message":"Quote for SPY: 563.97","tag":"quote","timestamp":"2025-03-19T14:49:25.505Z"}
{"level":"info","message":"Quote for BINANCE:ETHUSDT: 2030.13","tag":"quote","timestamp":"2025-03-19T14:49:25.506Z"}
{"level":"info","message":"Quote for BINANCE:BTCUSDT: 84230.99","tag":"quote","timestamp":"2025-03-19T14:49:25.511Z"}
{"level":"info","message":"Quote for SPY: 563.48","tag":"quote","timestamp":"2025-03-19T14:55:29.856Z"}
{"level":"info","message":"Quote for BINANCE:ETHUSDT: 2030.34","tag":"quote","timestamp":"2025-03-19T14:55:29.857Z"}
{"level":"info","message":"Quote for BINANCE:BTCUSDT: 84230.54","tag":"quote","timestamp":"2025-03-19T14:55:29.858Z"}
{"level":"info","message":"Quote for SPY: 563.446","tag":"quote","timestamp":"2025-03-19T14:56:12.772Z"}
{"level":"info","message":"Quote for BINANCE:ETHUSDT: 2030.79","tag":"quote","timestamp":"2025-03-19T14:56:12.781Z"}
{"level":"info","message":"Quote for BINANCE:BTCUSDT: 84206.31","tag":"quote","timestamp":"2025-03-19T14:56:12.784Z"}
{"level":"info","message":"Quote for BINANCE:ETHUSDT: 2031.71","tag":"quote","timestamp":"2025-03-19T15:01:13.089Z"}
{"level":"info","message":"Quote for BINANCE:BTCUSDT: 84358.65","tag":"quote","timestamp":"2025-03-19T15:01:13.099Z"}
{"level":"info","message":"Quote for SPY: 563.59","tag":"quote","timestamp":"2025-03-19T15:01:13.110Z"}
{"level":"info","message":"Quote for BINANCE:ETHUSDT: 2037.62","tag":"quote","timestamp":"2025-03-19T15:06:13.088Z"}
{"level":"info","message":"Quote for BINANCE:BTCUSDT: 84383.96","tag":"quote","timestamp":"2025-03-19T15:06:13.089Z"}
{"level":"info","message":"Quote for SPY: 563.89","tag":"quote","timestamp":"2025-03-19T15:06:13.125Z"}
{"level":"info","message":"Quote for BINANCE:BTCUSDT: 84443.31","tag":"quote","timestamp":"2025-03-19T15:11:13.079Z"}
{"level":"info","message":"Quote for BINANCE:ETHUSDT: 2038.08","tag":"quote","timestamp":"2025-03-19T15:11:13.080Z"}
{"level":"info","message":"Quote for SPY: 564.51","tag":"quote","timestamp":"2025-03-19T15:11:13.094Z"}
{"level":"info","message":"Quote for BINANCE:ETHUSDT: 2033.04","tag":"quote","timestamp":"2025-03-19T15:16:13.096Z"}
{"level":"info","message":"Quote for BINANCE:BTCUSDT: 84278.87","tag":"quote","timestamp":"2025-03-19T15:16:13.102Z"}
{"level":"info","message":"Quote for SPY: 564.55","tag":"quote","timestamp":"2025-03-19T15:16:13.116Z"}
{"level":"info","message":"Quote for BINANCE:ETHUSDT: 2029.63","tag":"quote","timestamp":"2025-03-19T15:21:13.111Z"}
{"level":"info","message":"Quote for BINANCE:BTCUSDT: 84202.79","tag":"quote","timestamp":"2025-03-19T15:21:13.112Z"}
{"level":"info","message":"Quote for SPY: 563.9826","tag":"quote","timestamp":"2025-03-19T15:21:13.175Z"}
{"level":"info","message":"Quote for BINANCE:ETHUSDT: 1984.48","tag":"quote","timestamp":"2025-03-20T10:44:12.122Z"}
{"level":"info","message":"Quote for SPY: 567.13","tag":"quote","timestamp":"2025-03-20T10:44:12.125Z"}
{"level":"info","message":"Quote for BINANCE:BTCUSDT: 85239.72","tag":"quote","timestamp":"2025-03-20T10:44:12.136Z"}
