{"level":"error","message":"Error interacting with contract: ENOENT: no such file or directory, open 'F:\\projets\\CryptoHunter-NFT\\idle-mammouth\\mammouth-ts\\backend\\gmoth.json'","tag":"contract","timestamp":"2025-01-11T20:20:43.827Z"}
{"level":"error","message":"Error interacting with contract: ENOENT: no such file or directory, open 'F:\\projets\\CryptoHunter-NFT\\idle-mammouth\\mammouth-ts\\backend\\utils\\gmoth.json'","tag":"contract","timestamp":"2025-01-11T20:21:04.158Z"}
{"level":"error","message":"Error interacting with contract: ENOENT: no such file or directory, open 'F:\\projets\\CryptoHunter-NFT\\idle-mammouth\\mammouth-ts\\backend\\utils\\gmoth.json'","tag":"contract","timestamp":"2025-01-11T20:27:52.730Z"}
{"level":"error","message":"Error interacting with contract: ENOENT: no such file or directory, open 'F:\\projets\\CryptoHunter-NFT\\idle-mammouth\\mammouth-ts\\backend\\utils\\gmoth.json'","tag":"contract","timestamp":"2025-01-11T20:27:54.375Z"}
{"level":"error","message":"Error interacting with contract: ENOENT: no such file or directory, open 'F:\\projets\\CryptoHunter-NFT\\idle-mammouth\\mammouth-ts\\backend\\utils\\gmoth.json'","tag":"contract","timestamp":"2025-01-11T20:27:54.548Z"}
{"level":"error","message":"Error interacting with contract: ENOENT: no such file or directory, open 'F:\\projets\\CryptoHunter-NFT\\idle-mammouth\\mammouth-ts\\backend\\utils\\gmoth.json'","tag":"contract","timestamp":"2025-01-11T20:27:54.728Z"}
{"level":"error","message":"Error interacting with contract: ENOENT: no such file or directory, open 'F:\\projets\\CryptoHunter-NFT\\idle-mammouth\\mammouth-ts\\backend\\utils\\gmoth.json'","tag":"contract","timestamp":"2025-01-11T20:27:54.900Z"}
{"level":"error","message":"Error interacting with contract: ENOENT: no such file or directory, open 'F:\\projets\\CryptoHunter-NFT\\idle-mammouth\\mammouth-ts\\backend\\utils\\gmoth.json'","tag":"contract","timestamp":"2025-01-11T20:27:55.080Z"}
{"level":"error","message":"Error interacting with contract: ENOENT: no such file or directory, open 'F:\\projets\\CryptoHunter-NFT\\idle-mammouth\\mammouth-ts\\backend\\utils\\gmoth.json'","tag":"contract","timestamp":"2025-01-11T20:33:11.836Z"}
{"level":"error","message":"Error interacting with contract: ENOENT: no such file or directory, open 'F:\\projets\\CryptoHunter-NFT\\idle-mammouth\\mammouth-ts\\backend\\utils\\gmoth.json'","tag":"contract","timestamp":"2025-01-11T20:33:15.947Z"}
{"level":"error","message":"Error interacting with contract: ENOENT: no such file or directory, open 'F:\\projets\\CryptoHunter-NFT\\idle-mammouth\\mammouth-ts\\backend\\utils\\gmoth.json'","tag":"contract","timestamp":"2025-01-11T20:33:16.163Z"}
{"level":"error","message":"Error interacting with contract: ENOENT: no such file or directory, open 'F:\\projets\\CryptoHunter-NFT\\idle-mammouth\\mammouth-ts\\backend\\utils\\gmoth.json'","tag":"contract","timestamp":"2025-01-11T20:33:16.387Z"}
{"level":"error","message":"Error interacting with contract: ENOENT: no such file or directory, open 'F:\\projets\\CryptoHunter-NFT\\idle-mammouth\\mammouth-ts\\backend\\utils\\gmoth.json'","tag":"contract","timestamp":"2025-01-11T20:33:16.590Z"}
{"level":"error","message":"Error interacting with contract: ENOENT: no such file or directory, open 'F:\\projets\\CryptoHunter-NFT\\idle-mammouth\\mammouth-ts\\backend\\utils\\gmoth.json'","tag":"contract","timestamp":"2025-01-11T20:33:16.786Z"}
{"level":"error","message":"Error interacting with contract: ENOENT: no such file or directory, open 'F:\\projets\\CryptoHunter-NFT\\idle-mammouth\\mammouth-ts\\backend\\utils\\gmoth.json'","tag":"contract","timestamp":"2025-01-11T20:33:16.972Z"}
{"level":"error","message":"Error interacting with contract: ENOENT: no such file or directory, open 'F:\\projets\\CryptoHunter-NFT\\idle-mammouth\\mammouth-ts\\backend\\utils\\gmoth.json'","tag":"contract","timestamp":"2025-01-11T20:33:17.157Z"}
{"level":"error","message":"Error interacting with contract: ENOENT: no such file or directory, open 'F:\\projets\\CryptoHunter-NFT\\idle-mammouth\\mammouth-ts\\backend\\utils\\gmoth.json'","tag":"contract","timestamp":"2025-01-11T20:33:17.369Z"}
{"level":"error","message":"Error interacting with contract: ENOENT: no such file or directory, open 'F:\\projets\\CryptoHunter-NFT\\idle-mammouth\\mammouth-ts\\backend\\utils\\gmoth.json'","tag":"contract","timestamp":"2025-01-11T20:33:17.552Z"}
{"level":"error","message":"Error interacting with contract: ENOENT: no such file or directory, open 'F:\\projets\\CryptoHunter-NFT\\idle-mammouth\\mammouth-ts\\backend\\utils\\gmoth.json'","tag":"contract","timestamp":"2025-01-11T20:33:17.776Z"}
{"level":"error","message":"Error interacting with contract: ENOENT: no such file or directory, open 'F:\\projets\\CryptoHunter-NFT\\idle-mammouth\\mammouth-ts\\backend\\utils\\gmoth.json'","tag":"contract","timestamp":"2025-01-11T20:33:18.341Z"}
{"level":"error","message":"Error interacting with contract: ENOENT: no such file or directory, open 'F:\\projets\\CryptoHunter-NFT\\idle-mammouth\\mammouth-ts\\backend\\utils\\gmoth.json'","tag":"contract","timestamp":"2025-01-11T20:33:18.528Z"}
{"level":"error","message":"Error interacting with contract: ENOENT: no such file or directory, open 'F:\\projets\\CryptoHunter-NFT\\idle-mammouth\\mammouth-ts\\backend\\utils\\gmoth.json'","tag":"contract","timestamp":"2025-01-11T20:33:18.692Z"}
{"level":"error","message":"Error interacting with contract: ENOENT: no such file or directory, open 'F:\\projets\\CryptoHunter-NFT\\idle-mammouth\\mammouth-ts\\backend\\utils\\gmoth.json'","tag":"contract","timestamp":"2025-01-11T20:33:18.892Z"}
{"level":"error","message":"Error interacting with contract: ENOENT: no such file or directory, open 'F:\\projets\\CryptoHunter-NFT\\idle-mammouth\\mammouth-ts\\backend\\utils\\gmoth.json'","tag":"contract","timestamp":"2025-01-11T20:33:19.075Z"}
{"level":"error","message":"Error interacting with contract: ENOENT: no such file or directory, open 'F:\\projets\\CryptoHunter-NFT\\idle-mammouth\\mammouth-ts\\backend\\utils\\gmoth.json'","tag":"contract","timestamp":"2025-01-11T20:33:19.275Z"}
{"level":"error","message":"Error interacting with contract: ENOENT: no such file or directory, open 'F:\\projets\\CryptoHunter-NFT\\idle-mammouth\\mammouth-ts\\backend\\utils\\gmoth.json'","tag":"contract","timestamp":"2025-01-11T20:33:19.368Z"}
{"level":"error","message":"Error interacting with contract: ENOENT: no such file or directory, open 'F:\\projets\\CryptoHunter-NFT\\idle-mammouth\\mammouth-ts\\backend\\utils\\gmoth.json'","tag":"contract","timestamp":"2025-01-11T20:33:19.511Z"}
{"level":"error","message":"Error interacting with contract: ENOENT: no such file or directory, open 'F:\\projets\\CryptoHunter-NFT\\idle-mammouth\\mammouth-ts\\backend\\utils\\gmoth.json'","tag":"contract","timestamp":"2025-01-11T20:33:19.603Z"}
{"level":"error","message":"Error interacting with contract: ENOENT: no such file or directory, open 'F:\\projets\\CryptoHunter-NFT\\idle-mammouth\\mammouth-ts\\backend\\utils\\gmoth.json'","tag":"contract","timestamp":"2025-01-11T20:33:19.742Z"}
{"level":"error","message":"Error interacting with contract: ENOENT: no such file or directory, open 'F:\\projets\\CryptoHunter-NFT\\idle-mammouth\\mammouth-ts\\backend\\utils\\gmoth.json'","tag":"contract","timestamp":"2025-01-11T20:33:19.826Z"}
{"level":"error","message":"Error interacting with contract: ENOENT: no such file or directory, open 'F:\\projets\\CryptoHunter-NFT\\idle-mammouth\\mammouth-ts\\backend\\utils\\gmoth.json'","tag":"contract","timestamp":"2025-01-11T20:33:20.059Z"}
{"level":"error","message":"Error interacting with contract: ENOENT: no such file or directory, open 'F:\\projets\\CryptoHunter-NFT\\idle-mammouth\\mammouth-ts\\backend\\utils\\gmoth.json'","tag":"contract","timestamp":"2025-01-11T20:33:20.282Z"}
{"level":"error","message":"Error interacting with contract: ENOENT: no such file or directory, open 'F:\\projets\\CryptoHunter-NFT\\idle-mammouth\\mammouth-ts\\backend\\utils\\gmoth.json'","tag":"contract","timestamp":"2025-01-11T20:33:20.526Z"}
{"level":"error","message":"Error interacting with contract: ENOENT: no such file or directory, open 'F:\\projets\\CryptoHunter-NFT\\idle-mammouth\\mammouth-ts\\backend\\utils\\gmoth.json'","tag":"contract","timestamp":"2025-01-11T20:33:20.741Z"}
{"level":"error","message":"Error interacting with contract: ENOENT: no such file or directory, open 'F:\\projets\\CryptoHunter-NFT\\idle-mammouth\\mammouth-ts\\backend\\utils\\gmoth.json'","tag":"contract","timestamp":"2025-01-11T20:33:20.961Z"}
{"level":"error","message":"Error interacting with contract: ENOENT: no such file or directory, open 'F:\\projets\\CryptoHunter-NFT\\idle-mammouth\\mammouth-ts\\backend\\utils\\gmoth.json'","tag":"contract","timestamp":"2025-01-11T20:33:21.200Z"}
{"level":"error","message":"Error interacting with contract: ENOENT: no such file or directory, open 'F:\\projets\\CryptoHunter-NFT\\idle-mammouth\\mammouth-ts\\backend\\utils\\gmoth.json'","tag":"contract","timestamp":"2025-01-11T20:33:21.637Z"}
{"level":"error","message":"Error interacting with contract: ENOENT: no such file or directory, open 'F:\\projets\\CryptoHunter-NFT\\idle-mammouth\\mammouth-ts\\backend\\utils\\gmoth.json'","tag":"contract","timestamp":"2025-01-11T20:33:21.841Z"}
{"level":"error","message":"Error interacting with contract: ENOENT: no such file or directory, open 'F:\\projets\\CryptoHunter-NFT\\idle-mammouth\\mammouth-ts\\backend\\utils\\gmoth.json'","tag":"contract","timestamp":"2025-01-11T20:33:22.013Z"}
{"level":"error","message":"Error interacting with contract: ENOENT: no such file or directory, open 'F:\\projets\\CryptoHunter-NFT\\idle-mammouth\\mammouth-ts\\backend\\utils\\gmoth.json'","tag":"contract","timestamp":"2025-01-11T20:33:22.191Z"}
{"level":"error","message":"Error interacting with contract: ENOENT: no such file or directory, open 'F:\\projets\\CryptoHunter-NFT\\idle-mammouth\\mammouth-ts\\backend\\utils\\gmoth.json'","tag":"contract","timestamp":"2025-01-11T20:33:22.719Z"}
{"level":"error","message":"Error interacting with contract: ENOENT: no such file or directory, open 'F:\\projets\\CryptoHunter-NFT\\idle-mammouth\\mammouth-ts\\backend\\utils\\gmoth.json'","tag":"contract","timestamp":"2025-01-11T20:33:22.882Z"}
{"level":"error","message":"Error interacting with contract: bad secret key size","tag":"contract","timestamp":"2025-01-11T20:34:44.236Z"}
{"level":"error","message":"Error interacting with contract: Cannot read properties of undefined (reading '_bn')","tag":"contract","timestamp":"2025-01-11T20:35:29.124Z"}
{"level":"error","message":"Error interacting with contract: Cannot read properties of undefined (reading '_bn')","tag":"contract","timestamp":"2025-01-11T20:35:48.547Z"}
{"level":"info","message":"Transaction successful: 4tY2ZJfT3RrLHdKjhX1BauuWz2EUWq1CHTpPH735f4XYo4gSbG1zj2HuDsauo5kZ4mSsZL3YhoqRFFHqPBHWvSDw","tag":"contract","timestamp":"2025-01-11T20:36:46.863Z"}
{"level":"error","message":"Error interacting with contract: Error interacting with contract: Simulation failed. \nMessage: Transaction simulation failed: This transaction has already been processed. \nLogs: \n[]. \nCatch the `SendTransactionError` and call `getLogs()` on it for full details.","tag":"contract","timestamp":"2025-01-11T20:36:54.996Z"}
{"level":"info","message":"Transaction successful: 3m4pHFzHwe5RSAeWUVgF5AX12tvHX4KKy9WzzJbJm4YU7NasNA24q28EtTwskvAwfYCRcoG6MhFjbRKi6TYDjBqM","tag":"contract","timestamp":"2025-01-11T20:36:55.232Z"}
{"level":"info","message":"Transaction successful: TqD5d6zq4D6cqD5LBhnmUtuj24WHSbgFm1E1rajXgaWxqoMhsMU6QusBgsBSFpCtaLVtJidLWNB8mpWkfbmg94f","tag":"contract","timestamp":"2025-01-11T20:36:55.695Z"}
{"level":"info","message":"Transaction successful: 2AZQhs8AuBYezjng13ncbUVjUQsfgnDhcfvLHi4VsvH9fCACWbxmtQyWY5i12tYc6hamwt9r6vraZHPXBd8QpUzd","tag":"contract","timestamp":"2025-01-11T20:36:55.811Z"}
{"level":"info","message":"Transaction successful: 2AZQhs8AuBYezjng13ncbUVjUQsfgnDhcfvLHi4VsvH9fCACWbxmtQyWY5i12tYc6hamwt9r6vraZHPXBd8QpUzd","tag":"contract","timestamp":"2025-01-11T20:36:55.961Z"}
{"level":"error","message":"Error interacting with contract: Error interacting with contract: Simulation failed. \nMessage: Transaction simulation failed: This transaction has already been processed. \nLogs: \n[]. \nCatch the `SendTransactionError` and call `getLogs()` on it for full details.","tag":"contract","timestamp":"2025-01-11T20:36:56.020Z"}
{"level":"info","message":"Transaction successful: 4vAdar7ujddZ4tWXkJfiTX8tW8k8pdk5zeSBsnmkmp8TbVBt9Bc1Kh1d3rK2nNiVkU5h4RnPVGp11F48Ma1p7zDm","tag":"contract","timestamp":"2025-01-11T20:36:56.331Z"}
{"level":"info","message":"Transaction successful: 1ni1TwJjSUfMrgKGbcHwGru96Fp81dVJXBpzmACmNZwex7shwhJWrKrk6ZtkyMcWB4NoKeGWUQkWfu6BZzkwKfi","tag":"contract","timestamp":"2025-01-11T20:36:56.923Z"}
{"level":"info","message":"Transaction successful: 1ni1TwJjSUfMrgKGbcHwGru96Fp81dVJXBpzmACmNZwex7shwhJWrKrk6ZtkyMcWB4NoKeGWUQkWfu6BZzkwKfi","tag":"contract","timestamp":"2025-01-11T20:36:56.943Z"}
{"level":"info","message":"Transaction successful: 4ntyGouSgrv341MnYbRLaTHCZiqATUmFfonFAeovpF2sEgX7eVZUgJtTsY3x3ttZC2u2s8f6FLcuMUqy7LZaYJ5E","tag":"contract","timestamp":"2025-01-11T20:36:57.184Z"}
{"level":"info","message":"Transaction successful: 4ntyGouSgrv341MnYbRLaTHCZiqATUmFfonFAeovpF2sEgX7eVZUgJtTsY3x3ttZC2u2s8f6FLcuMUqy7LZaYJ5E","tag":"contract","timestamp":"2025-01-11T20:36:57.421Z"}
{"level":"error","message":"Error interacting with contract: Error interacting with contract: Simulation failed. \nMessage: Transaction simulation failed: This transaction has already been processed. \nLogs: \n[]. \nCatch the `SendTransactionError` and call `getLogs()` on it for full details.","tag":"contract","timestamp":"2025-01-11T20:36:57.426Z"}
{"level":"info","message":"Transaction successful: 3Bhott8a9U3EmeTSom8gjjxxiYmTrZXKUykhQn1T1DhBBQg8AYS3wn8UTeVw35Wr2S3W1JH2mkQraD5cHjgfTunp","tag":"contract","timestamp":"2025-01-11T20:36:57.587Z"}
{"level":"info","message":"Transaction successful: 3Bhott8a9U3EmeTSom8gjjxxiYmTrZXKUykhQn1T1DhBBQg8AYS3wn8UTeVw35Wr2S3W1JH2mkQraD5cHjgfTunp","tag":"contract","timestamp":"2025-01-11T20:36:57.689Z"}
{"level":"info","message":"Transaction successful: 2S6SubLrgRUguQqi85VkTGyd2bqCJcWfqcmvrYqKwqbQ8sP8RkwX56699T4fADVPzs8pbYE7HGCVR6bE4hszNBJn","tag":"contract","timestamp":"2025-01-11T20:36:57.781Z"}
{"level":"info","message":"Transaction successful: 6wxY4F3tkUSXtAdkD6pvxSzRA179w5jFU1hiLXQfrB1Eqgj3c2KARXXJv6AFrSKFBkgwNMjr4cX9UvpbvDzoWGH","tag":"contract","timestamp":"2025-01-11T20:36:58.091Z"}
{"level":"info","message":"Transaction successful: 6wxY4F3tkUSXtAdkD6pvxSzRA179w5jFU1hiLXQfrB1Eqgj3c2KARXXJv6AFrSKFBkgwNMjr4cX9UvpbvDzoWGH","tag":"contract","timestamp":"2025-01-11T20:36:58.149Z"}
{"level":"info","message":"Transaction successful: 4yJnebX6mcksAFF7jQCcmyJR3MKV1Wh12uebL9dB1RL3hegv8tU5C6wYLcmnboPJgepLiVKyqfxsT9tLMMQgNid8","tag":"contract","timestamp":"2025-01-11T20:36:58.453Z"}
{"level":"info","message":"Transaction successful: 4yJnebX6mcksAFF7jQCcmyJR3MKV1Wh12uebL9dB1RL3hegv8tU5C6wYLcmnboPJgepLiVKyqfxsT9tLMMQgNid8","tag":"contract","timestamp":"2025-01-11T20:36:58.515Z"}
{"level":"info","message":"Transaction successful: 4bdiYkv7uCxo7svcPsmWG2DwhFJy2raESNMQMQQwn7b1rDwbg9qPx6ePHMHvWCohkyHiNAF4ebUPeQU81boJzi5Y","tag":"contract","timestamp":"2025-01-11T20:36:58.746Z"}
{"level":"info","message":"Transaction successful: 4bdiYkv7uCxo7svcPsmWG2DwhFJy2raESNMQMQQwn7b1rDwbg9qPx6ePHMHvWCohkyHiNAF4ebUPeQU81boJzi5Y","tag":"contract","timestamp":"2025-01-11T20:36:58.877Z"}
{"level":"info","message":"Transaction successful: 5NyUZCDcfZEQbkWCpBUdXZhYqgjBNETdmujATH2ZikC1ZAjoPmG1zWkkWU2sMV4LFfHyc6RaCB2CKQi3eCg3XRAq","tag":"contract","timestamp":"2025-01-11T21:53:09.640Z"}
{"level":"info","message":"Transaction successful: 5KSCbZ5Kpte7erW3z3TaNG5od38deSZQ56A1uoSzwLRP5XEuN2Go3y1osHMassLFeT8cGdp8vRRRAettJWD7rUXf","tag":"contract","timestamp":"2025-01-11T21:53:09.741Z"}
{"level":"info","message":"Transaction successful: 5LCbkdydD83HGDM6BnCoEcQwERgAaEDbCcNSCYjqZ3i4fx457zTxsWBMh95Q1y3HaUusDkWK41zPsxwGH42Ajoqj","tag":"contract","timestamp":"2025-01-11T21:53:44.086Z"}
{"level":"info","message":"Transaction successful: 2wZb3n6K5V9WBAE95CxjTa2znrqyBt1VAEfbVW18aqLWGGczx3p9pgyTJEyrAgMVvmTKfH9y849hiL2U9AbmA1sL","tag":"contract","timestamp":"2025-01-11T21:53:44.255Z"}
{"level":"info","message":"Transaction successful: 4oCebr8fpNn12VRzTyepL4RN4LQzKt3RfS4KxJc9jACcirZuipyqceGPZccLrZBx2iWSPVTn96W9EzvkKufmab3Y","tag":"contract","timestamp":"2025-01-11T22:06:33.946Z"}
{"level":"info","message":"Transaction successful: 2zS2shPMpRcVzGGxExS84e8N5dWNEhHyJwpie97ksosKEeRXufkPRZjChNpYfQCsBxf7Sya5NsnK6YN9pfSg4L94","tag":"contract","timestamp":"2025-01-11T22:55:02.279Z"}
{"level":"info","message":"Transaction successful: 2zS2shPMpRcVzGGxExS84e8N5dWNEhHyJwpie97ksosKEeRXufkPRZjChNpYfQCsBxf7Sya5NsnK6YN9pfSg4L94","tag":"contract","timestamp":"2025-01-11T22:55:02.280Z"}
{"level":"info","message":"Transaction successful: 3ULYJ1QsKMotbvDnZUewLDNhhUw9Uu7VYDvx71bF9GVi7TjBk4JXAvXd7vB5dWVLs5mePBVkJYF2RSfashiW3A9r","tag":"contract","timestamp":"2025-01-11T22:55:03.162Z"}
{"level":"info","message":"Transaction successful: 2tm1gHBXtjwyhKonafZss3syNkgZTDXEXjVG2GSKu8nc4MKKjSvY1KdGmeAJq9WPNucaYv1JsK3L5AXnjQkU14B","tag":"contract","timestamp":"2025-01-11T23:04:03.514Z"}
{"level":"info","message":"Transaction successful: Wvk4GATqe8ZYRma9yZqqcrM4gz8YF4KQYTZZnDjJ3cwmobcfhdEr7e5UQxpbNcyrZvtW1kheD67xLCpaJynSQZS","tag":"contract","timestamp":"2025-01-11T23:04:03.568Z"}
{"level":"info","message":"Transaction successful: 52X6dDeyFRtTnUYMg6Ghfi1qJQ8zzuDJPkqUTLBzaGnM9oyL8jrS9YQ3vHDHRMPa8py9urnNPT9JRgWQUpA1go3g","tag":"contract","timestamp":"2025-01-11T23:09:39.382Z"}
{"level":"error","message":"Error interacting with contract: Error interacting with contract: Simulation failed. \nMessage: Transaction simulation failed: This transaction has already been processed. \nLogs: \n[]. \nCatch the `SendTransactionError` and call `getLogs()` on it for full details.","tag":"contract","timestamp":"2025-01-11T23:09:39.423Z"}
{"level":"info","message":"Transaction successful: 4eVGzEsh1TUUrrKpcDPrQWHYLU6NztJNqQveNUsm2UDrnwXqDwtRn36LTq39TjSdePRTfSHfTcJmAkaUoVzJM3kz","tag":"contract","timestamp":"2025-01-11T23:09:39.728Z"}
{"level":"info","message":"Transaction successful: 3eZZocdN6yKzLDMYKUnENXnfuLHZM2U5fvwqzVTbTTmsvctn9RWwRGn81KbV1DCKKcbqSvwdfstwejqB12bWNkdv","tag":"contract","timestamp":"2025-01-11T23:09:48.338Z"}
{"level":"info","message":"Transaction successful: DgTLsUrZ4mnzx3QktVjVdAgacCqVcJ6GEZbZx97CUnCynpyftNSV7xFHBbspNuQkBdjk5H9w2vgtw6ZZrJs9qv3","tag":"contract","timestamp":"2025-01-11T23:09:48.439Z"}
{"level":"info","message":"Transaction successful: DgTLsUrZ4mnzx3QktVjVdAgacCqVcJ6GEZbZx97CUnCynpyftNSV7xFHBbspNuQkBdjk5H9w2vgtw6ZZrJs9qv3","tag":"contract","timestamp":"2025-01-11T23:09:48.503Z"}
{"level":"error","message":"Error interacting with contract: Error interacting with contract: Simulation failed. \nMessage: Transaction simulation failed: This transaction has already been processed. \nLogs: \n[]. \nCatch the `SendTransactionError` and call `getLogs()` on it for full details.","tag":"contract","timestamp":"2025-01-11T23:12:24.455Z"}
{"level":"info","message":"Transaction successful: 3x9E9VJhMnsU81wyVtaBnrxALdTci2sd4qMzP4c6Wa7tG7iTd8Xh6h69vpTMfUq8EtAAvTgyXoQodUTVo3wPQgrw","tag":"contract","timestamp":"2025-01-11T23:12:24.744Z"}
{"level":"info","message":"Transaction successful: 3x9E9VJhMnsU81wyVtaBnrxALdTci2sd4qMzP4c6Wa7tG7iTd8Xh6h69vpTMfUq8EtAAvTgyXoQodUTVo3wPQgrw","tag":"contract","timestamp":"2025-01-11T23:12:24.747Z"}
{"level":"info","message":"Transaction successful: 4TfuqJrDMxaZuMzHmoTCw2V7oXKtU3M6RAMcQQWMhGFE6mKdX4gMrnGrQ8BGwdhd8TDr1bJuZcVGrgHf3BNqEKNQ","tag":"contract","timestamp":"2025-01-11T23:13:20.847Z"}
{"level":"info","message":"Transaction successful: 4dxBymR2ohD24qMxiqnW1xEMzBbYeantYBjch7sYe2bvSWFs6iAWiRwTJEympr1ckfpVD5euexU9CSdiumvpsyFb","tag":"contract","timestamp":"2025-01-11T23:14:39.677Z"}
{"level":"info","message":"Transaction successful: 29NT8o8bAi8KfFC4PwRumvpo4pvuvLG5HGqKD4ZVPMijf9YL31cFSBhtBoDcE9d6E6XTQsU1sQ1g7KTRPY4XhSD9","tag":"contract","timestamp":"2025-01-11T23:14:39.794Z"}
{"level":"info","message":"Transaction successful: 3RZVSdXDBW2CWgHqQWJsrQaCo6d1opCAcuyTtgB61mWQwY4sRWMDRSH3JfnfxzfjTnbGqJiMUavqN17YMLEeZEqf","tag":"contract","timestamp":"2025-01-11T23:16:05.734Z"}
{"level":"info","message":"Transaction successful: 57h8WK37dTnL9nNsCh64kMt4h7kiyGDKVe2s9r7P1yWG5n6kKPedD2ce3FJmPxc6A6vTKX7YtR5Q5WbRTzzbg5LN","tag":"contract","timestamp":"2025-01-11T23:16:08.490Z"}
{"level":"info","message":"Transaction successful: 3CiupLg6EcFSt8bJzMizsFP7Rn9CZ3nMYq3vi5mLCWDbUxwGtmUGquJL5b4bmycH6vuhVRHiwoSs1jw6Q7YQLdhW","tag":"contract","timestamp":"2025-01-11T23:16:09.081Z"}
{"level":"info","message":"Transaction successful: 2jEQFd2ubF3udXQvQnAQGUG1BR2DT4SXWpF3c4CToehpqwJziJLHzFc3tGvysE1FkHwjaHHTW2ZKEzV3kU1r17Dj","tag":"contract","timestamp":"2025-01-13T21:26:15.555Z"}
{"level":"info","message":"Transaction successful: 5vXNfRcN9CBVs5PkxBpzmr5F5KPxmbTbvMWL4TK8fmE6q7ktwmakwSoRwK29qENsssZnekTvAqWSy8nBUmpLFnR5","tag":"contract","timestamp":"2025-01-13T21:26:15.753Z"}
{"level":"info","message":"Transaction successful: 3cEFAgPTjMeyd1vcNzmBDo7S2j3Qk1CzPVxSko5zVwpuCH7F1vENhpWfSy3uBd6y3rtMyQQSJD3LDvG1NZ1g86Kv","tag":"contract","timestamp":"2025-01-13T21:26:16.491Z"}
{"level":"info","message":"Transaction successful: 3fCa8pTo12BPGprSj1knv4j9GsrFQPWuPLWJVFTH7r1KpStgMH82Kv2CVAhivMarobp6e5eGVeHpfB8W2UvEKYav","tag":"contract","timestamp":"2025-01-13T21:26:17.295Z"}
{"level":"info","message":"Transaction successful: 5KyAVZzGQv3Xwr2BHxQJwa4ASMu8ibmLT1tAm9oWymHtALaBinCaqVztdvx4fUipmxdZUERKHX3p9GrVfTb2UAb7","tag":"contract","timestamp":"2025-01-13T21:26:19.152Z"}
{"level":"error","message":"Error interacting with contract: Error interacting with contract: Simulation failed. \nMessage: Transaction simulation failed: This transaction has already been processed. \nLogs: \n[]. \nCatch the `SendTransactionError` and call `getLogs()` on it for full details.","tag":"contract","timestamp":"2025-01-13T21:26:26.123Z"}
{"level":"info","message":"Transaction successful: 5zSAnYJkFHyWYniKZEd8yca4fzTbTVR6yZyQySRNXPbDezrHaQFYzF9pMDyufC4gXed6BPfZ3f2YLxChXuq9AUL7","tag":"contract","timestamp":"2025-01-13T21:26:26.298Z"}
{"level":"info","message":"Transaction successful: 35wxVGEMAy3dWRu1QeJbMHroRURjvmb8DJBPiNCtfCtBpuAMSHmgbSA3FrKLF3H6fNbFdK29LLCM4G1i3NMS8eBd","tag":"contract","timestamp":"2025-01-13T21:26:26.424Z"}
{"level":"error","message":"Error interacting with contract: Error interacting with contract: Simulation failed. \nMessage: Transaction simulation failed: This transaction has already been processed. \nLogs: \n[]. \nCatch the `SendTransactionError` and call `getLogs()` on it for full details.","tag":"contract","timestamp":"2025-01-13T21:26:26.505Z"}
{"level":"info","message":"Transaction successful: 4DVFtQbe5MyCSJ2FX8jg2sj8uvnTfZ9AnxaaDDkwKFrqZp8ip4vNFJKMNmkf3r1M6viyjHzLYZXt9YRNapPAvMnq","tag":"contract","timestamp":"2025-01-13T21:26:26.796Z"}
{"level":"error","message":"Error interacting with contract: Failed to process private key: bs58.decode is not a function","tag":"contract","timestamp":"2025-01-15T13:24:24.763Z"}
{"level":"error","message":"Error interacting with contract: Failed to process private key: bs58.decode is not a function","tag":"contract","timestamp":"2025-01-15T13:24:25.697Z"}
{"level":"error","message":"Error interacting with contract: Failed to process private key: bs58.decode is not a function","tag":"contract","timestamp":"2025-01-15T13:25:11.588Z"}
{"level":"error","message":"Error interacting with contract: Failed to process private key: bs58.decode is not a function","tag":"contract","timestamp":"2025-01-15T13:25:57.590Z"}
{"level":"error","message":"Error interacting with contract: Failed to process private key: bs58.decode is not a function","tag":"contract","timestamp":"2025-01-15T13:26:53.741Z"}
{"level":"error","message":"Error interacting with contract: Failed to process private key: bs58.decode is not a function","tag":"contract","timestamp":"2025-01-15T13:26:57.543Z"}
{"level":"error","message":"Error interacting with contract: Failed to process private key: bs58.decode is not a function","tag":"contract","timestamp":"2025-01-15T13:28:19.635Z"}
{"level":"error","message":"Error interacting with contract: Failed to process private key: bs58.decode is not a function","tag":"contract","timestamp":"2025-01-15T13:33:16.501Z"}
{"level":"error","message":"Error interacting with contract: Failed to process private key: bs58.decode is not a function","tag":"contract","timestamp":"2025-01-15T13:33:47.088Z"}
{"level":"error","message":"Error interacting with contract: Failed to process private key: Cannot read properties of undefined (reading 'decode')","tag":"contract","timestamp":"2025-01-15T13:34:16.879Z"}
{"level":"error","message":"Error interacting with contract: Failed to process private key: bs58.decode is not a function","tag":"contract","timestamp":"2025-01-15T13:34:51.193Z"}
{"level":"error","message":"Error interacting with contract: Failed to process private key: Cannot read properties of undefined (reading 'decode')","tag":"contract","timestamp":"2025-01-15T13:35:08.061Z"}
{"level":"error","message":"Error interacting with contract: Failed to process private key: bs58.decode is not a function","tag":"contract","timestamp":"2025-01-15T13:39:21.556Z"}
{"level":"info","message":"Transaction successful: mKYfbCD2zLkA6TkWETvdNNXFmbMYAKt6h7xHSfpdGC5qMorYGMfNsNK99j5v3Ty1rfxKBJirYgEcA54H2rNgpUE","tag":"contract","timestamp":"2025-01-15T13:39:57.432Z"}
{"level":"info","message":"Transaction successful: 5UkfzU4zv9DJRBJGPxakA7ZSxdGaUvpYwoMF1jEAFkBRmCx56fzaK7im2YLjSwc7WwguBm169os79kBcmBXLKcJ2","tag":"contract","timestamp":"2025-01-15T13:47:35.877Z"}
{"level":"info","message":"Transaction successful: 2R9bNpVhcSueXZVALbjvkK9NbGizH54P2Zfv9CUJSNuaKJZgrSvjLrhjAPsD9YzhAG15wnj1GwBMqJzYe89XM339","tag":"contract","timestamp":"2025-01-15T13:47:36.977Z"}
{"level":"info","message":"Transaction successful: 3FDv9LazT7LiArufuN9S24b5P73aDxE9AiGFzRD3UPikWjgYppU8Rj3kabY9da4rXfcy1EuuC9WYSXmNVBJs1aPi","tag":"contract","timestamp":"2025-01-15T13:47:39.158Z"}
{"level":"info","message":"Transaction successful: wKmWgsgGyAcfwy7x3Rjff1bC1jacFipFqmiJNbn4tiyEGt7KMKKWGXpeWVtFFkQ2gTkr2VDZvNjEByXTUW6en8a","tag":"contract","timestamp":"2025-01-15T13:47:40.618Z"}
{"level":"info","message":"Transaction successful: 3Tjre9dFL7Yuj6XT4GTFkjX4Lrp9eje7GCgCg9diht72iWZoYuHWcv6U9WNeZAF6ao5vWZTxDV7Cs2d31hvdY3Vv","tag":"contract","timestamp":"2025-01-15T13:47:40.803Z"}
{"level":"info","message":"Transaction successful: 2mfSoYJXCjTmXfqdKHASd1RSNBw2fCDHVA5F1GWCwVjC5ZAsYZqcdynFKqZwGGZ9TCFXfcyW4AcLVWBaVqEu5kTL","tag":"contract","timestamp":"2025-01-15T13:47:42.290Z"}
{"level":"info","message":"Transaction successful: 2mfSoYJXCjTmXfqdKHASd1RSNBw2fCDHVA5F1GWCwVjC5ZAsYZqcdynFKqZwGGZ9TCFXfcyW4AcLVWBaVqEu5kTL","tag":"contract","timestamp":"2025-01-15T13:47:42.435Z"}
{"level":"error","message":"Error interacting with contract: Error interacting with contract: Simulation failed. \nMessage: Transaction simulation failed: This transaction has already been processed. \nLogs: \n[]. \nCatch the `SendTransactionError` and call `getLogs()` on it for full details.","tag":"contract","timestamp":"2025-01-15T13:47:43.140Z"}
{"level":"error","message":"Error interacting with contract: Error interacting with contract: Simulation failed. \nMessage: Transaction simulation failed: This transaction has already been processed. \nLogs: \n[]. \nCatch the `SendTransactionError` and call `getLogs()` on it for full details.","tag":"contract","timestamp":"2025-01-15T13:47:43.149Z"}
{"level":"info","message":"Transaction successful: 2bFSMf3zhwYpXy7XimVejtrWMSQWfW82vkCRiCqCbYGRzrRRKtNEbT2RAWn6DMTomZZs5STcg4sVveceaV1oYm8H","tag":"contract","timestamp":"2025-01-15T13:47:43.154Z"}
{"level":"info","message":"Transaction successful: 4kV2ab9cRgvDMC6dRjXE4KyxYScxvgiyfxR7YoyNTFTZqkBr1wdq9HeDmX1sCirFkwN5QivgZm81Ck473Qv8fghw","tag":"contract","timestamp":"2025-01-15T13:47:43.305Z"}
{"level":"error","message":"Error interacting with contract: Error interacting with contract: Simulation failed. \nMessage: Transaction simulation failed: This transaction has already been processed. \nLogs: \n[]. \nCatch the `SendTransactionError` and call `getLogs()` on it for full details.","tag":"contract","timestamp":"2025-01-15T13:47:43.583Z"}
{"level":"info","message":"Transaction successful: 2buYmnsB83tPYPs3QsvvkCBKGkDdpeE5MWHhiCTqbUHJ9PxmKw29eQAThRiA8t15otUFja9Jv3gkGzHP61efY7dn","tag":"contract","timestamp":"2025-01-15T13:47:43.718Z"}
{"level":"info","message":"Transaction successful: 4UThvpSi5G19d9cw7vk7NQzaGDJhjvkfBmD5dKau2Jks6DYfAy3bxS2Ykot1QMhGwc6m7L69MkzP7iN28mrBjDY8","tag":"contract","timestamp":"2025-01-15T13:47:43.855Z"}
{"level":"info","message":"Transaction successful: 4UThvpSi5G19d9cw7vk7NQzaGDJhjvkfBmD5dKau2Jks6DYfAy3bxS2Ykot1QMhGwc6m7L69MkzP7iN28mrBjDY8","tag":"contract","timestamp":"2025-01-15T13:47:43.886Z"}
{"level":"info","message":"Transaction successful: 5Y6RVSiHpg3kaarm26sY8E5Pf99jAbjbZ4uDxguh4ZJUU1jBhvpE56HG4mMLEBKMbBW492LjyNA25Edcu5SYpB44","tag":"contract","timestamp":"2025-01-15T13:47:44.169Z"}
{"level":"info","message":"Transaction successful: 5Y6RVSiHpg3kaarm26sY8E5Pf99jAbjbZ4uDxguh4ZJUU1jBhvpE56HG4mMLEBKMbBW492LjyNA25Edcu5SYpB44","tag":"contract","timestamp":"2025-01-15T13:47:44.379Z"}
{"level":"info","message":"Transaction successful: 53Ym6CTyrzVuoMUTRz4djMrrvhANrHJhvxQ1uwmsc1ari17Yspic5s85h6avhzMi1mxHGSRZiqyCj1W9eoKDyJz2","tag":"contract","timestamp":"2025-01-15T13:47:44.614Z"}
{"level":"info","message":"Transaction successful: 53Ym6CTyrzVuoMUTRz4djMrrvhANrHJhvxQ1uwmsc1ari17Yspic5s85h6avhzMi1mxHGSRZiqyCj1W9eoKDyJz2","tag":"contract","timestamp":"2025-01-15T13:47:44.737Z"}
{"level":"error","message":"Error interacting with contract: Error interacting with contract: Simulation failed. \nMessage: Transaction simulation failed: This transaction has already been processed. \nLogs: \n[]. \nCatch the `SendTransactionError` and call `getLogs()` on it for full details.","tag":"contract","timestamp":"2025-01-15T13:47:45.074Z"}
{"level":"info","message":"Transaction successful: 5M645oWVJDheBmd2i1jk9DNJWbAECiNko3vyKSNCrboBSVAEfQhd2pk6hmQa2MpuJ6sPxs5uYPkT6G2FNX65mFbR","tag":"contract","timestamp":"2025-01-15T13:47:45.143Z"}
{"level":"info","message":"Transaction successful: 3v7ja4QjRMXjMjm9d5StCb3DM4fvmpDNJqjv3B4V6WpjCWsj9cPCCE7N2afBRYJ4CAXDg4pdnEn2As6pJBN6cjYp","tag":"contract","timestamp":"2025-01-15T13:47:45.267Z"}
{"level":"error","message":"Error interacting with contract: Error interacting with contract: Simulation failed. \nMessage: Transaction simulation failed: This transaction has already been processed. \nLogs: \n[]. \nCatch the `SendTransactionError` and call `getLogs()` on it for full details.","tag":"contract","timestamp":"2025-01-15T13:47:45.374Z"}
{"level":"info","message":"Transaction successful: 3v7ja4QjRMXjMjm9d5StCb3DM4fvmpDNJqjv3B4V6WpjCWsj9cPCCE7N2afBRYJ4CAXDg4pdnEn2As6pJBN6cjYp","tag":"contract","timestamp":"2025-01-15T13:47:45.471Z"}
{"level":"error","message":"Error interacting with contract: Error interacting with contract: Simulation failed. \nMessage: Transaction simulation failed: This transaction has already been processed. \nLogs: \n[]. \nCatch the `SendTransactionError` and call `getLogs()` on it for full details.","tag":"contract","timestamp":"2025-01-15T13:47:45.474Z"}
{"level":"info","message":"Transaction successful: Zh3RwJdoxLQjU5wbvrckFANPssW1DSe91T66FuNzLLqPtSN79UKH843YzntPzshUCSrhQVpgWbLVwwxyMBvxhAx","tag":"contract","timestamp":"2025-01-15T13:47:45.645Z"}
{"level":"info","message":"Transaction successful: Zh3RwJdoxLQjU5wbvrckFANPssW1DSe91T66FuNzLLqPtSN79UKH843YzntPzshUCSrhQVpgWbLVwwxyMBvxhAx","tag":"contract","timestamp":"2025-01-15T13:47:45.705Z"}
{"level":"error","message":"Error interacting with contract: Error interacting with contract: Simulation failed. \nMessage: Transaction simulation failed: This transaction has already been processed. \nLogs: \n[]. \nCatch the `SendTransactionError` and call `getLogs()` on it for full details.","tag":"contract","timestamp":"2025-01-15T13:47:45.775Z"}
{"level":"error","message":"Error interacting with contract: Error interacting with contract: Simulation failed. \nMessage: Transaction simulation failed: This transaction has already been processed. \nLogs: \n[]. \nCatch the `SendTransactionError` and call `getLogs()` on it for full details.","tag":"contract","timestamp":"2025-01-15T13:47:45.876Z"}
{"level":"info","message":"Transaction successful: 5d2pHXUtLR2Tf3w6xDcEjcccxqW6iUkLCqgSLFriaeQ2fJi7gHbuyycjJtYfcaDDELxavKpx1U8szRX1fjBc8WTG","tag":"contract","timestamp":"2025-01-15T13:47:46.081Z"}
{"level":"info","message":"Transaction successful: 5d2pHXUtLR2Tf3w6xDcEjcccxqW6iUkLCqgSLFriaeQ2fJi7gHbuyycjJtYfcaDDELxavKpx1U8szRX1fjBc8WTG","tag":"contract","timestamp":"2025-01-15T13:47:46.083Z"}
{"level":"info","message":"Transaction successful: 64sMG82AwLn6ioH6EtcaRnLquFSYmUGMyirTFxbVqUXXgwLcuTAMN4Uz9Ab78dxBwgkb6hTmPpZ7hf4ntzd2qTt4","tag":"contract","timestamp":"2025-01-15T13:47:46.656Z"}
{"level":"info","message":"Transaction successful: 4Yj3WHBnDEt87XFcpqMVuaVVxufqVCyPLAPjth9K8B6g1UPyuqf8JjS3H1qyH3WbhT95qKMtgvjNoxSB2TTzBRrs","tag":"contract","timestamp":"2025-01-15T13:48:10.324Z"}
{"level":"info","message":"Transaction successful: 5FADqpzmffDq6YPeGRpENQMrTxdrqtjUK8qhwiGqGsSHaYaxApDuYvCbEnEprTVyZi9FVTnTSJEzWbwHgxAkvYbS","tag":"contract","timestamp":"2025-01-15T13:48:58.821Z"}
{"level":"info","message":"Transaction successful: xnqDN5Hhjs4EdcFNJtmfpsvqvjcUSWTEEckDh1Jugybh2snF8TXxJD7CqVdbPcR8xVLEN78HHbYuE4PGg4QdEPC","tag":"contract","timestamp":"2025-01-15T13:49:29.562Z"}
{"level":"info","message":"Transaction successful: 34LwdZJCGqWvJmScHcycp9ABYQc8NhVeTw5SsyMiVEvigTr4gE2e8U4E4dYQAjHiAMmCSkFRJaYXCtRQnWAg4AGG","tag":"contract","timestamp":"2025-01-15T13:49:34.487Z"}
{"level":"info","message":"Transaction successful: 39x87BEuT8poegtx7cXo2mu6KvAx9u6wRxXfYiTswoVesAZaJ3HFv1xxRJQaEJGxMLFr3io6rue4BokS6NhumPPM","tag":"contract","timestamp":"2025-01-15T13:49:36.575Z"}
{"level":"info","message":"Transaction successful: 5tzzPuav1P2YtVXdDbpH4desEWgJooF346DRavfAS3kQykag6WpNYnKwGa198t8g4Jr5mNvV6a7BRDSNL1PbWNAf","tag":"contract","timestamp":"2025-01-15T13:49:39.396Z"}
{"level":"info","message":"Transaction successful: 7gj2QBVT4xSKBEdWJd7ittgfKCsKRJJ6GxvsH2jmpfF4MvZt2jncH6UyBsAd7QeFXa5Yib75XXxGRwETCjoBKmJ","tag":"contract","timestamp":"2025-01-15T13:49:40.894Z"}
{"level":"info","message":"Transaction successful: 3uJgaHjT9RbyPvAgMnHBQkY5ShXNoX5hsB9HSvuRSb16JUhiUcMiZ65TTeF4ZziHnmnt8SAATXEgdVG6JkMVkhF9","tag":"contract","timestamp":"2025-01-15T13:49:42.761Z"}
{"level":"info","message":"Transaction successful: 49ZWV9ZS6BagwUvXyJryimeR7fhMs8n9nU3aiZ9phdYnQUpP1xaTDy9f1uCKZwLzeEzESfWhYTzp7mRJBUthjzQc","tag":"contract","timestamp":"2025-01-15T13:59:08.880Z"}
{"level":"info","message":"Transaction successful: 31Ag9ATBiXa8H1Zgte5tZ3hYeT31n9hSX6T7vP5nPGyYoF7aGakwYyrZvqKocbnUnJCAxbZusKPiWmAwrDfKQZ3N","tag":"contract","timestamp":"2025-01-15T13:59:09.150Z"}
{"level":"info","message":"Transaction successful: 4gitcDaCEPmmioJsANtz6n4JTzVVuiKyd7XS6LB9PFioxFioVNdfQkzmX9VqqeQpBZ2rbKSrPx4WnibovLVPDFY3","tag":"contract","timestamp":"2025-01-15T13:59:09.842Z"}
{"level":"info","message":"Transaction successful: 4vX4f5pAwjsmPb3jtEmFEfeBoZUm1FbtaWBgWSxs3wdMk6N8Z1uQiZMfePJuS5uHQUEmbG89wsjWVfUS2nMBBpcH","tag":"contract","timestamp":"2025-01-15T14:00:06.997Z"}
{"level":"info","message":"Transaction successful: 5BQHWsNGp25uE4DGN4B1M5Lu2EZkPq6oBy49MNubnFeAh9EfagPCvQ1rE6ZnRiarDMeRbYJxEUHgpwxyo37NJMgn","tag":"contract","timestamp":"2025-01-15T14:06:08.271Z"}
{"level":"info","message":"Transaction successful: 3psFYix6qW5foqkgdHNnXc7uNbPZ9qf9iMh6QUQJDRgdnyK9DazG4S92fJ1hLXRfTMyWgiU3mfs56W2D3iVTgW5","tag":"contract","timestamp":"2025-01-15T14:06:08.752Z"}
{"level":"info","message":"Transaction successful: 4vwVBRPqDXBbnehisU6RmD9Awz2cuQPrrHZHPJ94adf7hqeyFWG9wBXMtEJZ63SuzsCL9E2APzaKL1oJ7craM59M","tag":"contract","timestamp":"2025-01-15T14:06:09.208Z"}
{"level":"info","message":"Transaction successful: 2aMnERe1PLEL4s7WQiL2TCDAQhdTitWy4Jfm6th6MoFv2UBqR5wptQPVfoLYydJoENP7K6Ch9KYzowKuTiKJqPSs","tag":"contract","timestamp":"2025-01-15T14:07:02.905Z"}
{"level":"info","message":"Transaction successful: 2aMnERe1PLEL4s7WQiL2TCDAQhdTitWy4Jfm6th6MoFv2UBqR5wptQPVfoLYydJoENP7K6Ch9KYzowKuTiKJqPSs","tag":"contract","timestamp":"2025-01-15T14:07:03.000Z"}
{"level":"info","message":"Transaction successful: 5enpnURg2zV4QVA2eSBV8cvNFouKzL6HWwzk1Nv7L2q3JaMGbyaJrUbbT6kaZF3uEKXyxg9ZY1ZAcSzy6ovCSMBy","tag":"contract","timestamp":"2025-01-15T14:07:05.696Z"}
{"level":"info","message":"Transaction successful: 4NRFta5Vy3BmUbzKSAi89eDfKFRdL2ezg9cyY1KU4VstrB4mW6sZv2acGNYT316RcrjcGWMy7fSNVocMc5JZFLJx","tag":"contract","timestamp":"2025-03-15T12:08:12.610Z"}
{"level":"info","message":"Transaction successful: 2B7uXkAZ5EmLrJGBfi5jTKibZDEbxWNF2aG1DEMTrKxoeguC9dACAVBxjzNeXTEdMKB1rYSwoCJTJdEX9A2t46u7","tag":"contract","timestamp":"2025-03-15T12:08:49.936Z"}
{"level":"info","message":"Transaction successful: hWPx5VwsQed1mBn8xyXv39H8P2wu8f1MBsuYmXGnScis1Tgtc6dA3FGWNby7VMjRc2ZKiXimrmUdYCEaUXwuT4r","tag":"contract","timestamp":"2025-03-15T12:08:53.582Z"}
{"level":"info","message":"Transaction successful: 5bDAnC36TBh2uMQHXKWkMdKbhBV9eGDr6oeHviehLf3A9tV8C4qyUH4qz8rxE3m4tbup91C61n7uE6zLPoeDAHqd","tag":"contract","timestamp":"2025-03-15T12:09:00.399Z"}
{"level":"info","message":"Transaction successful: 44V5HfkFpCtBeRt1kTYYaxzNDwkf73s5RcGyZPHmhMVXAbbCzWWiiw4xhG1PzEdag1pAsVPfUD773op47dX1u9mJ","tag":"contract","timestamp":"2025-03-15T12:09:00.729Z"}
{"level":"info","message":"Transaction successful: 367nVJaExTer8NZwMzjemCPCfQBC2Cc3xn6XKyLSfpZ4NZzwCy6zpCxGesS1estvFy1DUHD1q2XgJ543RGNCos6X","tag":"contract","timestamp":"2025-03-15T12:09:00.958Z"}
{"level":"info","message":"Transaction successful: 5oiKkLbDX8VmTWHJWxoxdtoqwuGPKhganXXwJvSqFLj6bsLKGWGabLsLjfaRWXTJn2tiB2VauoYf7VHK2fBYJDiq","tag":"contract","timestamp":"2025-03-15T12:09:02.265Z"}
{"level":"info","message":"Transaction successful: 5oiKkLbDX8VmTWHJWxoxdtoqwuGPKhganXXwJvSqFLj6bsLKGWGabLsLjfaRWXTJn2tiB2VauoYf7VHK2fBYJDiq","tag":"contract","timestamp":"2025-03-15T12:09:02.267Z"}
{"level":"info","message":"Transaction successful: 38QTybi3aKhEsnje9Wa7esCi1rjg62kokG3QDzRiuifyLtqnA5S3z1kBamPGT3a3C7f2SRv6G1XYuuyBKHp33ego","tag":"contract","timestamp":"2025-03-15T12:09:04.710Z"}
