{"level":"error","message":"Error interacting with contract: ENOENT: no such file or directory, open 'F:\\projets\\CryptoHunter-NFT\\idle-mammouth\\mammouth-ts\\backend\\gmoth.json'","tag":"contract","timestamp":"2025-01-11T20:20:43.827Z"}
{"level":"error","message":"Error interacting with contract: ENOENT: no such file or directory, open 'F:\\projets\\CryptoHunter-NFT\\idle-mammouth\\mammouth-ts\\backend\\utils\\gmoth.json'","tag":"contract","timestamp":"2025-01-11T20:21:04.158Z"}
{"level":"error","message":"Error interacting with contract: ENOENT: no such file or directory, open 'F:\\projets\\CryptoHunter-NFT\\idle-mammouth\\mammouth-ts\\backend\\utils\\gmoth.json'","tag":"contract","timestamp":"2025-01-11T20:27:52.730Z"}
{"level":"error","message":"Error interacting with contract: ENOENT: no such file or directory, open 'F:\\projets\\CryptoHunter-NFT\\idle-mammouth\\mammouth-ts\\backend\\utils\\gmoth.json'","tag":"contract","timestamp":"2025-01-11T20:27:54.375Z"}
{"level":"error","message":"Error interacting with contract: ENOENT: no such file or directory, open 'F:\\projets\\CryptoHunter-NFT\\idle-mammouth\\mammouth-ts\\backend\\utils\\gmoth.json'","tag":"contract","timestamp":"2025-01-11T20:27:54.548Z"}
{"level":"error","message":"Error interacting with contract: ENOENT: no such file or directory, open 'F:\\projets\\CryptoHunter-NFT\\idle-mammouth\\mammouth-ts\\backend\\utils\\gmoth.json'","tag":"contract","timestamp":"2025-01-11T20:27:54.728Z"}
{"level":"error","message":"Error interacting with contract: ENOENT: no such file or directory, open 'F:\\projets\\CryptoHunter-NFT\\idle-mammouth\\mammouth-ts\\backend\\utils\\gmoth.json'","tag":"contract","timestamp":"2025-01-11T20:27:54.900Z"}
{"level":"error","message":"Error interacting with contract: ENOENT: no such file or directory, open 'F:\\projets\\CryptoHunter-NFT\\idle-mammouth\\mammouth-ts\\backend\\utils\\gmoth.json'","tag":"contract","timestamp":"2025-01-11T20:27:55.080Z"}
{"level":"error","message":"Error interacting with contract: ENOENT: no such file or directory, open 'F:\\projets\\CryptoHunter-NFT\\idle-mammouth\\mammouth-ts\\backend\\utils\\gmoth.json'","tag":"contract","timestamp":"2025-01-11T20:33:11.836Z"}
{"level":"error","message":"Error interacting with contract: ENOENT: no such file or directory, open 'F:\\projets\\CryptoHunter-NFT\\idle-mammouth\\mammouth-ts\\backend\\utils\\gmoth.json'","tag":"contract","timestamp":"2025-01-11T20:33:15.947Z"}
{"level":"error","message":"Error interacting with contract: ENOENT: no such file or directory, open 'F:\\projets\\CryptoHunter-NFT\\idle-mammouth\\mammouth-ts\\backend\\utils\\gmoth.json'","tag":"contract","timestamp":"2025-01-11T20:33:16.163Z"}
{"level":"error","message":"Error interacting with contract: ENOENT: no such file or directory, open 'F:\\projets\\CryptoHunter-NFT\\idle-mammouth\\mammouth-ts\\backend\\utils\\gmoth.json'","tag":"contract","timestamp":"2025-01-11T20:33:16.387Z"}
{"level":"error","message":"Error interacting with contract: ENOENT: no such file or directory, open 'F:\\projets\\CryptoHunter-NFT\\idle-mammouth\\mammouth-ts\\backend\\utils\\gmoth.json'","tag":"contract","timestamp":"2025-01-11T20:33:16.590Z"}
{"level":"error","message":"Error interacting with contract: ENOENT: no such file or directory, open 'F:\\projets\\CryptoHunter-NFT\\idle-mammouth\\mammouth-ts\\backend\\utils\\gmoth.json'","tag":"contract","timestamp":"2025-01-11T20:33:16.786Z"}
{"level":"error","message":"Error interacting with contract: ENOENT: no such file or directory, open 'F:\\projets\\CryptoHunter-NFT\\idle-mammouth\\mammouth-ts\\backend\\utils\\gmoth.json'","tag":"contract","timestamp":"2025-01-11T20:33:16.972Z"}
{"level":"error","message":"Error interacting with contract: ENOENT: no such file or directory, open 'F:\\projets\\CryptoHunter-NFT\\idle-mammouth\\mammouth-ts\\backend\\utils\\gmoth.json'","tag":"contract","timestamp":"2025-01-11T20:33:17.157Z"}
{"level":"error","message":"Error interacting with contract: ENOENT: no such file or directory, open 'F:\\projets\\CryptoHunter-NFT\\idle-mammouth\\mammouth-ts\\backend\\utils\\gmoth.json'","tag":"contract","timestamp":"2025-01-11T20:33:17.369Z"}
{"level":"error","message":"Error interacting with contract: ENOENT: no such file or directory, open 'F:\\projets\\CryptoHunter-NFT\\idle-mammouth\\mammouth-ts\\backend\\utils\\gmoth.json'","tag":"contract","timestamp":"2025-01-11T20:33:17.552Z"}
{"level":"error","message":"Error interacting with contract: ENOENT: no such file or directory, open 'F:\\projets\\CryptoHunter-NFT\\idle-mammouth\\mammouth-ts\\backend\\utils\\gmoth.json'","tag":"contract","timestamp":"2025-01-11T20:33:17.776Z"}
{"level":"error","message":"Error interacting with contract: ENOENT: no such file or directory, open 'F:\\projets\\CryptoHunter-NFT\\idle-mammouth\\mammouth-ts\\backend\\utils\\gmoth.json'","tag":"contract","timestamp":"2025-01-11T20:33:18.341Z"}
{"level":"error","message":"Error interacting with contract: ENOENT: no such file or directory, open 'F:\\projets\\CryptoHunter-NFT\\idle-mammouth\\mammouth-ts\\backend\\utils\\gmoth.json'","tag":"contract","timestamp":"2025-01-11T20:33:18.528Z"}
{"level":"error","message":"Error interacting with contract: ENOENT: no such file or directory, open 'F:\\projets\\CryptoHunter-NFT\\idle-mammouth\\mammouth-ts\\backend\\utils\\gmoth.json'","tag":"contract","timestamp":"2025-01-11T20:33:18.692Z"}
{"level":"error","message":"Error interacting with contract: ENOENT: no such file or directory, open 'F:\\projets\\CryptoHunter-NFT\\idle-mammouth\\mammouth-ts\\backend\\utils\\gmoth.json'","tag":"contract","timestamp":"2025-01-11T20:33:18.892Z"}
{"level":"error","message":"Error interacting with contract: ENOENT: no such file or directory, open 'F:\\projets\\CryptoHunter-NFT\\idle-mammouth\\mammouth-ts\\backend\\utils\\gmoth.json'","tag":"contract","timestamp":"2025-01-11T20:33:19.075Z"}
{"level":"error","message":"Error interacting with contract: ENOENT: no such file or directory, open 'F:\\projets\\CryptoHunter-NFT\\idle-mammouth\\mammouth-ts\\backend\\utils\\gmoth.json'","tag":"contract","timestamp":"2025-01-11T20:33:19.275Z"}
{"level":"error","message":"Error interacting with contract: ENOENT: no such file or directory, open 'F:\\projets\\CryptoHunter-NFT\\idle-mammouth\\mammouth-ts\\backend\\utils\\gmoth.json'","tag":"contract","timestamp":"2025-01-11T20:33:19.368Z"}
{"level":"error","message":"Error interacting with contract: ENOENT: no such file or directory, open 'F:\\projets\\CryptoHunter-NFT\\idle-mammouth\\mammouth-ts\\backend\\utils\\gmoth.json'","tag":"contract","timestamp":"2025-01-11T20:33:19.511Z"}
{"level":"error","message":"Error interacting with contract: ENOENT: no such file or directory, open 'F:\\projets\\CryptoHunter-NFT\\idle-mammouth\\mammouth-ts\\backend\\utils\\gmoth.json'","tag":"contract","timestamp":"2025-01-11T20:33:19.603Z"}
{"level":"error","message":"Error interacting with contract: ENOENT: no such file or directory, open 'F:\\projets\\CryptoHunter-NFT\\idle-mammouth\\mammouth-ts\\backend\\utils\\gmoth.json'","tag":"contract","timestamp":"2025-01-11T20:33:19.742Z"}
{"level":"error","message":"Error interacting with contract: ENOENT: no such file or directory, open 'F:\\projets\\CryptoHunter-NFT\\idle-mammouth\\mammouth-ts\\backend\\utils\\gmoth.json'","tag":"contract","timestamp":"2025-01-11T20:33:19.826Z"}
{"level":"error","message":"Error interacting with contract: ENOENT: no such file or directory, open 'F:\\projets\\CryptoHunter-NFT\\idle-mammouth\\mammouth-ts\\backend\\utils\\gmoth.json'","tag":"contract","timestamp":"2025-01-11T20:33:20.059Z"}
{"level":"error","message":"Error interacting with contract: ENOENT: no such file or directory, open 'F:\\projets\\CryptoHunter-NFT\\idle-mammouth\\mammouth-ts\\backend\\utils\\gmoth.json'","tag":"contract","timestamp":"2025-01-11T20:33:20.282Z"}
{"level":"error","message":"Error interacting with contract: ENOENT: no such file or directory, open 'F:\\projets\\CryptoHunter-NFT\\idle-mammouth\\mammouth-ts\\backend\\utils\\gmoth.json'","tag":"contract","timestamp":"2025-01-11T20:33:20.526Z"}
{"level":"error","message":"Error interacting with contract: ENOENT: no such file or directory, open 'F:\\projets\\CryptoHunter-NFT\\idle-mammouth\\mammouth-ts\\backend\\utils\\gmoth.json'","tag":"contract","timestamp":"2025-01-11T20:33:20.741Z"}
{"level":"error","message":"Error interacting with contract: ENOENT: no such file or directory, open 'F:\\projets\\CryptoHunter-NFT\\idle-mammouth\\mammouth-ts\\backend\\utils\\gmoth.json'","tag":"contract","timestamp":"2025-01-11T20:33:20.961Z"}
{"level":"error","message":"Error interacting with contract: ENOENT: no such file or directory, open 'F:\\projets\\CryptoHunter-NFT\\idle-mammouth\\mammouth-ts\\backend\\utils\\gmoth.json'","tag":"contract","timestamp":"2025-01-11T20:33:21.200Z"}
{"level":"error","message":"Error interacting with contract: ENOENT: no such file or directory, open 'F:\\projets\\CryptoHunter-NFT\\idle-mammouth\\mammouth-ts\\backend\\utils\\gmoth.json'","tag":"contract","timestamp":"2025-01-11T20:33:21.637Z"}
{"level":"error","message":"Error interacting with contract: ENOENT: no such file or directory, open 'F:\\projets\\CryptoHunter-NFT\\idle-mammouth\\mammouth-ts\\backend\\utils\\gmoth.json'","tag":"contract","timestamp":"2025-01-11T20:33:21.841Z"}
{"level":"error","message":"Error interacting with contract: ENOENT: no such file or directory, open 'F:\\projets\\CryptoHunter-NFT\\idle-mammouth\\mammouth-ts\\backend\\utils\\gmoth.json'","tag":"contract","timestamp":"2025-01-11T20:33:22.013Z"}
{"level":"error","message":"Error interacting with contract: ENOENT: no such file or directory, open 'F:\\projets\\CryptoHunter-NFT\\idle-mammouth\\mammouth-ts\\backend\\utils\\gmoth.json'","tag":"contract","timestamp":"2025-01-11T20:33:22.191Z"}
{"level":"error","message":"Error interacting with contract: ENOENT: no such file or directory, open 'F:\\projets\\CryptoHunter-NFT\\idle-mammouth\\mammouth-ts\\backend\\utils\\gmoth.json'","tag":"contract","timestamp":"2025-01-11T20:33:22.719Z"}
{"level":"error","message":"Error interacting with contract: ENOENT: no such file or directory, open 'F:\\projets\\CryptoHunter-NFT\\idle-mammouth\\mammouth-ts\\backend\\utils\\gmoth.json'","tag":"contract","timestamp":"2025-01-11T20:33:22.882Z"}
{"level":"error","message":"Error interacting with contract: bad secret key size","tag":"contract","timestamp":"2025-01-11T20:34:44.236Z"}
{"level":"error","message":"Error interacting with contract: Cannot read properties of undefined (reading '_bn')","tag":"contract","timestamp":"2025-01-11T20:35:29.124Z"}
{"level":"error","message":"Error interacting with contract: Cannot read properties of undefined (reading '_bn')","tag":"contract","timestamp":"2025-01-11T20:35:48.547Z"}
{"level":"error","message":"Error interacting with contract: Error interacting with contract: Simulation failed. \nMessage: Transaction simulation failed: This transaction has already been processed. \nLogs: \n[]. \nCatch the `SendTransactionError` and call `getLogs()` on it for full details.","tag":"contract","timestamp":"2025-01-11T20:36:54.996Z"}
{"level":"error","message":"Error interacting with contract: Error interacting with contract: Simulation failed. \nMessage: Transaction simulation failed: This transaction has already been processed. \nLogs: \n[]. \nCatch the `SendTransactionError` and call `getLogs()` on it for full details.","tag":"contract","timestamp":"2025-01-11T20:36:56.020Z"}
{"level":"error","message":"Error interacting with contract: Error interacting with contract: Simulation failed. \nMessage: Transaction simulation failed: This transaction has already been processed. \nLogs: \n[]. \nCatch the `SendTransactionError` and call `getLogs()` on it for full details.","tag":"contract","timestamp":"2025-01-11T20:36:57.426Z"}
{"level":"error","message":"Error interacting with contract: Error interacting with contract: Simulation failed. \nMessage: Transaction simulation failed: This transaction has already been processed. \nLogs: \n[]. \nCatch the `SendTransactionError` and call `getLogs()` on it for full details.","tag":"contract","timestamp":"2025-01-11T23:09:39.423Z"}
{"level":"error","message":"Error interacting with contract: Error interacting with contract: Simulation failed. \nMessage: Transaction simulation failed: This transaction has already been processed. \nLogs: \n[]. \nCatch the `SendTransactionError` and call `getLogs()` on it for full details.","tag":"contract","timestamp":"2025-01-11T23:12:24.455Z"}
